{"/home/user/balltalkapp/jest.config.js": {"path":"/home/user/balltalkapp/jest.config.js","statementMap":{"0":{"start":{"line":1,"column":0},"end":{"line":20,"column":2}}},"fnMap":{},"branchMap":{},"s":{"0":0},"f":{},"b":{}}
,"/home/user/balltalkapp/.expo/types/router.d.ts": {"path":"/home/user/balltalkapp/.expo/types/router.d.ts","statementMap":{},"fnMap":{},"branchMap":{},"s":{},"f":{},"b":{}}
,"/home/user/balltalkapp/app/_layout.tsx": {"path":"/home/user/balltalkapp/app/_layout.tsx","statementMap":{"0":{"start":{"line":6,"column":2},"end":{"line":10,"column":4}}},"fnMap":{"0":{"name":"RootLayout","decl":{"start":{"line":4,"column":24},"end":{"line":4,"column":34}},"loc":{"start":{"line":4,"column":37},"end":{"line":11,"column":1}},"line":4}},"branchMap":{},"s":{"0":0},"f":{"0":0},"b":{}}
,"/home/user/balltalkapp/app/athlete-examples.tsx": {"path":"/home/user/balltalkapp/app/athlete-examples.tsx","statementMap":{"0":{"start":{"line":16,"column":17},"end":{"line":16,"column":28}},"1":{"start":{"line":17,"column":18},"end":{"line":17,"column":67}},"2":{"start":{"line":20,"column":22},"end":{"line":34,"column":3}},"3":{"start":{"line":36,"column":2},"end":{"line":151,"column":4}},"4":{"start":{"line":67,"column":29},"end":{"line":67,"column":42}},"5":{"start":{"line":90,"column":34},"end":{"line":90,"column":90}},"6":{"start":{"line":91,"column":34},"end":{"line":91,"column":76}},"7":{"start":{"line":92,"column":32},"end":{"line":92,"column":79}},"8":{"start":{"line":154,"column":15},"end":{"line":195,"column":2}}},"fnMap":{"0":{"name":"AthleteExamples","decl":{"start":{"line":15,"column":24},"end":{"line":15,"column":39}},"loc":{"start":{"line":15,"column":42},"end":{"line":152,"column":1}},"line":15},"1":{"name":"(anonymous_1)","decl":{"start":{"line":67,"column":23},"end":{"line":67,"column":24}},"loc":{"start":{"line":67,"column":29},"end":{"line":67,"column":42}},"line":67},"2":{"name":"(anonymous_2)","decl":{"start":{"line":90,"column":28},"end":{"line":90,"column":29}},"loc":{"start":{"line":90,"column":34},"end":{"line":90,"column":90}},"line":90},"3":{"name":"(anonymous_3)","decl":{"start":{"line":91,"column":28},"end":{"line":91,"column":29}},"loc":{"start":{"line":91,"column":34},"end":{"line":91,"column":76}},"line":91},"4":{"name":"(anonymous_4)","decl":{"start":{"line":92,"column":26},"end":{"line":92,"column":27}},"loc":{"start":{"line":92,"column":32},"end":{"line":92,"column":79}},"line":92}},"branchMap":{"0":{"loc":{"start":{"line":39,"column":18},"end":{"line":39,"column":74}},"type":"cond-expr","locations":[{"start":{"line":39,"column":42},"end":{"line":39,"column":57}},{"start":{"line":39,"column":60},"end":{"line":39,"column":74}}],"line":39}},"s":{"0":0,"1":0,"2":0,"3":0,"4":0,"5":0,"6":0,"7":0,"8":0},"f":{"0":0,"1":0,"2":0,"3":0,"4":0},"b":{"0":[0,0]}}
,"/home/user/balltalkapp/app/index.tsx": {"path":"/home/user/balltalkapp/app/index.tsx","statementMap":{"0":{"start":{"line":6,"column":2},"end":{"line":6,"column":37}}},"fnMap":{"0":{"name":"Index","decl":{"start":{"line":4,"column":24},"end":{"line":4,"column":29}},"loc":{"start":{"line":4,"column":32},"end":{"line":7,"column":1}},"line":4}},"branchMap":{},"s":{"0":0},"f":{"0":0},"b":{}}
,"/home/user/balltalkapp/app/(auth)/_layout.tsx": {"path":"/home/user/balltalkapp/app/(auth)/_layout.tsx","statementMap":{"0":{"start":{"line":4,"column":2},"end":{"line":8,"column":4}}},"fnMap":{"0":{"name":"AuthLayout","decl":{"start":{"line":3,"column":24},"end":{"line":3,"column":34}},"loc":{"start":{"line":3,"column":37},"end":{"line":9,"column":1}},"line":3}},"branchMap":{},"s":{"0":0},"f":{"0":0},"b":{}}
,"/home/user/balltalkapp/app/(auth)/athlete-signup.tsx": {"path":"/home/user/balltalkapp/app/(auth)/athlete-signup.tsx","statementMap":{"0":{"start":{"line":7,"column":17},"end":{"line":7,"column":28}},"1":{"start":{"line":9,"column":30},"end":{"line":11,"column":3}},"2":{"start":{"line":10,"column":4},"end":{"line":10,"column":20}},"3":{"start":{"line":13,"column":2},"end":{"line":17,"column":4}},"4":{"start":{"line":20,"column":15},"end":{"line":25,"column":2}}},"fnMap":{"0":{"name":"AthleteSignupScreen","decl":{"start":{"line":6,"column":24},"end":{"line":6,"column":43}},"loc":{"start":{"line":6,"column":46},"end":{"line":18,"column":1}},"line":6},"1":{"name":"(anonymous_1)","decl":{"start":{"line":9,"column":30},"end":{"line":9,"column":31}},"loc":{"start":{"line":9,"column":36},"end":{"line":11,"column":3}},"line":9}},"branchMap":{},"s":{"0":0,"1":0,"2":0,"3":0,"4":0},"f":{"0":0,"1":0},"b":{}}
,"/home/user/balltalkapp/app/(auth)/fan-hub.tsx": {"path":"/home/user/balltalkapp/app/(auth)/fan-hub.tsx","statementMap":{"0":{"start":{"line":6,"column":2},"end":{"line":11,"column":4}},"1":{"start":{"line":14,"column":15},"end":{"line":19,"column":2}}},"fnMap":{"0":{"name":"FanHubScreen","decl":{"start":{"line":5,"column":24},"end":{"line":5,"column":36}},"loc":{"start":{"line":5,"column":39},"end":{"line":12,"column":1}},"line":5}},"branchMap":{},"s":{"0":0,"1":0},"f":{"0":0},"b":{}}
,"/home/user/balltalkapp/app/(auth)/index.tsx": {"path":"/home/user/balltalkapp/app/(auth)/index.tsx","statementMap":{"0":{"start":{"line":6,"column":2},"end":{"line":6,"column":43}}},"fnMap":{"0":{"name":"AuthIndex","decl":{"start":{"line":4,"column":24},"end":{"line":4,"column":33}},"loc":{"start":{"line":4,"column":36},"end":{"line":7,"column":1}},"line":4}},"branchMap":{},"s":{"0":0},"f":{"0":0},"b":{}}
,"/home/user/balltalkapp/app/(auth)/login.tsx": {"path":"/home/user/balltalkapp/app/(auth)/login.tsx","statementMap":{"0":{"start":{"line":17,"column":14},"end":{"line":200,"column":1}},"1":{"start":{"line":18,"column":27},"end":{"line":18,"column":36}},"2":{"start":{"line":19,"column":28},"end":{"line":19,"column":40}},"3":{"start":{"line":20,"column":34},"end":{"line":20,"column":46}},"4":{"start":{"line":21,"column":36},"end":{"line":21,"column":51}},"5":{"start":{"line":22,"column":42},"end":{"line":22,"column":54}},"6":{"start":{"line":25,"column":48},"end":{"line":25,"column":63}},"7":{"start":{"line":28,"column":2},"end":{"line":32,"column":13}},"8":{"start":{"line":29,"column":4},"end":{"line":31,"column":5}},"9":{"start":{"line":30,"column":6},"end":{"line":30,"column":32}},"10":{"start":{"line":34,"column":22},"end":{"line":80,"column":3}},"11":{"start":{"line":35,"column":4},"end":{"line":38,"column":5}},"12":{"start":{"line":36,"column":6},"end":{"line":36,"column":67}},"13":{"start":{"line":37,"column":6},"end":{"line":37,"column":13}},"14":{"start":{"line":40,"column":4},"end":{"line":40,"column":23}},"15":{"start":{"line":41,"column":4},"end":{"line":41,"column":24}},"16":{"start":{"line":43,"column":4},"end":{"line":79,"column":5}},"17":{"start":{"line":44,"column":6},"end":{"line":44,"column":56}},"18":{"start":{"line":45,"column":6},"end":{"line":45,"column":36}},"19":{"start":{"line":46,"column":6},"end":{"line":46,"column":40}},"20":{"start":{"line":49,"column":6},"end":{"line":49,"column":43}},"21":{"start":{"line":52,"column":20},"end":{"line":52,"column":47}},"22":{"start":{"line":53,"column":6},"end":{"line":73,"column":7}},"23":{"start":{"line":54,"column":8},"end":{"line":72,"column":9}},"24":{"start":{"line":56,"column":12},"end":{"line":56,"column":56}},"25":{"start":{"line":57,"column":12},"end":{"line":57,"column":18}},"26":{"start":{"line":59,"column":12},"end":{"line":59,"column":61}},"27":{"start":{"line":60,"column":12},"end":{"line":60,"column":18}},"28":{"start":{"line":62,"column":12},"end":{"line":62,"column":58}},"29":{"start":{"line":63,"column":12},"end":{"line":63,"column":18}},"30":{"start":{"line":65,"column":12},"end":{"line":65,"column":44}},"31":{"start":{"line":66,"column":12},"end":{"line":66,"column":18}},"32":{"start":{"line":68,"column":12},"end":{"line":68,"column":69}},"33":{"start":{"line":69,"column":12},"end":{"line":69,"column":18}},"34":{"start":{"line":71,"column":12},"end":{"line":71,"column":75}},"35":{"start":{"line":75,"column":6},"end":{"line":75,"column":31}},"36":{"start":{"line":76,"column":6},"end":{"line":76,"column":43}},"37":{"start":{"line":78,"column":6},"end":{"line":78,"column":26}},"38":{"start":{"line":82,"column":23},"end":{"line":84,"column":3}},"39":{"start":{"line":83,"column":4},"end":{"line":83,"column":27}},"40":{"start":{"line":86,"column":31},"end":{"line":98,"column":3}},"41":{"start":{"line":87,"column":4},"end":{"line":93,"column":5}},"42":{"start":{"line":88,"column":6},"end":{"line":88,"column":38}},"43":{"start":{"line":89,"column":6},"end":{"line":89,"column":33}},"44":{"start":{"line":91,"column":6},"end":{"line":91,"column":34}},"45":{"start":{"line":92,"column":6},"end":{"line":92,"column":33}},"46":{"start":{"line":95,"column":4},"end":{"line":97,"column":12}},"47":{"start":{"line":96,"column":6},"end":{"line":96,"column":20}},"48":{"start":{"line":100,"column":2},"end":{"line":199,"column":4}},"49":{"start":{"line":144,"column":29},"end":{"line":144,"column":47}},"50":{"start":{"line":145,"column":27},"end":{"line":145,"column":46}},"51":{"start":{"line":157,"column":25},"end":{"line":157,"column":48}},"52":{"start":{"line":166,"column":25},"end":{"line":166,"column":61}},"53":{"start":{"line":180,"column":29},"end":{"line":180,"column":60}},"54":{"start":{"line":189,"column":29},"end":{"line":189,"column":56}},"55":{"start":{"line":202,"column":15},"end":{"line":331,"column":2}}},"fnMap":{"0":{"name":"(anonymous_0)","decl":{"start":{"line":17,"column":14},"end":{"line":17,"column":15}},"loc":{"start":{"line":17,"column":20},"end":{"line":200,"column":1}},"line":17},"1":{"name":"(anonymous_1)","decl":{"start":{"line":28,"column":12},"end":{"line":28,"column":13}},"loc":{"start":{"line":28,"column":18},"end":{"line":32,"column":3}},"line":28},"2":{"name":"(anonymous_2)","decl":{"start":{"line":34,"column":22},"end":{"line":34,"column":23}},"loc":{"start":{"line":34,"column":34},"end":{"line":80,"column":3}},"line":34},"3":{"name":"(anonymous_3)","decl":{"start":{"line":82,"column":23},"end":{"line":82,"column":24}},"loc":{"start":{"line":82,"column":29},"end":{"line":84,"column":3}},"line":82},"4":{"name":"(anonymous_4)","decl":{"start":{"line":86,"column":31},"end":{"line":86,"column":32}},"loc":{"start":{"line":86,"column":60},"end":{"line":98,"column":3}},"line":86},"5":{"name":"(anonymous_5)","decl":{"start":{"line":95,"column":15},"end":{"line":95,"column":16}},"loc":{"start":{"line":95,"column":21},"end":{"line":97,"column":5}},"line":95},"6":{"name":"(anonymous_6)","decl":{"start":{"line":144,"column":23},"end":{"line":144,"column":24}},"loc":{"start":{"line":144,"column":29},"end":{"line":144,"column":47}},"line":144},"7":{"name":"(anonymous_7)","decl":{"start":{"line":145,"column":21},"end":{"line":145,"column":22}},"loc":{"start":{"line":145,"column":27},"end":{"line":145,"column":46}},"line":145},"8":{"name":"(anonymous_8)","decl":{"start":{"line":157,"column":19},"end":{"line":157,"column":20}},"loc":{"start":{"line":157,"column":25},"end":{"line":157,"column":48}},"line":157},"9":{"name":"(anonymous_9)","decl":{"start":{"line":166,"column":19},"end":{"line":166,"column":20}},"loc":{"start":{"line":166,"column":25},"end":{"line":166,"column":61}},"line":166},"10":{"name":"(anonymous_10)","decl":{"start":{"line":180,"column":23},"end":{"line":180,"column":24}},"loc":{"start":{"line":180,"column":29},"end":{"line":180,"column":60}},"line":180},"11":{"name":"(anonymous_11)","decl":{"start":{"line":189,"column":23},"end":{"line":189,"column":24}},"loc":{"start":{"line":189,"column":29},"end":{"line":189,"column":56}},"line":189}},"branchMap":{"0":{"loc":{"start":{"line":29,"column":4},"end":{"line":31,"column":5}},"type":"if","locations":[{"start":{"line":29,"column":4},"end":{"line":31,"column":5}},{"start":{},"end":{}}],"line":29},"1":{"loc":{"start":{"line":35,"column":4},"end":{"line":38,"column":5}},"type":"if","locations":[{"start":{"line":35,"column":4},"end":{"line":38,"column":5}},{"start":{},"end":{}}],"line":35},"2":{"loc":{"start":{"line":35,"column":8},"end":{"line":35,"column":27}},"type":"binary-expr","locations":[{"start":{"line":35,"column":8},"end":{"line":35,"column":14}},{"start":{"line":35,"column":18},"end":{"line":35,"column":27}}],"line":35},"3":{"loc":{"start":{"line":53,"column":6},"end":{"line":73,"column":7}},"type":"if","locations":[{"start":{"line":53,"column":6},"end":{"line":73,"column":7}},{"start":{},"end":{}}],"line":53},"4":{"loc":{"start":{"line":54,"column":8},"end":{"line":72,"column":9}},"type":"switch","locations":[{"start":{"line":55,"column":10},"end":{"line":57,"column":18}},{"start":{"line":58,"column":10},"end":{"line":60,"column":18}},{"start":{"line":61,"column":10},"end":{"line":63,"column":18}},{"start":{"line":64,"column":10},"end":{"line":66,"column":18}},{"start":{"line":67,"column":10},"end":{"line":69,"column":18}},{"start":{"line":70,"column":10},"end":{"line":71,"column":75}}],"line":54},"5":{"loc":{"start":{"line":71,"column":22},"end":{"line":71,"column":74}},"type":"binary-expr","locations":[{"start":{"line":71,"column":22},"end":{"line":71,"column":35}},{"start":{"line":71,"column":39},"end":{"line":71,"column":74}}],"line":71},"6":{"loc":{"start":{"line":87,"column":4},"end":{"line":93,"column":5}},"type":"if","locations":[{"start":{"line":87,"column":4},"end":{"line":93,"column":5}},{"start":{"line":90,"column":11},"end":{"line":93,"column":5}}],"line":87},"7":{"loc":{"start":{"line":126,"column":9},"end":{"line":128,"column":16}},"type":"cond-expr","locations":[{"start":{"line":127,"column":10},"end":{"line":127,"column":62}},{"start":{"line":128,"column":12},"end":{"line":128,"column":16}}],"line":126},"8":{"loc":{"start":{"line":131,"column":33},"end":{"line":131,"column":67}},"type":"binary-expr","locations":[{"start":{"line":131,"column":33},"end":{"line":131,"column":42}},{"start":{"line":131,"column":46},"end":{"line":131,"column":67}}],"line":131},"9":{"loc":{"start":{"line":135,"column":11},"end":{"line":139,"column":11}},"type":"cond-expr","locations":[{"start":{"line":136,"column":12},"end":{"line":136,"column":60}},{"start":{"line":138,"column":12},"end":{"line":138,"column":69}}],"line":135},"10":{"loc":{"start":{"line":169,"column":13},"end":{"line":169,"column":74}},"type":"cond-expr","locations":[{"start":{"line":169,"column":31},"end":{"line":169,"column":51}},{"start":{"line":169,"column":54},"end":{"line":169,"column":74}}],"line":169},"11":{"loc":{"start":{"line":173,"column":9},"end":{"line":196,"column":9}},"type":"binary-expr","locations":[{"start":{"line":173,"column":9},"end":{"line":173,"column":24}},{"start":{"line":174,"column":10},"end":{"line":195,"column":17}}],"line":173}},"s":{"0":0,"1":0,"2":0,"3":0,"4":0,"5":0,"6":0,"7":0,"8":0,"9":0,"10":0,"11":0,"12":0,"13":0,"14":0,"15":0,"16":0,"17":0,"18":0,"19":0,"20":0,"21":0,"22":0,"23":0,"24":0,"25":0,"26":0,"27":0,"28":0,"29":0,"30":0,"31":0,"32":0,"33":0,"34":0,"35":0,"36":0,"37":0,"38":0,"39":0,"40":0,"41":0,"42":0,"43":0,"44":0,"45":0,"46":0,"47":0,"48":0,"49":0,"50":0,"51":0,"52":0,"53":0,"54":0,"55":0},"f":{"0":0,"1":0,"2":0,"3":0,"4":0,"5":0,"6":0,"7":0,"8":0,"9":0,"10":0,"11":0},"b":{"0":[0,0],"1":[0,0],"2":[0,0],"3":[0,0],"4":[0,0,0,0,0,0],"5":[0,0],"6":[0,0],"7":[0,0],"8":[0,0],"9":[0,0],"10":[0,0],"11":[0,0]}}
,"/home/user/balltalkapp/app/(auth)/signup.tsx": {"path":"/home/user/balltalkapp/app/(auth)/signup.tsx","statementMap":{"0":{"start":{"line":17,"column":15},"end":{"line":172,"column":1}},"1":{"start":{"line":18,"column":21},"end":{"line":18,"column":30}},"2":{"start":{"line":19,"column":28},"end":{"line":19,"column":40}},"3":{"start":{"line":20,"column":34},"end":{"line":20,"column":46}},"4":{"start":{"line":21,"column":48},"end":{"line":21,"column":60}},"5":{"start":{"line":22,"column":34},"end":{"line":22,"column":46}},"6":{"start":{"line":23,"column":26},"end":{"line":23,"column":60}},"7":{"start":{"line":24,"column":36},"end":{"line":24,"column":51}},"8":{"start":{"line":26,"column":23},"end":{"line":57,"column":3}},"9":{"start":{"line":28,"column":4},"end":{"line":31,"column":5}},"10":{"start":{"line":29,"column":6},"end":{"line":29,"column":56}},"11":{"start":{"line":30,"column":6},"end":{"line":30,"column":13}},"12":{"start":{"line":33,"column":4},"end":{"line":36,"column":5}},"13":{"start":{"line":34,"column":6},"end":{"line":34,"column":53}},"14":{"start":{"line":35,"column":6},"end":{"line":35,"column":13}},"15":{"start":{"line":38,"column":4},"end":{"line":41,"column":5}},"16":{"start":{"line":39,"column":6},"end":{"line":39,"column":69}},"17":{"start":{"line":40,"column":6},"end":{"line":40,"column":13}},"18":{"start":{"line":43,"column":4},"end":{"line":43,"column":23}},"19":{"start":{"line":44,"column":4},"end":{"line":56,"column":5}},"20":{"start":{"line":45,"column":6},"end":{"line":45,"column":70}},"21":{"start":{"line":48,"column":6},"end":{"line":48,"column":52}},"22":{"start":{"line":50,"column":6},"end":{"line":50,"column":74}},"23":{"start":{"line":52,"column":6},"end":{"line":52,"column":44}},"24":{"start":{"line":53,"column":6},"end":{"line":53,"column":110}},"25":{"start":{"line":55,"column":6},"end":{"line":55,"column":26}},"26":{"start":{"line":59,"column":26},"end":{"line":61,"column":3}},"27":{"start":{"line":60,"column":4},"end":{"line":60,"column":29}},"28":{"start":{"line":63,"column":2},"end":{"line":171,"column":4}},"29":{"start":{"line":111,"column":29},"end":{"line":111,"column":43}},"30":{"start":{"line":128,"column":29},"end":{"line":128,"column":47}},"31":{"start":{"line":157,"column":29},"end":{"line":157,"column":47}},"32":{"start":{"line":158,"column":27},"end":{"line":158,"column":46}},"33":{"start":{"line":174,"column":15},"end":{"line":269,"column":2}}},"fnMap":{"0":{"name":"(anonymous_0)","decl":{"start":{"line":17,"column":15},"end":{"line":17,"column":16}},"loc":{"start":{"line":17,"column":21},"end":{"line":172,"column":1}},"line":17},"1":{"name":"(anonymous_1)","decl":{"start":{"line":26,"column":23},"end":{"line":26,"column":24}},"loc":{"start":{"line":26,"column":35},"end":{"line":57,"column":3}},"line":26},"2":{"name":"(anonymous_2)","decl":{"start":{"line":59,"column":26},"end":{"line":59,"column":27}},"loc":{"start":{"line":59,"column":32},"end":{"line":61,"column":3}},"line":59},"3":{"name":"(anonymous_3)","decl":{"start":{"line":111,"column":23},"end":{"line":111,"column":24}},"loc":{"start":{"line":111,"column":29},"end":{"line":111,"column":43}},"line":111},"4":{"name":"(anonymous_4)","decl":{"start":{"line":128,"column":23},"end":{"line":128,"column":24}},"loc":{"start":{"line":128,"column":29},"end":{"line":128,"column":47}},"line":128},"5":{"name":"(anonymous_5)","decl":{"start":{"line":157,"column":23},"end":{"line":157,"column":24}},"loc":{"start":{"line":157,"column":29},"end":{"line":157,"column":47}},"line":157},"6":{"name":"(anonymous_6)","decl":{"start":{"line":158,"column":21},"end":{"line":158,"column":22}},"loc":{"start":{"line":158,"column":27},"end":{"line":158,"column":46}},"line":158}},"branchMap":{"0":{"loc":{"start":{"line":28,"column":4},"end":{"line":31,"column":5}},"type":"if","locations":[{"start":{"line":28,"column":4},"end":{"line":31,"column":5}},{"start":{},"end":{}}],"line":28},"1":{"loc":{"start":{"line":28,"column":8},"end":{"line":28,"column":60}},"type":"binary-expr","locations":[{"start":{"line":28,"column":8},"end":{"line":28,"column":14}},{"start":{"line":28,"column":18},"end":{"line":28,"column":27}},{"start":{"line":28,"column":31},"end":{"line":28,"column":47}},{"start":{"line":28,"column":51},"end":{"line":28,"column":60}}],"line":28},"2":{"loc":{"start":{"line":33,"column":4},"end":{"line":36,"column":5}},"type":"if","locations":[{"start":{"line":33,"column":4},"end":{"line":36,"column":5}},{"start":{},"end":{}}],"line":33},"3":{"loc":{"start":{"line":38,"column":4},"end":{"line":41,"column":5}},"type":"if","locations":[{"start":{"line":38,"column":4},"end":{"line":41,"column":5}},{"start":{},"end":{}}],"line":38},"4":{"loc":{"start":{"line":53,"column":34},"end":{"line":53,"column":108}},"type":"cond-expr","locations":[{"start":{"line":53,"column":59},"end":{"line":53,"column":72}},{"start":{"line":53,"column":75},"end":{"line":53,"column":108}}],"line":53},"5":{"loc":{"start":{"line":109,"column":16},"end":{"line":109,"column":57}},"type":"binary-expr","locations":[{"start":{"line":109,"column":16},"end":{"line":109,"column":30}},{"start":{"line":109,"column":34},"end":{"line":109,"column":57}}],"line":109},"6":{"loc":{"start":{"line":117,"column":18},"end":{"line":117,"column":63}},"type":"binary-expr","locations":[{"start":{"line":117,"column":18},"end":{"line":117,"column":32}},{"start":{"line":117,"column":36},"end":{"line":117,"column":63}}],"line":117},"7":{"loc":{"start":{"line":126,"column":16},"end":{"line":126,"column":61}},"type":"binary-expr","locations":[{"start":{"line":126,"column":16},"end":{"line":126,"column":34}},{"start":{"line":126,"column":38},"end":{"line":126,"column":61}}],"line":126},"8":{"loc":{"start":{"line":134,"column":18},"end":{"line":134,"column":67}},"type":"binary-expr","locations":[{"start":{"line":134,"column":18},"end":{"line":134,"column":36}},{"start":{"line":134,"column":40},"end":{"line":134,"column":67}}],"line":134},"9":{"loc":{"start":{"line":144,"column":33},"end":{"line":144,"column":67}},"type":"binary-expr","locations":[{"start":{"line":144,"column":33},"end":{"line":144,"column":42}},{"start":{"line":144,"column":46},"end":{"line":144,"column":67}}],"line":144},"10":{"loc":{"start":{"line":148,"column":11},"end":{"line":152,"column":11}},"type":"cond-expr","locations":[{"start":{"line":149,"column":12},"end":{"line":149,"column":60}},{"start":{"line":151,"column":12},"end":{"line":151,"column":69}}],"line":148}},"s":{"0":0,"1":0,"2":0,"3":0,"4":0,"5":0,"6":0,"7":0,"8":0,"9":0,"10":0,"11":0,"12":0,"13":0,"14":0,"15":0,"16":0,"17":0,"18":0,"19":0,"20":0,"21":0,"22":0,"23":0,"24":0,"25":0,"26":0,"27":0,"28":0,"29":0,"30":0,"31":0,"32":0,"33":0},"f":{"0":0,"1":0,"2":0,"3":0,"4":0,"5":0,"6":0},"b":{"0":[0,0],"1":[0,0,0,0],"2":[0,0],"3":[0,0],"4":[0,0],"5":[0,0],"6":[0,0],"7":[0,0],"8":[0,0],"9":[0,0],"10":[0,0]}}
,"/home/user/balltalkapp/app/(tabs)/_layout.tsx": {"path":"/home/user/balltalkapp/app/(tabs)/_layout.tsx","statementMap":{"0":{"start":{"line":6,"column":22},"end":{"line":6,"column":38}},"1":{"start":{"line":7,"column":2},"end":{"line":12,"column":4}}},"fnMap":{"0":{"name":"TabsLayout","decl":{"start":{"line":5,"column":24},"end":{"line":5,"column":34}},"loc":{"start":{"line":5,"column":37},"end":{"line":13,"column":1}},"line":5}},"branchMap":{"0":{"loc":{"start":{"line":8,"column":45},"end":{"line":8,"column":88}},"type":"cond-expr","locations":[{"start":{"line":8,"column":70},"end":{"line":8,"column":79}},{"start":{"line":8,"column":82},"end":{"line":8,"column":88}}],"line":8}},"s":{"0":0,"1":0},"f":{"0":0},"b":{"0":[0,0]}}
,"/home/user/balltalkapp/app/(tabs)/admin-verification.tsx": {"path":"/home/user/balltalkapp/app/(tabs)/admin-verification.tsx","statementMap":{"0":{"start":{"line":20,"column":19},"end":{"line":20,"column":28}},"1":{"start":{"line":21,"column":32},"end":{"line":21,"column":46}},"2":{"start":{"line":22,"column":58},"end":{"line":24,"column":7}},"3":{"start":{"line":25,"column":58},"end":{"line":27,"column":9}},"4":{"start":{"line":28,"column":50},"end":{"line":28,"column":65}},"5":{"start":{"line":29,"column":44},"end":{"line":29,"column":56}},"6":{"start":{"line":32,"column":2},"end":{"line":41,"column":13}},"7":{"start":{"line":44,"column":2},"end":{"line":64,"column":9}},"8":{"start":{"line":45,"column":37},"end":{"line":61,"column":5}},"9":{"start":{"line":46,"column":6},"end":{"line":46,"column":23}},"10":{"start":{"line":47,"column":6},"end":{"line":60,"column":7}},"11":{"start":{"line":48,"column":25},"end":{"line":48,"column":83}},"12":{"start":{"line":50,"column":32},"end":{"line":53,"column":11}},"13":{"start":{"line":50,"column":53},"end":{"line":53,"column":9}},"14":{"start":{"line":54,"column":8},"end":{"line":54,"column":49}},"15":{"start":{"line":56,"column":8},"end":{"line":56,"column":69}},"16":{"start":{"line":57,"column":8},"end":{"line":57,"column":69}},"17":{"start":{"line":59,"column":8},"end":{"line":59,"column":26}},"18":{"start":{"line":63,"column":4},"end":{"line":63,"column":31}},"19":{"start":{"line":67,"column":24},"end":{"line":94,"column":3}},"20":{"start":{"line":68,"column":4},"end":{"line":68,"column":22}},"21":{"start":{"line":68,"column":15},"end":{"line":68,"column":22}},"22":{"start":{"line":70,"column":4},"end":{"line":70,"column":30}},"23":{"start":{"line":71,"column":4},"end":{"line":93,"column":5}},"24":{"start":{"line":72,"column":22},"end":{"line":76,"column":7}},"25":{"start":{"line":78,"column":6},"end":{"line":87,"column":7}},"26":{"start":{"line":79,"column":8},"end":{"line":79,"column":77}},"27":{"start":{"line":81,"column":8},"end":{"line":83,"column":10}},"28":{"start":{"line":82,"column":10},"end":{"line":82,"column":52}},"29":{"start":{"line":82,"column":27},"end":{"line":82,"column":51}},"30":{"start":{"line":84,"column":8},"end":{"line":84,"column":38}},"31":{"start":{"line":86,"column":8},"end":{"line":86,"column":71}},"32":{"start":{"line":89,"column":6},"end":{"line":89,"column":60}},"33":{"start":{"line":90,"column":6},"end":{"line":90,"column":69}},"34":{"start":{"line":92,"column":6},"end":{"line":92,"column":33}},"35":{"start":{"line":97,"column":23},"end":{"line":125,"column":3}},"36":{"start":{"line":98,"column":4},"end":{"line":98,"column":22}},"37":{"start":{"line":98,"column":15},"end":{"line":98,"column":22}},"38":{"start":{"line":100,"column":4},"end":{"line":100,"column":30}},"39":{"start":{"line":101,"column":4},"end":{"line":124,"column":5}},"40":{"start":{"line":102,"column":22},"end":{"line":106,"column":7}},"41":{"start":{"line":108,"column":6},"end":{"line":118,"column":7}},"42":{"start":{"line":109,"column":8},"end":{"line":109,"column":64}},"43":{"start":{"line":111,"column":8},"end":{"line":113,"column":10}},"44":{"start":{"line":112,"column":10},"end":{"line":112,"column":52}},"45":{"start":{"line":112,"column":27},"end":{"line":112,"column":51}},"46":{"start":{"line":114,"column":8},"end":{"line":114,"column":38}},"47":{"start":{"line":115,"column":8},"end":{"line":115,"column":29}},"48":{"start":{"line":117,"column":8},"end":{"line":117,"column":70}},"49":{"start":{"line":120,"column":6},"end":{"line":120,"column":60}},"50":{"start":{"line":121,"column":6},"end":{"line":121,"column":68}},"51":{"start":{"line":123,"column":6},"end":{"line":123,"column":33}},"52":{"start":{"line":127,"column":2},"end":{"line":139,"column":3}},"53":{"start":{"line":128,"column":4},"end":{"line":138,"column":6}},"54":{"start":{"line":141,"column":2},"end":{"line":287,"column":4}},"55":{"start":{"line":160,"column":14},"end":{"line":201,"column":21}},"56":{"start":{"line":163,"column":33},"end":{"line":163,"column":70}},"57":{"start":{"line":195,"column":37},"end":{"line":195,"column":74}},"58":{"start":{"line":215,"column":31},"end":{"line":215,"column":60}},"59":{"start":{"line":247,"column":18},"end":{"line":254,"column":25}},"60":{"start":{"line":261,"column":33},"end":{"line":261,"column":67}},"61":{"start":{"line":272,"column":33},"end":{"line":272,"column":68}},"62":{"start":{"line":290,"column":15},"end":{"line":483,"column":2}}},"fnMap":{"0":{"name":"AdminVerificationScreen","decl":{"start":{"line":19,"column":24},"end":{"line":19,"column":47}},"loc":{"start":{"line":19,"column":50},"end":{"line":288,"column":1}},"line":19},"1":{"name":"(anonymous_1)","decl":{"start":{"line":32,"column":12},"end":{"line":32,"column":13}},"loc":{"start":{"line":32,"column":18},"end":{"line":41,"column":3}},"line":32},"2":{"name":"(anonymous_2)","decl":{"start":{"line":44,"column":12},"end":{"line":44,"column":13}},"loc":{"start":{"line":44,"column":18},"end":{"line":64,"column":3}},"line":44},"3":{"name":"(anonymous_3)","decl":{"start":{"line":45,"column":37},"end":{"line":45,"column":38}},"loc":{"start":{"line":45,"column":49},"end":{"line":61,"column":5}},"line":45},"4":{"name":"(anonymous_4)","decl":{"start":{"line":50,"column":45},"end":{"line":50,"column":46}},"loc":{"start":{"line":50,"column":53},"end":{"line":53,"column":9}},"line":50},"5":{"name":"(anonymous_5)","decl":{"start":{"line":67,"column":24},"end":{"line":67,"column":25}},"loc":{"start":{"line":67,"column":86},"end":{"line":94,"column":3}},"line":67},"6":{"name":"(anonymous_6)","decl":{"start":{"line":81,"column":32},"end":{"line":81,"column":33}},"loc":{"start":{"line":82,"column":10},"end":{"line":82,"column":52}},"line":82},"7":{"name":"(anonymous_7)","decl":{"start":{"line":82,"column":22},"end":{"line":82,"column":23}},"loc":{"start":{"line":82,"column":27},"end":{"line":82,"column":51}},"line":82},"8":{"name":"(anonymous_8)","decl":{"start":{"line":97,"column":23},"end":{"line":97,"column":24}},"loc":{"start":{"line":97,"column":85},"end":{"line":125,"column":3}},"line":97},"9":{"name":"(anonymous_9)","decl":{"start":{"line":111,"column":32},"end":{"line":111,"column":33}},"loc":{"start":{"line":112,"column":10},"end":{"line":112,"column":52}},"line":112},"10":{"name":"(anonymous_10)","decl":{"start":{"line":112,"column":22},"end":{"line":112,"column":23}},"loc":{"start":{"line":112,"column":27},"end":{"line":112,"column":51}},"line":112},"11":{"name":"(anonymous_11)","decl":{"start":{"line":159,"column":38},"end":{"line":159,"column":39}},"loc":{"start":{"line":160,"column":14},"end":{"line":201,"column":21}},"line":160},"12":{"name":"(anonymous_12)","decl":{"start":{"line":163,"column":27},"end":{"line":163,"column":28}},"loc":{"start":{"line":163,"column":33},"end":{"line":163,"column":70}},"line":163},"13":{"name":"(anonymous_13)","decl":{"start":{"line":195,"column":31},"end":{"line":195,"column":32}},"loc":{"start":{"line":195,"column":37},"end":{"line":195,"column":74}},"line":195},"14":{"name":"(anonymous_14)","decl":{"start":{"line":215,"column":25},"end":{"line":215,"column":26}},"loc":{"start":{"line":215,"column":31},"end":{"line":215,"column":60}},"line":215},"15":{"name":"(anonymous_15)","decl":{"start":{"line":246,"column":55},"end":{"line":246,"column":56}},"loc":{"start":{"line":247,"column":18},"end":{"line":254,"column":25}},"line":247},"16":{"name":"(anonymous_16)","decl":{"start":{"line":261,"column":27},"end":{"line":261,"column":28}},"loc":{"start":{"line":261,"column":33},"end":{"line":261,"column":67}},"line":261},"17":{"name":"(anonymous_17)","decl":{"start":{"line":272,"column":27},"end":{"line":272,"column":28}},"loc":{"start":{"line":272,"column":33},"end":{"line":272,"column":68}},"line":272}},"branchMap":{"0":{"loc":{"start":{"line":52,"column":14},"end":{"line":52,"column":36}},"type":"binary-expr","locations":[{"start":{"line":52,"column":14},"end":{"line":52,"column":20}},{"start":{"line":52,"column":24},"end":{"line":52,"column":36}}],"line":52},"1":{"loc":{"start":{"line":68,"column":4},"end":{"line":68,"column":22}},"type":"if","locations":[{"start":{"line":68,"column":4},"end":{"line":68,"column":22}},{"start":{},"end":{}}],"line":68},"2":{"loc":{"start":{"line":78,"column":6},"end":{"line":87,"column":7}},"type":"if","locations":[{"start":{"line":78,"column":6},"end":{"line":87,"column":7}},{"start":{"line":85,"column":13},"end":{"line":87,"column":7}}],"line":78},"3":{"loc":{"start":{"line":98,"column":4},"end":{"line":98,"column":22}},"type":"if","locations":[{"start":{"line":98,"column":4},"end":{"line":98,"column":22}},{"start":{},"end":{}}],"line":98},"4":{"loc":{"start":{"line":105,"column":8},"end":{"line":105,"column":44}},"type":"binary-expr","locations":[{"start":{"line":105,"column":8},"end":{"line":105,"column":21}},{"start":{"line":105,"column":25},"end":{"line":105,"column":44}}],"line":105},"5":{"loc":{"start":{"line":108,"column":6},"end":{"line":118,"column":7}},"type":"if","locations":[{"start":{"line":108,"column":6},"end":{"line":118,"column":7}},{"start":{"line":116,"column":13},"end":{"line":118,"column":7}}],"line":108},"6":{"loc":{"start":{"line":127,"column":2},"end":{"line":139,"column":3}},"type":"if","locations":[{"start":{"line":127,"column":2},"end":{"line":139,"column":3}},{"start":{},"end":{}}],"line":127},"7":{"loc":{"start":{"line":148,"column":9},"end":{"line":204,"column":9}},"type":"cond-expr","locations":[{"start":{"line":149,"column":10},"end":{"line":152,"column":17}},{"start":{"line":154,"column":10},"end":{"line":203,"column":13}}],"line":148},"8":{"loc":{"start":{"line":208,"column":7},"end":{"line":285,"column":7}},"type":"binary-expr","locations":[{"start":{"line":208,"column":7},"end":{"line":208,"column":27}},{"start":{"line":209,"column":8},"end":{"line":284,"column":15}}],"line":208},"9":{"loc":{"start":{"line":264,"column":19},"end":{"line":268,"column":19}},"type":"cond-expr","locations":[{"start":{"line":265,"column":20},"end":{"line":265,"column":68}},{"start":{"line":267,"column":20},"end":{"line":267,"column":71}}],"line":264},"10":{"loc":{"start":{"line":275,"column":19},"end":{"line":279,"column":19}},"type":"cond-expr","locations":[{"start":{"line":276,"column":20},"end":{"line":276,"column":68}},{"start":{"line":278,"column":20},"end":{"line":278,"column":72}}],"line":275}},"s":{"0":0,"1":0,"2":0,"3":0,"4":0,"5":0,"6":0,"7":0,"8":0,"9":0,"10":0,"11":0,"12":0,"13":0,"14":0,"15":0,"16":0,"17":0,"18":0,"19":0,"20":0,"21":0,"22":0,"23":0,"24":0,"25":0,"26":0,"27":0,"28":0,"29":0,"30":0,"31":0,"32":0,"33":0,"34":0,"35":0,"36":0,"37":0,"38":0,"39":0,"40":0,"41":0,"42":0,"43":0,"44":0,"45":0,"46":0,"47":0,"48":0,"49":0,"50":0,"51":0,"52":0,"53":0,"54":0,"55":0,"56":0,"57":0,"58":0,"59":0,"60":0,"61":0,"62":0},"f":{"0":0,"1":0,"2":0,"3":0,"4":0,"5":0,"6":0,"7":0,"8":0,"9":0,"10":0,"11":0,"12":0,"13":0,"14":0,"15":0,"16":0,"17":0},"b":{"0":[0,0],"1":[0,0],"2":[0,0],"3":[0,0],"4":[0,0],"5":[0,0],"6":[0,0],"7":[0,0],"8":[0,0],"9":[0,0],"10":[0,0]}}
,"/home/user/balltalkapp/app/(tabs)/athlete-profile.tsx": {"path":"/home/user/balltalkapp/app/(tabs)/athlete-profile.tsx","statementMap":{"0":{"start":{"line":11,"column":19},"end":{"line":11,"column":28}},"1":{"start":{"line":12,"column":58},"end":{"line":12,"column":73}},"2":{"start":{"line":15,"column":2},"end":{"line":36,"column":3}},"3":{"start":{"line":16,"column":4},"end":{"line":35,"column":6}},"4":{"start":{"line":23,"column":25},"end":{"line":23,"column":46}},"5":{"start":{"line":30,"column":43},"end":{"line":30,"column":73}},"6":{"start":{"line":39,"column":2},"end":{"line":55,"column":3}},"7":{"start":{"line":40,"column":4},"end":{"line":54,"column":6}},"8":{"start":{"line":49,"column":25},"end":{"line":49,"column":55}},"9":{"start":{"line":58,"column":2},"end":{"line":68,"column":3}},"10":{"start":{"line":59,"column":4},"end":{"line":67,"column":6}},"11":{"start":{"line":61,"column":24},"end":{"line":61,"column":54}},"12":{"start":{"line":63,"column":10},"end":{"line":63,"column":41}},"13":{"start":{"line":71,"column":2},"end":{"line":77,"column":4}},"14":{"start":{"line":74,"column":37},"end":{"line":74,"column":66}},"15":{"start":{"line":80,"column":15},"end":{"line":130,"column":2}}},"fnMap":{"0":{"name":"AthleteProfileScreen","decl":{"start":{"line":10,"column":24},"end":{"line":10,"column":44}},"loc":{"start":{"line":10,"column":47},"end":{"line":78,"column":1}},"line":10},"1":{"name":"(anonymous_1)","decl":{"start":{"line":23,"column":19},"end":{"line":23,"column":20}},"loc":{"start":{"line":23,"column":25},"end":{"line":23,"column":46}},"line":23},"2":{"name":"(anonymous_2)","decl":{"start":{"line":30,"column":37},"end":{"line":30,"column":38}},"loc":{"start":{"line":30,"column":43},"end":{"line":30,"column":73}},"line":30},"3":{"name":"(anonymous_3)","decl":{"start":{"line":49,"column":19},"end":{"line":49,"column":20}},"loc":{"start":{"line":49,"column":25},"end":{"line":49,"column":55}},"line":49},"4":{"name":"(anonymous_4)","decl":{"start":{"line":61,"column":18},"end":{"line":61,"column":19}},"loc":{"start":{"line":61,"column":24},"end":{"line":61,"column":54}},"line":61},"5":{"name":"(anonymous_5)","decl":{"start":{"line":62,"column":20},"end":{"line":62,"column":21}},"loc":{"start":{"line":62,"column":26},"end":{"line":65,"column":9}},"line":62},"6":{"name":"(anonymous_6)","decl":{"start":{"line":74,"column":31},"end":{"line":74,"column":32}},"loc":{"start":{"line":74,"column":37},"end":{"line":74,"column":66}},"line":74}},"branchMap":{"0":{"loc":{"start":{"line":15,"column":2},"end":{"line":36,"column":3}},"type":"if","locations":[{"start":{"line":15,"column":2},"end":{"line":36,"column":3}},{"start":{},"end":{}}],"line":15},"1":{"loc":{"start":{"line":39,"column":2},"end":{"line":55,"column":3}},"type":"if","locations":[{"start":{"line":39,"column":2},"end":{"line":55,"column":3}},{"start":{},"end":{}}],"line":39},"2":{"loc":{"start":{"line":58,"column":2},"end":{"line":68,"column":3}},"type":"if","locations":[{"start":{"line":58,"column":2},"end":{"line":68,"column":3}},{"start":{},"end":{}}],"line":58}},"s":{"0":0,"1":0,"2":0,"3":0,"4":0,"5":0,"6":0,"7":0,"8":0,"9":0,"10":0,"11":0,"12":0,"13":0,"14":0,"15":0},"f":{"0":0,"1":0,"2":0,"3":0,"4":0,"5":0,"6":0},"b":{"0":[0,0],"1":[0,0],"2":[0,0]}}
,"/home/user/balltalkapp/app/(tabs)/athletes-example.tsx": {"path":"/home/user/balltalkapp/app/(tabs)/athletes-example.tsx","statementMap":{"0":{"start":{"line":17,"column":17},"end":{"line":17,"column":28}},"1":{"start":{"line":18,"column":18},"end":{"line":18,"column":67}},"2":{"start":{"line":21,"column":22},"end":{"line":35,"column":3}},"3":{"start":{"line":37,"column":2},"end":{"line":151,"column":4}},"4":{"start":{"line":67,"column":29},"end":{"line":67,"column":45}},"5":{"start":{"line":90,"column":34},"end":{"line":90,"column":90}},"6":{"start":{"line":91,"column":34},"end":{"line":91,"column":76}},"7":{"start":{"line":92,"column":32},"end":{"line":92,"column":79}},"8":{"start":{"line":154,"column":15},"end":{"line":195,"column":2}}},"fnMap":{"0":{"name":"AthletesExample","decl":{"start":{"line":16,"column":24},"end":{"line":16,"column":39}},"loc":{"start":{"line":16,"column":42},"end":{"line":152,"column":1}},"line":16},"1":{"name":"(anonymous_1)","decl":{"start":{"line":67,"column":23},"end":{"line":67,"column":24}},"loc":{"start":{"line":67,"column":29},"end":{"line":67,"column":45}},"line":67},"2":{"name":"(anonymous_2)","decl":{"start":{"line":90,"column":28},"end":{"line":90,"column":29}},"loc":{"start":{"line":90,"column":34},"end":{"line":90,"column":90}},"line":90},"3":{"name":"(anonymous_3)","decl":{"start":{"line":91,"column":28},"end":{"line":91,"column":29}},"loc":{"start":{"line":91,"column":34},"end":{"line":91,"column":76}},"line":91},"4":{"name":"(anonymous_4)","decl":{"start":{"line":92,"column":26},"end":{"line":92,"column":27}},"loc":{"start":{"line":92,"column":32},"end":{"line":92,"column":79}},"line":92}},"branchMap":{"0":{"loc":{"start":{"line":40,"column":18},"end":{"line":40,"column":74}},"type":"cond-expr","locations":[{"start":{"line":40,"column":42},"end":{"line":40,"column":57}},{"start":{"line":40,"column":60},"end":{"line":40,"column":74}}],"line":40}},"s":{"0":0,"1":0,"2":0,"3":0,"4":0,"5":0,"6":0,"7":0,"8":0},"f":{"0":0,"1":0,"2":0,"3":0,"4":0},"b":{"0":[0,0]}}
,"/home/user/balltalkapp/app/(tabs)/athletes.tsx": {"path":"/home/user/balltalkapp/app/(tabs)/athletes.tsx","statementMap":{"0":{"start":{"line":9,"column":2},"end":{"line":43,"column":4}},"1":{"start":{"line":15,"column":25},"end":{"line":15,"column":41}},"2":{"start":{"line":23,"column":10},"end":{"line":39,"column":12}},"3":{"start":{"line":31,"column":27},"end":{"line":31,"column":71}},"4":{"start":{"line":32,"column":34},"end":{"line":32,"column":78}},"5":{"start":{"line":33,"column":33},"end":{"line":33,"column":74}},"6":{"start":{"line":46,"column":15},"end":{"line":74,"column":2}}},"fnMap":{"0":{"name":"AthletesScreen","decl":{"start":{"line":8,"column":24},"end":{"line":8,"column":38}},"loc":{"start":{"line":8,"column":41},"end":{"line":44,"column":1}},"line":8},"1":{"name":"(anonymous_1)","decl":{"start":{"line":15,"column":19},"end":{"line":15,"column":20}},"loc":{"start":{"line":15,"column":25},"end":{"line":15,"column":41}},"line":15},"2":{"name":"(anonymous_2)","decl":{"start":{"line":22,"column":27},"end":{"line":22,"column":28}},"loc":{"start":{"line":23,"column":10},"end":{"line":39,"column":12}},"line":23},"3":{"name":"(anonymous_3)","decl":{"start":{"line":31,"column":21},"end":{"line":31,"column":22}},"loc":{"start":{"line":31,"column":27},"end":{"line":31,"column":71}},"line":31},"4":{"name":"(anonymous_4)","decl":{"start":{"line":32,"column":28},"end":{"line":32,"column":29}},"loc":{"start":{"line":32,"column":34},"end":{"line":32,"column":78}},"line":32},"5":{"name":"(anonymous_5)","decl":{"start":{"line":33,"column":27},"end":{"line":33,"column":28}},"loc":{"start":{"line":33,"column":33},"end":{"line":33,"column":74}},"line":33}},"branchMap":{},"s":{"0":0,"1":0,"2":0,"3":0,"4":0,"5":0,"6":0},"f":{"0":0,"1":0,"2":0,"3":0,"4":0,"5":0},"b":{}}
,"/home/user/balltalkapp/app/(tabs)/chat.tsx": {"path":"/home/user/balltalkapp/app/(tabs)/chat.tsx","statementMap":{"0":{"start":{"line":19,"column":26},"end":{"line":25,"column":3}},"1":{"start":{"line":19,"column":56},"end":{"line":25,"column":1}},"2":{"start":{"line":28,"column":19},"end":{"line":50,"column":1}},"3":{"start":{"line":53,"column":24},"end":{"line":75,"column":1}},"4":{"start":{"line":78,"column":19},"end":{"line":78,"column":28}},"5":{"start":{"line":79,"column":36},"end":{"line":79,"column":56}},"6":{"start":{"line":80,"column":40},"end":{"line":80,"column":52}},"7":{"start":{"line":82,"column":25},"end":{"line":100,"column":3}},"8":{"start":{"line":83,"column":4},"end":{"line":99,"column":23}},"9":{"start":{"line":85,"column":21},"end":{"line":85,"column":52}},"10":{"start":{"line":102,"column":26},"end":{"line":117,"column":3}},"11":{"start":{"line":103,"column":4},"end":{"line":116,"column":23}},"12":{"start":{"line":105,"column":21},"end":{"line":105,"column":62}},"13":{"start":{"line":119,"column":24},"end":{"line":124,"column":16}},"14":{"start":{"line":121,"column":8},"end":{"line":122,"column":74}},"15":{"start":{"line":126,"column":2},"end":{"line":222,"column":4}},"16":{"start":{"line":134,"column":25},"end":{"line":134,"column":41}},"17":{"start":{"line":147,"column":25},"end":{"line":147,"column":49}},"18":{"start":{"line":168,"column":25},"end":{"line":168,"column":47}},"19":{"start":{"line":200,"column":34},"end":{"line":200,"column":41}},"20":{"start":{"line":213,"column":36},"end":{"line":213,"column":43}},"21":{"start":{"line":225,"column":15},"end":{"line":387,"column":2}}},"fnMap":{"0":{"name":"(anonymous_0)","decl":{"start":{"line":19,"column":44},"end":{"line":19,"column":45}},"loc":{"start":{"line":19,"column":56},"end":{"line":25,"column":1}},"line":19},"1":{"name":"ChatAndFanHubScreen","decl":{"start":{"line":77,"column":24},"end":{"line":77,"column":43}},"loc":{"start":{"line":77,"column":46},"end":{"line":223,"column":1}},"line":77},"2":{"name":"(anonymous_2)","decl":{"start":{"line":82,"column":25},"end":{"line":82,"column":26}},"loc":{"start":{"line":83,"column":4},"end":{"line":99,"column":23}},"line":83},"3":{"name":"(anonymous_3)","decl":{"start":{"line":85,"column":15},"end":{"line":85,"column":16}},"loc":{"start":{"line":85,"column":21},"end":{"line":85,"column":52}},"line":85},"4":{"name":"(anonymous_4)","decl":{"start":{"line":102,"column":26},"end":{"line":102,"column":27}},"loc":{"start":{"line":103,"column":4},"end":{"line":116,"column":23}},"line":103},"5":{"name":"(anonymous_5)","decl":{"start":{"line":105,"column":15},"end":{"line":105,"column":16}},"loc":{"start":{"line":105,"column":21},"end":{"line":105,"column":62}},"line":105},"6":{"name":"(anonymous_6)","decl":{"start":{"line":120,"column":24},"end":{"line":120,"column":25}},"loc":{"start":{"line":121,"column":8},"end":{"line":122,"column":74}},"line":121},"7":{"name":"(anonymous_7)","decl":{"start":{"line":134,"column":19},"end":{"line":134,"column":20}},"loc":{"start":{"line":134,"column":25},"end":{"line":134,"column":41}},"line":134},"8":{"name":"(anonymous_8)","decl":{"start":{"line":147,"column":19},"end":{"line":147,"column":20}},"loc":{"start":{"line":147,"column":25},"end":{"line":147,"column":49}},"line":147},"9":{"name":"(anonymous_9)","decl":{"start":{"line":168,"column":19},"end":{"line":168,"column":20}},"loc":{"start":{"line":168,"column":25},"end":{"line":168,"column":47}},"line":168},"10":{"name":"(anonymous_10)","decl":{"start":{"line":200,"column":26},"end":{"line":200,"column":27}},"loc":{"start":{"line":200,"column":34},"end":{"line":200,"column":41}},"line":200},"11":{"name":"(anonymous_11)","decl":{"start":{"line":213,"column":28},"end":{"line":213,"column":29}},"loc":{"start":{"line":213,"column":36},"end":{"line":213,"column":43}},"line":213}},"branchMap":{"0":{"loc":{"start":{"line":89,"column":16},"end":{"line":89,"column":50}},"type":"cond-expr","locations":[{"start":{"line":89,"column":31},"end":{"line":89,"column":39}},{"start":{"line":89,"column":42},"end":{"line":89,"column":50}}],"line":89},"1":{"loc":{"start":{"line":119,"column":24},"end":{"line":124,"column":16}},"type":"cond-expr","locations":[{"start":{"line":120,"column":6},"end":{"line":123,"column":7}},{"start":{"line":124,"column":6},"end":{"line":124,"column":16}}],"line":119},"2":{"loc":{"start":{"line":121,"column":8},"end":{"line":122,"column":74}},"type":"binary-expr","locations":[{"start":{"line":121,"column":8},"end":{"line":121,"column":67}},{"start":{"line":122,"column":8},"end":{"line":122,"column":74}}],"line":121},"3":{"loc":{"start":{"line":130,"column":11},"end":{"line":130,"column":60}},"type":"cond-expr","locations":[{"start":{"line":130,"column":38},"end":{"line":130,"column":48}},{"start":{"line":130,"column":51},"end":{"line":130,"column":60}}],"line":130},"4":{"loc":{"start":{"line":145,"column":12},"end":{"line":145,"column":68}},"type":"cond-expr","locations":[{"start":{"line":145,"column":39},"end":{"line":145,"column":61}},{"start":{"line":145,"column":64},"end":{"line":145,"column":68}}],"line":145},"5":{"loc":{"start":{"line":152,"column":19},"end":{"line":152,"column":64}},"type":"cond-expr","locations":[{"start":{"line":152,"column":46},"end":{"line":152,"column":55}},{"start":{"line":152,"column":58},"end":{"line":152,"column":64}}],"line":152},"6":{"loc":{"start":{"line":157,"column":12},"end":{"line":157,"column":66}},"type":"cond-expr","locations":[{"start":{"line":157,"column":39},"end":{"line":157,"column":59}},{"start":{"line":157,"column":62},"end":{"line":157,"column":66}}],"line":157},"7":{"loc":{"start":{"line":166,"column":12},"end":{"line":166,"column":66}},"type":"cond-expr","locations":[{"start":{"line":166,"column":37},"end":{"line":166,"column":59}},{"start":{"line":166,"column":62},"end":{"line":166,"column":66}}],"line":166},"8":{"loc":{"start":{"line":173,"column":19},"end":{"line":173,"column":62}},"type":"cond-expr","locations":[{"start":{"line":173,"column":44},"end":{"line":173,"column":53}},{"start":{"line":173,"column":56},"end":{"line":173,"column":62}}],"line":173},"9":{"loc":{"start":{"line":178,"column":12},"end":{"line":178,"column":64}},"type":"cond-expr","locations":[{"start":{"line":178,"column":37},"end":{"line":178,"column":57}},{"start":{"line":178,"column":60},"end":{"line":178,"column":64}}],"line":178},"10":{"loc":{"start":{"line":185,"column":7},"end":{"line":204,"column":7}},"type":"binary-expr","locations":[{"start":{"line":185,"column":7},"end":{"line":185,"column":31}},{"start":{"line":186,"column":8},"end":{"line":203,"column":11}}],"line":185},"11":{"loc":{"start":{"line":206,"column":7},"end":{"line":220,"column":7}},"type":"binary-expr","locations":[{"start":{"line":206,"column":7},"end":{"line":206,"column":29}},{"start":{"line":207,"column":8},"end":{"line":219,"column":21}}],"line":206}},"s":{"0":0,"1":0,"2":0,"3":0,"4":0,"5":0,"6":0,"7":0,"8":0,"9":0,"10":0,"11":0,"12":0,"13":0,"14":0,"15":0,"16":0,"17":0,"18":0,"19":0,"20":0,"21":0},"f":{"0":0,"1":0,"2":0,"3":0,"4":0,"5":0,"6":0,"7":0,"8":0,"9":0,"10":0,"11":0},"b":{"0":[0,0],"1":[0,0],"2":[0,0],"3":[0,0],"4":[0,0],"5":[0,0],"6":[0,0],"7":[0,0],"8":[0,0],"9":[0,0],"10":[0,0],"11":[0,0]}}
,"/home/user/balltalkapp/app/(tabs)/community.tsx": {"path":"/home/user/balltalkapp/app/(tabs)/community.tsx","statementMap":{"0":{"start":{"line":19,"column":20},"end":{"line":52,"column":1}},"1":{"start":{"line":55,"column":26},"end":{"line":61,"column":3}},"2":{"start":{"line":55,"column":56},"end":{"line":61,"column":1}},"3":{"start":{"line":64,"column":30},"end":{"line":64,"column":51}},"4":{"start":{"line":65,"column":40},"end":{"line":65,"column":52}},"5":{"start":{"line":66,"column":36},"end":{"line":66,"column":54}},"6":{"start":{"line":67,"column":40},"end":{"line":72,"column":3}},"7":{"start":{"line":69,"column":6},"end":{"line":69,"column":44}},"8":{"start":{"line":70,"column":6},"end":{"line":70,"column":17}},"9":{"start":{"line":74,"column":28},"end":{"line":81,"column":3}},"10":{"start":{"line":75,"column":4},"end":{"line":78,"column":8}},"11":{"start":{"line":75,"column":28},"end":{"line":78,"column":5}},"12":{"start":{"line":80,"column":4},"end":{"line":80,"column":96}},"13":{"start":{"line":83,"column":26},"end":{"line":95,"column":3}},"14":{"start":{"line":85,"column":4},"end":{"line":91,"column":6}},"15":{"start":{"line":86,"column":6},"end":{"line":90,"column":7}},"16":{"start":{"line":87,"column":8},"end":{"line":89,"column":17}},"17":{"start":{"line":94,"column":4},"end":{"line":94,"column":106}},"18":{"start":{"line":94,"column":36},"end":{"line":94,"column":52}},"19":{"start":{"line":97,"column":26},"end":{"line":129,"column":3}},"20":{"start":{"line":98,"column":4},"end":{"line":128,"column":11}},"21":{"start":{"line":119,"column":23},"end":{"line":119,"column":47}},"22":{"start":{"line":131,"column":25},"end":{"line":136,"column":12}},"23":{"start":{"line":133,"column":8},"end":{"line":134,"column":75}},"24":{"start":{"line":138,"column":27},"end":{"line":144,"column":23}},"25":{"start":{"line":140,"column":8},"end":{"line":142,"column":70}},"26":{"start":{"line":146,"column":2},"end":{"line":244,"column":4}},"27":{"start":{"line":152,"column":25},"end":{"line":152,"column":41}},"28":{"start":{"line":165,"column":25},"end":{"line":165,"column":47}},"29":{"start":{"line":186,"column":25},"end":{"line":186,"column":49}},"30":{"start":{"line":217,"column":32},"end":{"line":217,"column":39}},"31":{"start":{"line":223,"column":12},"end":{"line":239,"column":14}},"32":{"start":{"line":232,"column":35},"end":{"line":232,"column":64}},"33":{"start":{"line":233,"column":36},"end":{"line":233,"column":80}},"34":{"start":{"line":247,"column":15},"end":{"line":389,"column":2}}},"fnMap":{"0":{"name":"(anonymous_0)","decl":{"start":{"line":55,"column":44},"end":{"line":55,"column":45}},"loc":{"start":{"line":55,"column":56},"end":{"line":61,"column":1}},"line":55},"1":{"name":"CommunityScreen","decl":{"start":{"line":63,"column":24},"end":{"line":63,"column":39}},"loc":{"start":{"line":63,"column":42},"end":{"line":245,"column":1}},"line":63},"2":{"name":"(anonymous_2)","decl":{"start":{"line":68,"column":29},"end":{"line":68,"column":30}},"loc":{"start":{"line":68,"column":47},"end":{"line":71,"column":5}},"line":68},"3":{"name":"(anonymous_3)","decl":{"start":{"line":74,"column":28},"end":{"line":74,"column":29}},"loc":{"start":{"line":74,"column":51},"end":{"line":81,"column":3}},"line":74},"4":{"name":"(anonymous_4)","decl":{"start":{"line":75,"column":19},"end":{"line":75,"column":20}},"loc":{"start":{"line":75,"column":28},"end":{"line":78,"column":5}},"line":75},"5":{"name":"(anonymous_5)","decl":{"start":{"line":83,"column":26},"end":{"line":83,"column":27}},"loc":{"start":{"line":83,"column":47},"end":{"line":95,"column":3}},"line":83},"6":{"name":"(anonymous_6)","decl":{"start":{"line":85,"column":14},"end":{"line":85,"column":15}},"loc":{"start":{"line":86,"column":6},"end":{"line":90,"column":7}},"line":86},"7":{"name":"(anonymous_7)","decl":{"start":{"line":86,"column":21},"end":{"line":86,"column":22}},"loc":{"start":{"line":87,"column":8},"end":{"line":89,"column":17}},"line":87},"8":{"name":"(anonymous_8)","decl":{"start":{"line":94,"column":31},"end":{"line":94,"column":32}},"loc":{"start":{"line":94,"column":36},"end":{"line":94,"column":52}},"line":94},"9":{"name":"(anonymous_9)","decl":{"start":{"line":97,"column":26},"end":{"line":97,"column":27}},"loc":{"start":{"line":98,"column":4},"end":{"line":128,"column":11}},"line":98},"10":{"name":"(anonymous_10)","decl":{"start":{"line":119,"column":17},"end":{"line":119,"column":18}},"loc":{"start":{"line":119,"column":23},"end":{"line":119,"column":47}},"line":119},"11":{"name":"(anonymous_11)","decl":{"start":{"line":132,"column":20},"end":{"line":132,"column":21}},"loc":{"start":{"line":133,"column":8},"end":{"line":134,"column":75}},"line":133},"12":{"name":"(anonymous_12)","decl":{"start":{"line":139,"column":31},"end":{"line":139,"column":32}},"loc":{"start":{"line":140,"column":8},"end":{"line":142,"column":70}},"line":140},"13":{"name":"(anonymous_13)","decl":{"start":{"line":152,"column":19},"end":{"line":152,"column":20}},"loc":{"start":{"line":152,"column":25},"end":{"line":152,"column":41}},"line":152},"14":{"name":"(anonymous_14)","decl":{"start":{"line":165,"column":19},"end":{"line":165,"column":20}},"loc":{"start":{"line":165,"column":25},"end":{"line":165,"column":47}},"line":165},"15":{"name":"(anonymous_15)","decl":{"start":{"line":186,"column":19},"end":{"line":186,"column":20}},"loc":{"start":{"line":186,"column":25},"end":{"line":186,"column":49}},"line":186},"16":{"name":"(anonymous_16)","decl":{"start":{"line":217,"column":24},"end":{"line":217,"column":25}},"loc":{"start":{"line":217,"column":32},"end":{"line":217,"column":39}},"line":217},"17":{"name":"(anonymous_17)","decl":{"start":{"line":222,"column":32},"end":{"line":222,"column":33}},"loc":{"start":{"line":223,"column":12},"end":{"line":239,"column":14}},"line":223},"18":{"name":"(anonymous_18)","decl":{"start":{"line":232,"column":29},"end":{"line":232,"column":30}},"loc":{"start":{"line":232,"column":35},"end":{"line":232,"column":64}},"line":232},"19":{"name":"(anonymous_19)","decl":{"start":{"line":233,"column":30},"end":{"line":233,"column":31}},"loc":{"start":{"line":233,"column":36},"end":{"line":233,"column":80}},"line":233}},"branchMap":{"0":{"loc":{"start":{"line":80,"column":19},"end":{"line":80,"column":71}},"type":"cond-expr","locations":[{"start":{"line":80,"column":44},"end":{"line":80,"column":57}},{"start":{"line":80,"column":60},"end":{"line":80,"column":71}}],"line":80},"1":{"loc":{"start":{"line":87,"column":8},"end":{"line":89,"column":17}},"type":"cond-expr","locations":[{"start":{"line":88,"column":12},"end":{"line":88,"column":47}},{"start":{"line":89,"column":12},"end":{"line":89,"column":17}}],"line":87},"2":{"loc":{"start":{"line":94,"column":19},"end":{"line":94,"column":85}},"type":"cond-expr","locations":[{"start":{"line":94,"column":64},"end":{"line":94,"column":73}},{"start":{"line":94,"column":76},"end":{"line":94,"column":85}}],"line":94},"3":{"loc":{"start":{"line":102,"column":18},"end":{"line":102,"column":51}},"type":"cond-expr","locations":[{"start":{"line":102,"column":35},"end":{"line":102,"column":41}},{"start":{"line":102,"column":44},"end":{"line":102,"column":51}}],"line":102},"4":{"loc":{"start":{"line":117,"column":10},"end":{"line":117,"column":49}},"type":"cond-expr","locations":[{"start":{"line":117,"column":24},"end":{"line":117,"column":42}},{"start":{"line":117,"column":45},"end":{"line":117,"column":49}}],"line":117},"5":{"loc":{"start":{"line":123,"column":10},"end":{"line":123,"column":53}},"type":"cond-expr","locations":[{"start":{"line":123,"column":24},"end":{"line":123,"column":46}},{"start":{"line":123,"column":49},"end":{"line":123,"column":53}}],"line":123},"6":{"loc":{"start":{"line":125,"column":11},"end":{"line":125,"column":53}},"type":"cond-expr","locations":[{"start":{"line":125,"column":25},"end":{"line":125,"column":38}},{"start":{"line":125,"column":41},"end":{"line":125,"column":53}}],"line":125},"7":{"loc":{"start":{"line":131,"column":25},"end":{"line":136,"column":12}},"type":"cond-expr","locations":[{"start":{"line":132,"column":6},"end":{"line":135,"column":7}},{"start":{"line":136,"column":6},"end":{"line":136,"column":12}}],"line":131},"8":{"loc":{"start":{"line":133,"column":8},"end":{"line":134,"column":75}},"type":"binary-expr","locations":[{"start":{"line":133,"column":8},"end":{"line":133,"column":68}},{"start":{"line":134,"column":8},"end":{"line":134,"column":75}}],"line":133},"9":{"loc":{"start":{"line":138,"column":27},"end":{"line":144,"column":23}},"type":"cond-expr","locations":[{"start":{"line":139,"column":6},"end":{"line":143,"column":7}},{"start":{"line":144,"column":6},"end":{"line":144,"column":23}}],"line":138},"10":{"loc":{"start":{"line":140,"column":8},"end":{"line":142,"column":70}},"type":"binary-expr","locations":[{"start":{"line":140,"column":8},"end":{"line":140,"column":70}},{"start":{"line":141,"column":8},"end":{"line":141,"column":71}},{"start":{"line":142,"column":8},"end":{"line":142,"column":70}}],"line":140},"11":{"loc":{"start":{"line":163,"column":12},"end":{"line":163,"column":66}},"type":"cond-expr","locations":[{"start":{"line":163,"column":37},"end":{"line":163,"column":59}},{"start":{"line":163,"column":62},"end":{"line":163,"column":66}}],"line":163},"12":{"loc":{"start":{"line":170,"column":19},"end":{"line":170,"column":62}},"type":"cond-expr","locations":[{"start":{"line":170,"column":44},"end":{"line":170,"column":53}},{"start":{"line":170,"column":56},"end":{"line":170,"column":62}}],"line":170},"13":{"loc":{"start":{"line":175,"column":12},"end":{"line":175,"column":64}},"type":"cond-expr","locations":[{"start":{"line":175,"column":37},"end":{"line":175,"column":57}},{"start":{"line":175,"column":60},"end":{"line":175,"column":64}}],"line":175},"14":{"loc":{"start":{"line":184,"column":12},"end":{"line":184,"column":68}},"type":"cond-expr","locations":[{"start":{"line":184,"column":39},"end":{"line":184,"column":61}},{"start":{"line":184,"column":64},"end":{"line":184,"column":68}}],"line":184},"15":{"loc":{"start":{"line":191,"column":19},"end":{"line":191,"column":64}},"type":"cond-expr","locations":[{"start":{"line":191,"column":46},"end":{"line":191,"column":55}},{"start":{"line":191,"column":58},"end":{"line":191,"column":64}}],"line":191},"16":{"loc":{"start":{"line":196,"column":12},"end":{"line":196,"column":66}},"type":"cond-expr","locations":[{"start":{"line":196,"column":39},"end":{"line":196,"column":59}},{"start":{"line":196,"column":62},"end":{"line":196,"column":66}}],"line":196},"17":{"loc":{"start":{"line":207,"column":23},"end":{"line":207,"column":89}},"type":"cond-expr","locations":[{"start":{"line":207,"column":48},"end":{"line":207,"column":66}},{"start":{"line":207,"column":69},"end":{"line":207,"column":89}}],"line":207},"18":{"loc":{"start":{"line":213,"column":7},"end":{"line":242,"column":7}},"type":"cond-expr","locations":[{"start":{"line":214,"column":8},"end":{"line":219,"column":10}},{"start":{"line":221,"column":8},"end":{"line":241,"column":21}}],"line":213}},"s":{"0":0,"1":0,"2":0,"3":0,"4":0,"5":0,"6":0,"7":0,"8":0,"9":0,"10":0,"11":0,"12":0,"13":0,"14":0,"15":0,"16":0,"17":0,"18":0,"19":0,"20":0,"21":0,"22":0,"23":0,"24":0,"25":0,"26":0,"27":0,"28":0,"29":0,"30":0,"31":0,"32":0,"33":0,"34":0},"f":{"0":0,"1":0,"2":0,"3":0,"4":0,"5":0,"6":0,"7":0,"8":0,"9":0,"10":0,"11":0,"12":0,"13":0,"14":0,"15":0,"16":0,"17":0,"18":0,"19":0},"b":{"0":[0,0],"1":[0,0],"2":[0,0],"3":[0,0],"4":[0,0],"5":[0,0],"6":[0,0],"7":[0,0],"8":[0,0],"9":[0,0],"10":[0,0,0],"11":[0,0],"12":[0,0],"13":[0,0],"14":[0,0],"15":[0,0],"16":[0,0],"17":[0,0],"18":[0,0]}}
,"/home/user/balltalkapp/app/(tabs)/discover.tsx": {"path":"/home/user/balltalkapp/app/(tabs)/discover.tsx","statementMap":{"0":{"start":{"line":7,"column":26},"end":{"line":7,"column":50}},"1":{"start":{"line":10,"column":19},"end":{"line":51,"column":1}},"2":{"start":{"line":64,"column":17},"end":{"line":136,"column":1}},"3":{"start":{"line":65,"column":36},"end":{"line":65,"column":51}},"4":{"start":{"line":66,"column":32},"end":{"line":66,"column":47}},"5":{"start":{"line":68,"column":21},"end":{"line":70,"column":3}},"6":{"start":{"line":69,"column":4},"end":{"line":69,"column":25}},"7":{"start":{"line":72,"column":21},"end":{"line":74,"column":3}},"8":{"start":{"line":73,"column":4},"end":{"line":73,"column":29}},"9":{"start":{"line":76,"column":23},"end":{"line":83,"column":3}},"10":{"start":{"line":77,"column":4},"end":{"line":81,"column":5}},"11":{"start":{"line":78,"column":6},"end":{"line":78,"column":46}},"12":{"start":{"line":79,"column":11},"end":{"line":81,"column":5}},"13":{"start":{"line":80,"column":6},"end":{"line":80,"column":43}},"14":{"start":{"line":82,"column":4},"end":{"line":82,"column":26}},"15":{"start":{"line":85,"column":2},"end":{"line":135,"column":4}},"16":{"start":{"line":139,"column":32},"end":{"line":139,"column":47}},"17":{"start":{"line":141,"column":2},"end":{"line":171,"column":4}},"18":{"start":{"line":164,"column":32},"end":{"line":164,"column":39}},"19":{"start":{"line":165,"column":36},"end":{"line":165,"column":60}},"20":{"start":{"line":174,"column":15},"end":{"line":293,"column":2}}},"fnMap":{"0":{"name":"(anonymous_0)","decl":{"start":{"line":64,"column":17},"end":{"line":64,"column":18}},"loc":{"start":{"line":64,"column":51},"end":{"line":136,"column":1}},"line":64},"1":{"name":"(anonymous_1)","decl":{"start":{"line":68,"column":21},"end":{"line":68,"column":22}},"loc":{"start":{"line":68,"column":27},"end":{"line":70,"column":3}},"line":68},"2":{"name":"(anonymous_2)","decl":{"start":{"line":72,"column":21},"end":{"line":72,"column":22}},"loc":{"start":{"line":72,"column":27},"end":{"line":74,"column":3}},"line":72},"3":{"name":"(anonymous_3)","decl":{"start":{"line":76,"column":23},"end":{"line":76,"column":24}},"loc":{"start":{"line":76,"column":48},"end":{"line":83,"column":3}},"line":76},"4":{"name":"DiscoverScreen","decl":{"start":{"line":138,"column":24},"end":{"line":138,"column":38}},"loc":{"start":{"line":138,"column":41},"end":{"line":172,"column":1}},"line":138},"5":{"name":"(anonymous_5)","decl":{"start":{"line":164,"column":24},"end":{"line":164,"column":25}},"loc":{"start":{"line":164,"column":32},"end":{"line":164,"column":39}},"line":164},"6":{"name":"(anonymous_6)","decl":{"start":{"line":165,"column":22},"end":{"line":165,"column":23}},"loc":{"start":{"line":165,"column":36},"end":{"line":165,"column":60}},"line":165}},"branchMap":{"0":{"loc":{"start":{"line":77,"column":4},"end":{"line":81,"column":5}},"type":"if","locations":[{"start":{"line":77,"column":4},"end":{"line":81,"column":5}},{"start":{"line":79,"column":11},"end":{"line":81,"column":5}}],"line":77},"1":{"loc":{"start":{"line":79,"column":11},"end":{"line":81,"column":5}},"type":"if","locations":[{"start":{"line":79,"column":11},"end":{"line":81,"column":5}},{"start":{},"end":{}}],"line":79},"2":{"loc":{"start":{"line":96,"column":20},"end":{"line":96,"column":48}},"type":"cond-expr","locations":[{"start":{"line":96,"column":32},"end":{"line":96,"column":39}},{"start":{"line":96,"column":42},"end":{"line":96,"column":48}}],"line":96},"3":{"loc":{"start":{"line":107,"column":11},"end":{"line":109,"column":11}},"type":"binary-expr","locations":[{"start":{"line":107,"column":11},"end":{"line":107,"column":26}},{"start":{"line":108,"column":12},"end":{"line":108,"column":103}}],"line":107},"4":{"loc":{"start":{"line":117,"column":20},"end":{"line":117,"column":49}},"type":"cond-expr","locations":[{"start":{"line":117,"column":30},"end":{"line":117,"column":37}},{"start":{"line":117,"column":40},"end":{"line":117,"column":49}}],"line":117},"5":{"loc":{"start":{"line":119,"column":21},"end":{"line":119,"column":49}},"type":"cond-expr","locations":[{"start":{"line":119,"column":31},"end":{"line":119,"column":40}},{"start":{"line":119,"column":43},"end":{"line":119,"column":49}}],"line":119},"6":{"loc":{"start":{"line":159,"column":7},"end":{"line":169,"column":7}},"type":"cond-expr","locations":[{"start":{"line":160,"column":8},"end":{"line":160,"column":80}},{"start":{"line":162,"column":8},"end":{"line":168,"column":10}}],"line":159}},"s":{"0":0,"1":0,"2":0,"3":0,"4":0,"5":0,"6":0,"7":0,"8":0,"9":0,"10":0,"11":0,"12":0,"13":0,"14":0,"15":0,"16":0,"17":0,"18":0,"19":0,"20":0},"f":{"0":0,"1":0,"2":0,"3":0,"4":0,"5":0,"6":0},"b":{"0":[0,0],"1":[0,0],"2":[0,0],"3":[0,0],"4":[0,0],"5":[0,0],"6":[0,0]}}
,"/home/user/balltalkapp/app/(tabs)/fan-hub.tsx": {"path":"/home/user/balltalkapp/app/(tabs)/fan-hub.tsx","statementMap":{"0":{"start":{"line":17,"column":26},"end":{"line":23,"column":3}},"1":{"start":{"line":17,"column":56},"end":{"line":23,"column":1}},"2":{"start":{"line":26,"column":24},"end":{"line":48,"column":1}},"3":{"start":{"line":51,"column":40},"end":{"line":56,"column":3}},"4":{"start":{"line":53,"column":6},"end":{"line":53,"column":44}},"5":{"start":{"line":54,"column":6},"end":{"line":54,"column":17}},"6":{"start":{"line":58,"column":28},"end":{"line":65,"column":3}},"7":{"start":{"line":59,"column":4},"end":{"line":62,"column":8}},"8":{"start":{"line":59,"column":28},"end":{"line":62,"column":5}},"9":{"start":{"line":64,"column":4},"end":{"line":64,"column":96}},"10":{"start":{"line":67,"column":26},"end":{"line":82,"column":3}},"11":{"start":{"line":68,"column":4},"end":{"line":81,"column":23}},"12":{"start":{"line":70,"column":21},"end":{"line":70,"column":62}},"13":{"start":{"line":84,"column":2},"end":{"line":134,"column":4}},"14":{"start":{"line":90,"column":25},"end":{"line":90,"column":41}},"15":{"start":{"line":102,"column":34},"end":{"line":102,"column":41}},"16":{"start":{"line":113,"column":12},"end":{"line":129,"column":14}},"17":{"start":{"line":122,"column":35},"end":{"line":122,"column":64}},"18":{"start":{"line":123,"column":36},"end":{"line":123,"column":80}},"19":{"start":{"line":137,"column":15},"end":{"line":212,"column":2}}},"fnMap":{"0":{"name":"(anonymous_0)","decl":{"start":{"line":17,"column":44},"end":{"line":17,"column":45}},"loc":{"start":{"line":17,"column":56},"end":{"line":23,"column":1}},"line":17},"1":{"name":"FanHubScreen","decl":{"start":{"line":50,"column":24},"end":{"line":50,"column":36}},"loc":{"start":{"line":50,"column":39},"end":{"line":135,"column":1}},"line":50},"2":{"name":"(anonymous_2)","decl":{"start":{"line":52,"column":29},"end":{"line":52,"column":30}},"loc":{"start":{"line":52,"column":47},"end":{"line":55,"column":5}},"line":52},"3":{"name":"(anonymous_3)","decl":{"start":{"line":58,"column":28},"end":{"line":58,"column":29}},"loc":{"start":{"line":58,"column":51},"end":{"line":65,"column":3}},"line":58},"4":{"name":"(anonymous_4)","decl":{"start":{"line":59,"column":19},"end":{"line":59,"column":20}},"loc":{"start":{"line":59,"column":28},"end":{"line":62,"column":5}},"line":59},"5":{"name":"(anonymous_5)","decl":{"start":{"line":67,"column":26},"end":{"line":67,"column":27}},"loc":{"start":{"line":68,"column":4},"end":{"line":81,"column":23}},"line":68},"6":{"name":"(anonymous_6)","decl":{"start":{"line":70,"column":15},"end":{"line":70,"column":16}},"loc":{"start":{"line":70,"column":21},"end":{"line":70,"column":62}},"line":70},"7":{"name":"(anonymous_7)","decl":{"start":{"line":90,"column":19},"end":{"line":90,"column":20}},"loc":{"start":{"line":90,"column":25},"end":{"line":90,"column":41}},"line":90},"8":{"name":"(anonymous_8)","decl":{"start":{"line":102,"column":26},"end":{"line":102,"column":27}},"loc":{"start":{"line":102,"column":34},"end":{"line":102,"column":41}},"line":102},"9":{"name":"(anonymous_9)","decl":{"start":{"line":112,"column":33},"end":{"line":112,"column":34}},"loc":{"start":{"line":113,"column":12},"end":{"line":129,"column":14}},"line":113},"10":{"name":"(anonymous_10)","decl":{"start":{"line":122,"column":29},"end":{"line":122,"column":30}},"loc":{"start":{"line":122,"column":35},"end":{"line":122,"column":64}},"line":122},"11":{"name":"(anonymous_11)","decl":{"start":{"line":123,"column":30},"end":{"line":123,"column":31}},"loc":{"start":{"line":123,"column":36},"end":{"line":123,"column":80}},"line":123}},"branchMap":{"0":{"loc":{"start":{"line":64,"column":19},"end":{"line":64,"column":71}},"type":"cond-expr","locations":[{"start":{"line":64,"column":44},"end":{"line":64,"column":57}},{"start":{"line":64,"column":60},"end":{"line":64,"column":71}}],"line":64}},"s":{"0":0,"1":0,"2":0,"3":0,"4":0,"5":0,"6":0,"7":0,"8":0,"9":0,"10":0,"11":0,"12":0,"13":0,"14":0,"15":0,"16":0,"17":0,"18":0,"19":0},"f":{"0":0,"1":0,"2":0,"3":0,"4":0,"5":0,"6":0,"7":0,"8":0,"9":0,"10":0,"11":0},"b":{"0":[0,0]}}
,"/home/user/balltalkapp/app/(tabs)/fan-profile.tsx": {"path":"/home/user/balltalkapp/app/(tabs)/fan-profile.tsx","statementMap":{"0":{"start":{"line":12,"column":36},"end":{"line":12,"column":108}},"1":{"start":{"line":14,"column":30},"end":{"line":14,"column":61}},"2":{"start":{"line":14,"column":36},"end":{"line":14,"column":61}},"3":{"start":{"line":15,"column":28},"end":{"line":15,"column":57}},"4":{"start":{"line":15,"column":34},"end":{"line":15,"column":57}},"5":{"start":{"line":16,"column":30},"end":{"line":16,"column":61}},"6":{"start":{"line":16,"column":36},"end":{"line":16,"column":61}},"7":{"start":{"line":17,"column":28},"end":{"line":17,"column":57}},"8":{"start":{"line":17,"column":34},"end":{"line":17,"column":57}},"9":{"start":{"line":19,"column":2},"end":{"line":119,"column":4}},"10":{"start":{"line":122,"column":15},"end":{"line":157,"column":2}}},"fnMap":{"0":{"name":"FanProfileScreen","decl":{"start":{"line":11,"column":24},"end":{"line":11,"column":40}},"loc":{"start":{"line":11,"column":43},"end":{"line":120,"column":1}},"line":11},"1":{"name":"(anonymous_1)","decl":{"start":{"line":14,"column":30},"end":{"line":14,"column":31}},"loc":{"start":{"line":14,"column":36},"end":{"line":14,"column":61}},"line":14},"2":{"name":"(anonymous_2)","decl":{"start":{"line":15,"column":28},"end":{"line":15,"column":29}},"loc":{"start":{"line":15,"column":34},"end":{"line":15,"column":57}},"line":15},"3":{"name":"(anonymous_3)","decl":{"start":{"line":16,"column":30},"end":{"line":16,"column":31}},"loc":{"start":{"line":16,"column":36},"end":{"line":16,"column":61}},"line":16},"4":{"name":"(anonymous_4)","decl":{"start":{"line":17,"column":28},"end":{"line":17,"column":29}},"loc":{"start":{"line":17,"column":34},"end":{"line":17,"column":57}},"line":17}},"branchMap":{"0":{"loc":{"start":{"line":38,"column":30},"end":{"line":38,"column":75}},"type":"binary-expr","locations":[{"start":{"line":38,"column":30},"end":{"line":38,"column":55}},{"start":{"line":38,"column":59},"end":{"line":38,"column":75}}],"line":38},"1":{"loc":{"start":{"line":44,"column":19},"end":{"line":44,"column":70}},"type":"cond-expr","locations":[{"start":{"line":44,"column":47},"end":{"line":44,"column":61}},{"start":{"line":44,"column":64},"end":{"line":44,"column":70}}],"line":44},"2":{"loc":{"start":{"line":48,"column":12},"end":{"line":48,"column":61}},"type":"binary-expr","locations":[{"start":{"line":48,"column":12},"end":{"line":48,"column":37}},{"start":{"line":48,"column":41},"end":{"line":48,"column":61}}],"line":48},"3":{"loc":{"start":{"line":55,"column":30},"end":{"line":55,"column":73}},"type":"binary-expr","locations":[{"start":{"line":55,"column":30},"end":{"line":55,"column":53}},{"start":{"line":55,"column":57},"end":{"line":55,"column":73}}],"line":55},"4":{"loc":{"start":{"line":61,"column":19},"end":{"line":61,"column":68}},"type":"cond-expr","locations":[{"start":{"line":61,"column":45},"end":{"line":61,"column":59}},{"start":{"line":61,"column":62},"end":{"line":61,"column":68}}],"line":61},"5":{"loc":{"start":{"line":65,"column":12},"end":{"line":65,"column":59}},"type":"binary-expr","locations":[{"start":{"line":65,"column":12},"end":{"line":65,"column":35}},{"start":{"line":65,"column":39},"end":{"line":65,"column":59}}],"line":65},"6":{"loc":{"start":{"line":72,"column":30},"end":{"line":72,"column":75}},"type":"binary-expr","locations":[{"start":{"line":72,"column":30},"end":{"line":72,"column":55}},{"start":{"line":72,"column":59},"end":{"line":72,"column":75}}],"line":72},"7":{"loc":{"start":{"line":78,"column":19},"end":{"line":78,"column":70}},"type":"cond-expr","locations":[{"start":{"line":78,"column":47},"end":{"line":78,"column":61}},{"start":{"line":78,"column":64},"end":{"line":78,"column":70}}],"line":78},"8":{"loc":{"start":{"line":82,"column":12},"end":{"line":82,"column":61}},"type":"binary-expr","locations":[{"start":{"line":82,"column":12},"end":{"line":82,"column":37}},{"start":{"line":82,"column":41},"end":{"line":82,"column":61}}],"line":82},"9":{"loc":{"start":{"line":89,"column":30},"end":{"line":89,"column":73}},"type":"binary-expr","locations":[{"start":{"line":89,"column":30},"end":{"line":89,"column":53}},{"start":{"line":89,"column":57},"end":{"line":89,"column":73}}],"line":89},"10":{"loc":{"start":{"line":95,"column":19},"end":{"line":95,"column":68}},"type":"cond-expr","locations":[{"start":{"line":95,"column":45},"end":{"line":95,"column":59}},{"start":{"line":95,"column":62},"end":{"line":95,"column":68}}],"line":95},"11":{"loc":{"start":{"line":99,"column":12},"end":{"line":99,"column":59}},"type":"binary-expr","locations":[{"start":{"line":99,"column":12},"end":{"line":99,"column":35}},{"start":{"line":99,"column":39},"end":{"line":99,"column":59}}],"line":99},"12":{"loc":{"start":{"line":108,"column":9},"end":{"line":116,"column":9}},"type":"cond-expr","locations":[{"start":{"line":109,"column":10},"end":{"line":109,"column":66}},{"start":{"line":110,"column":12},"end":{"line":116,"column":9}}],"line":108},"13":{"loc":{"start":{"line":110,"column":12},"end":{"line":116,"column":9}},"type":"cond-expr","locations":[{"start":{"line":111,"column":10},"end":{"line":111,"column":30}},{"start":{"line":112,"column":12},"end":{"line":116,"column":9}}],"line":110},"14":{"loc":{"start":{"line":112,"column":12},"end":{"line":116,"column":9}},"type":"cond-expr","locations":[{"start":{"line":113,"column":10},"end":{"line":113,"column":33}},{"start":{"line":115,"column":10},"end":{"line":115,"column":28}}],"line":112}},"s":{"0":0,"1":0,"2":0,"3":0,"4":0,"5":0,"6":0,"7":0,"8":0,"9":0,"10":0},"f":{"0":0,"1":0,"2":0,"3":0,"4":0},"b":{"0":[0,0],"1":[0,0],"2":[0,0],"3":[0,0],"4":[0,0],"5":[0,0],"6":[0,0],"7":[0,0],"8":[0,0],"9":[0,0],"10":[0,0],"11":[0,0],"12":[0,0],"13":[0,0],"14":[0,0]}}
,"/home/user/balltalkapp/app/(tabs)/index.tsx": {"path":"/home/user/balltalkapp/app/(tabs)/index.tsx","statementMap":{"0":{"start":{"line":20,"column":17},"end":{"line":298,"column":1}},"1":{"start":{"line":21,"column":19},"end":{"line":21,"column":28}},"2":{"start":{"line":22,"column":44},"end":{"line":22,"column":64}},"3":{"start":{"line":23,"column":36},"end":{"line":23,"column":50}},"4":{"start":{"line":24,"column":50},"end":{"line":24,"column":79}},"5":{"start":{"line":27,"column":2},"end":{"line":32,"column":13}},"6":{"start":{"line":28,"column":4},"end":{"line":31,"column":5}},"7":{"start":{"line":29,"column":6},"end":{"line":29,"column":40}},"8":{"start":{"line":30,"column":6},"end":{"line":30,"column":53}},"9":{"start":{"line":35,"column":2},"end":{"line":98,"column":9}},"10":{"start":{"line":36,"column":30},"end":{"line":95,"column":5}},"11":{"start":{"line":37,"column":6},"end":{"line":37,"column":25}},"12":{"start":{"line":38,"column":6},"end":{"line":94,"column":7}},"13":{"start":{"line":41,"column":34},"end":{"line":87,"column":9}},"14":{"start":{"line":89,"column":8},"end":{"line":89,"column":36}},"15":{"start":{"line":91,"column":8},"end":{"line":91,"column":62}},"16":{"start":{"line":93,"column":8},"end":{"line":93,"column":28}},"17":{"start":{"line":97,"column":4},"end":{"line":97,"column":24}},"18":{"start":{"line":101,"column":19},"end":{"line":114,"column":3}},"19":{"start":{"line":102,"column":4},"end":{"line":113,"column":5}},"20":{"start":{"line":104,"column":6},"end":{"line":104,"column":32}},"21":{"start":{"line":107,"column":6},"end":{"line":107,"column":34}},"22":{"start":{"line":110,"column":6},"end":{"line":112,"column":15}},"23":{"start":{"line":111,"column":8},"end":{"line":111,"column":34}},"24":{"start":{"line":117,"column":22},"end":{"line":123,"column":3}},"25":{"start":{"line":118,"column":4},"end":{"line":118,"column":27}},"26":{"start":{"line":118,"column":16},"end":{"line":118,"column":27}},"27":{"start":{"line":119,"column":4},"end":{"line":121,"column":5}},"28":{"start":{"line":120,"column":6},"end":{"line":120,"column":45}},"29":{"start":{"line":122,"column":4},"end":{"line":122,"column":28}},"30":{"start":{"line":126,"column":29},"end":{"line":140,"column":3}},"31":{"start":{"line":127,"column":4},"end":{"line":127,"column":25}},"32":{"start":{"line":127,"column":15},"end":{"line":127,"column":25}},"33":{"start":{"line":130,"column":4},"end":{"line":132,"column":5}},"34":{"start":{"line":131,"column":6},"end":{"line":131,"column":30}},"35":{"start":{"line":135,"column":4},"end":{"line":137,"column":5}},"36":{"start":{"line":136,"column":6},"end":{"line":136,"column":27}},"37":{"start":{"line":139,"column":4},"end":{"line":139,"column":21}},"38":{"start":{"line":142,"column":2},"end":{"line":297,"column":4}},"39":{"start":{"line":148,"column":19},"end":{"line":148,"column":44}},"40":{"start":{"line":166,"column":27},"end":{"line":166,"column":49}},"41":{"start":{"line":176,"column":41},"end":{"line":176,"column":73}},"42":{"start":{"line":191,"column":25},"end":{"line":191,"column":47}},"43":{"start":{"line":205,"column":25},"end":{"line":205,"column":46}},"44":{"start":{"line":219,"column":25},"end":{"line":219,"column":50}},"45":{"start":{"line":233,"column":25},"end":{"line":233,"column":48}},"46":{"start":{"line":250,"column":10},"end":{"line":293,"column":17}},"47":{"start":{"line":268,"column":31},"end":{"line":268,"column":48}},"48":{"start":{"line":300,"column":15},"end":{"line":471,"column":2}}},"fnMap":{"0":{"name":"(anonymous_0)","decl":{"start":{"line":20,"column":17},"end":{"line":20,"column":18}},"loc":{"start":{"line":20,"column":23},"end":{"line":298,"column":1}},"line":20},"1":{"name":"(anonymous_1)","decl":{"start":{"line":27,"column":12},"end":{"line":27,"column":13}},"loc":{"start":{"line":27,"column":18},"end":{"line":32,"column":3}},"line":27},"2":{"name":"(anonymous_2)","decl":{"start":{"line":35,"column":12},"end":{"line":35,"column":13}},"loc":{"start":{"line":35,"column":18},"end":{"line":98,"column":3}},"line":35},"3":{"name":"(anonymous_3)","decl":{"start":{"line":36,"column":30},"end":{"line":36,"column":31}},"loc":{"start":{"line":36,"column":42},"end":{"line":95,"column":5}},"line":36},"4":{"name":"(anonymous_4)","decl":{"start":{"line":101,"column":19},"end":{"line":101,"column":20}},"loc":{"start":{"line":101,"column":39},"end":{"line":114,"column":3}},"line":101},"5":{"name":"(anonymous_5)","decl":{"start":{"line":110,"column":17},"end":{"line":110,"column":18}},"loc":{"start":{"line":110,"column":23},"end":{"line":112,"column":7}},"line":110},"6":{"name":"(anonymous_6)","decl":{"start":{"line":117,"column":22},"end":{"line":117,"column":23}},"loc":{"start":{"line":117,"column":53},"end":{"line":123,"column":3}},"line":117},"7":{"name":"(anonymous_7)","decl":{"start":{"line":126,"column":29},"end":{"line":126,"column":30}},"loc":{"start":{"line":126,"column":35},"end":{"line":140,"column":3}},"line":126},"8":{"name":"(anonymous_8)","decl":{"start":{"line":148,"column":13},"end":{"line":148,"column":14}},"loc":{"start":{"line":148,"column":19},"end":{"line":148,"column":44}}
[...]
n":2},"end":{"line":96,"column":3}},{"start":{},"end":{}}],"line":94},"17":{"loc":{"start":{"line":94,"column":6},"end":{"line":94,"column":43}},"type":"binary-expr","locations":[{"start":{"line":94,"column":6},"end":{"line":94,"column":20}},{"start":{"line":94,"column":24},"end":{"line":94,"column":43}}],"line":94},"18":{"loc":{"start":{"line":98,"column":2},"end":{"line":108,"column":3}},"type":"if","locations":[{"start":{"line":98,"column":2},"end":{"line":108,"column":3}},{"start":{},"end":{}}],"line":98},"19":{"loc":{"start":{"line":99,"column":4},"end":{"line":101,"column":5}},"type":"if","locations":[{"start":{"line":99,"column":4},"end":{"line":101,"column":5}},{"start":{},"end":{}}],"line":99},"20":{"loc":{"start":{"line":118,"column":39},"end":{"line":118,"column":74}},"type":"default-arg","locations":[{"start":{"line":118,"column":63},"end":{"line":118,"column":74}}],"line":118},"21":{"loc":{"start":{"line":122,"column":4},"end":{"line":131,"column":5}},"type":"if","locations":[{"start":{"line":122,"column":4},"end":{"line":131,"column":5}},{"start":{"line":129,"column":11},"end":{"line":131,"column":5}}],"line":122},"22":{"loc":{"start":{"line":122,"column":8},"end":{"line":122,"column":51}},"type":"binary-expr","locations":[{"start":{"line":122,"column":8},"end":{"line":122,"column":33}},{"start":{"line":122,"column":37},"end":{"line":122,"column":51}}],"line":122},"23":{"loc":{"start":{"line":123,"column":33},"end":{"line":123,"column":69}},"type":"binary-expr","locations":[{"start":{"line":123,"column":33},"end":{"line":123,"column":57}},{"start":{"line":123,"column":61},"end":{"line":123,"column":69}}],"line":123},"24":{"loc":{"start":{"line":142,"column":66},"end":{"line":142,"column":93}},"type":"default-arg","locations":[{"start":{"line":142,"column":86},"end":{"line":142,"column":93}}],"line":142},"25":{"loc":{"start":{"line":145,"column":4},"end":{"line":147,"column":5}},"type":"if","locations":[{"start":{"line":145,"column":4},"end":{"line":147,"column":5}},{"start":{},"end":{}}],"line":145},"26":{"loc":{"start":{"line":145,"column":8},"end":{"line":145,"column":42}},"type":"binary-expr","locations":[{"start":{"line":145,"column":8},"end":{"line":145,"column":13}},{"start":{"line":145,"column":17},"end":{"line":145,"column":42}}],"line":145},"27":{"loc":{"start":{"line":159,"column":2},"end":{"line":159,"column":34}},"type":"default-arg","locations":[{"start":{"line":159,"column":19},"end":{"line":159,"column":34}}],"line":159},"28":{"loc":{"start":{"line":166,"column":6},"end":{"line":168,"column":7}},"type":"if","locations":[{"start":{"line":166,"column":6},"end":{"line":168,"column":7}},{"start":{},"end":{}}],"line":166},"29":{"loc":{"start":{"line":166,"column":10},"end":{"line":166,"column":46}},"type":"binary-expr","locations":[{"start":{"line":166,"column":10},"end":{"line":166,"column":16}},{"start":{"line":166,"column":20},"end":{"line":166,"column":46}}],"line":166},"30":{"loc":{"start":{"line":182,"column":52},"end":{"line":182,"column":87}},"type":"default-arg","locations":[{"start":{"line":182,"column":76},"end":{"line":182,"column":87}}],"line":182},"31":{"loc":{"start":{"line":202,"column":2},"end":{"line":204,"column":3}},"type":"if","locations":[{"start":{"line":202,"column":2},"end":{"line":204,"column":3}},{"start":{},"end":{}}],"line":202},"32":{"loc":{"start":{"line":202,"column":6},"end":{"line":202,"column":41}},"type":"binary-expr","locations":[{"start":{"line":202,"column":6},"end":{"line":202,"column":12}},{"start":{"line":202,"column":16},"end":{"line":202,"column":41}}],"line":202},"33":{"loc":{"start":{"line":207,"column":4},"end":{"line":211,"column":53}},"type":"binary-expr","locations":[{"start":{"line":207,"column":5},"end":{"line":207,"column":20}},{"start":{"line":207,"column":24},"end":{"line":207,"column":53}},{"start":{"line":208,"column":5},"end":{"line":208,"column":20}},{"start":{"line":208,"column":24},"end":{"line":208,"column":41}},{"start":{"line":209,"column":5},"end":{"line":209,"column":34}},{"start":{"line":209,"column":38},"end":{"line":209,"column":67}},{"start":{"line":210,"column":5},"end":{"line":210,"column":18}},{"start":{"line":210,"column":22},"end":{"line":210,"column":55}},{"start":{"line":211,"column":5},"end":{"line":211,"column":52}}],"line":207},"34":{"loc":{"start":{"line":222,"column":2},"end":{"line":262,"column":3}},"type":"if","locations":[{"start":{"line":222,"column":2},"end":{"line":262,"column":3}},{"start":{"line":239,"column":9},"end":{"line":262,"column":3}}],"line":222},"35":{"loc":{"start":{"line":239,"column":9},"end":{"line":262,"column":3}},"type":"if","locations":[{"start":{"line":239,"column":9},"end":{"line":262,"column":3}},{"start":{"line":251,"column":9},"end":{"line":262,"column":3}}],"line":239}},"s":{"0":0,"1":0,"2":0,"3":0,"4":0,"5":0,"6":0,"7":0,"8":0,"9":0,"10":0,"11":0,"12":0,"13":0,"14":0,"15":0,"16":0,"17":0,"18":0,"19":0,"20":0,"21":0,"22":0,"23":0,"24":0,"25":0,"26":0,"27":0,"28":0,"29":0,"30":0,"31":0,"32":0,"33":0,"34":0,"35":0,"36":0,"37":0,"38":0,"39":0,"40":0,"41":0,"42":0,"43":0,"44":0,"45":0,"46":0,"47":0,"48":0,"49":0,"50":0,"51":0,"52":0,"53":0,"54":0,"55":0,"56":0,"57":0,"58":0,"59":0,"60":0,"61":0,"62":0,"63":0,"64":0,"65":0,"66":0,"67":0,"68":0,"69":0,"70":0,"71":0,"72":0,"73":0,"74":0,"75":0,"76":0,"77":0,"78":0,"79":0,"80":0,"81":0,"82":0,"83":0,"84":0,"85":0,"86":0,"87":0,"88":0,"89":0,"90":0,"91":0,"92":0,"93":0,"94":0,"95":0,"96":0,"97":0,"98":0,"99":0,"100":0,"101":0,"102":0,"103":0,"104":0,"105":0,"106":0,"107":0,"108":0,"109":0,"110":0,"111":0,"112":0,"113":0,"114":0,"115":0,"116":0,"117":0,"118":0},"f":{"0":0,"1":0,"2":0,"3":0,"4":0,"5":0,"6":0,"7":0,"8":0,"9":0,"10":0,"11":0,"12":0,"13":0,"14":0},"b":{"0":[0],"1":[0],"2":[0,0],"3":[0,0,0],"4":[0,0],"5":[0,0],"6":[0,0],"7":[0,0],"8":[0,0],"9":[0,0],"10":[0,0],"11":[0,0],"12":[0,0],"13":[0,0],"14":[0],"15":[0],"16":[0,0],"17":[0,0],"18":[0,0],"19":[0,0],"20":[0],"21":[0,0],"22":[0,0],"23":[0,0],"24":[0],"25":[0,0],"26":[0,0],"27":[0],"28":[0,0],"29":[0,0],"30":[0],"31":[0,0],"32":[0,0],"33":[0,0,0,0,0,0,0,0,0],"34":[0,0],"35":[0,0]}}
,"/home/user/balltalkapp/utils/formatting.ts": {"path":"/home/user/balltalkapp/utils/formatting.ts","statementMap":{"0":{"start":{"line":12,"column":2},"end":{"line":12,"column":56}},"1":{"start":{"line":12,"column":45},"end":{"line":12,"column":56}},"2":{"start":{"line":15,"column":2},"end":{"line":15,"column":30}},"3":{"start":{"line":15,"column":19},"end":{"line":15,"column":30}},"4":{"start":{"line":16,"column":2},"end":{"line":16,"column":33}},"5":{"start":{"line":16,"column":20},"end":{"line":16,"column":33}},"6":{"start":{"line":19,"column":19},"end":{"line":19,"column":34}},"7":{"start":{"line":21,"column":2},"end":{"line":23,"column":3}},"8":{"start":{"line":22,"column":4},"end":{"line":22,"column":56}},"9":{"start":{"line":25,"column":2},"end":{"line":27,"column":3}},"10":{"start":{"line":26,"column":4},"end":{"line":26,"column":53}},"11":{"start":{"line":29,"column":2},"end":{"line":31,"column":3}},"12":{"start":{"line":30,"column":4},"end":{"line":30,"column":50}},"13":{"start":{"line":34,"column":2},"end":{"line":34,"column":26}},"14":{"start":{"line":47,"column":2},"end":{"line":47,"column":23}},"15":{"start":{"line":47,"column":13},"end":{"line":47,"column":23}},"16":{"start":{"line":49,"column":18},"end":{"line":49,"column":66}},"17":{"start":{"line":51,"column":2},"end":{"line":53,"column":3}},"18":{"start":{"line":52,"column":4},"end":{"line":52,"column":26}},"19":{"start":{"line":56,"column":2},"end":{"line":65,"column":3}},"20":{"start":{"line":57,"column":22},"end":{"line":62,"column":6}},"21":{"start":{"line":64,"column":4},"end":{"line":64,"column":37}},"22":{"start":{"line":68,"column":20},"end":{"line":73,"column":4}},"23":{"start":{"line":75,"column":2},"end":{"line":75,"column":35}},"24":{"start":{"line":84,"column":2},"end":{"line":86,"column":3}},"25":{"start":{"line":85,"column":4},"end":{"line":85,"column":18}},"26":{"start":{"line":88,"column":16},"end":{"line":88,"column":42}},"27":{"start":{"line":89,"column":18},"end":{"line":89,"column":51}},"28":{"start":{"line":90,"column":15},"end":{"line":90,"column":39}},"29":{"start":{"line":93,"column":2},"end":{"line":95,"column":3}},"30":{"start":{"line":94,"column":4},"end":{"line":94,"column":97}},"31":{"start":{"line":97,"column":2},"end":{"line":97,"column":58}}},"fnMap":{"0":{"name":"formatNumber","decl":{"start":{"line":11,"column":16},"end":{"line":11,"column":28}},"loc":{"start":{"line":11,"column":74},"end":{"line":35,"column":1}},"line":11},"1":{"name":"formatDate","decl":{"start":{"line":43,"column":16},"end":{"line":43,"column":26}},"loc":{"start":{"line":46,"column":10},"end":{"line":76,"column":1}},"line":46},"2":{"name":"formatDuration","decl":{"start":{"line":83,"column":16},"end":{"line":83,"column":30}},"loc":{"start":{"line":83,"column":56},"end":{"line":98,"column":1}},"line":83}},"branchMap":{"0":{"loc":{"start":{"line":11,"column":44},"end":{"line":11,"column":64}},"type":"default-arg","locations":[{"start":{"line":11,"column":63},"end":{"line":11,"column":64}}],"line":11},"1":{"loc":{"start":{"line":12,"column":2},"end":{"line":12,"column":56}},"type":"if","locations":[{"start":{"line":12,"column":2},"end":{"line":12,"column":56}},{"start":{},"end":{}}],"line":12},"2":{"loc":{"start":{"line":12,"column":6},"end":{"line":12,"column":43}},"type":"binary-expr","locations":[{"start":{"line":12,"column":6},"end":{"line":12,"column":25}},{"start":{"line":12,"column":29},"end":{"line":12,"column":43}}],"line":12},"3":{"loc":{"start":{"line":15,"column":2},"end":{"line":15,"column":30}},"type":"if","locations":[{"start":{"line":15,"column":2},"end":{"line":15,"column":30}},{"start":{},"end":{}}],"line":15},"4":{"loc":{"start":{"line":16,"column":2},"end":{"line":16,"column":33}},"type":"if","locations":[{"start":{"line":16,"column":2},"end":{"line":16,"column":33}},{"start":{},"end":{}}],"line":16},"5":{"loc":{"start":{"line":21,"column":2},"end":{"line":23,"column":3}},"type":"if","locations":[{"start":{"line":21,"column":2},"end":{"line":23,"column":3}},{"start":{},"end":{}}],"line":21},"6":{"loc":{"start":{"line":25,"column":2},"end":{"line":27,"column":3}},"type":"if","locations":[{"start":{"line":25,"column":2},"end":{"line":27,"column":3}},{"start":{},"end":{}}],"line":25},"7":{"loc":{"start":{"line":29,"column":2},"end":{"line":31,"column":3}},"type":"if","locations":[{"start":{"line":29,"column":2},"end":{"line":31,"column":3}},{"start":{},"end":{}}],"line":29},"8":{"loc":{"start":{"line":45,"column":2},"end":{"line":45,"column":58}},"type":"default-arg","locations":[{"start":{"line":45,"column":56},"end":{"line":45,"column":58}}],"line":45},"9":{"loc":{"start":{"line":47,"column":2},"end":{"line":47,"column":23}},"type":"if","locations":[{"start":{"line":47,"column":2},"end":{"line":47,"column":23}},{"start":{},"end":{}}],"line":47},"10":{"loc":{"start":{"line":49,"column":18},"end":{"line":49,"column":66}},"type":"cond-expr","locations":[{"start":{"line":49,"column":45},"end":{"line":49,"column":59}},{"start":{"line":49,"column":62},"end":{"line":49,"column":66}}],"line":49},"11":{"loc":{"start":{"line":51,"column":2},"end":{"line":53,"column":3}},"type":"if","locations":[{"start":{"line":51,"column":2},"end":{"line":53,"column":3}},{"start":{},"end":{}}],"line":51},"12":{"loc":{"start":{"line":56,"column":2},"end":{"line":65,"column":3}},"type":"if","locations":[{"start":{"line":56,"column":2},"end":{"line":65,"column":3}},{"start":{},"end":{}}],"line":56},"13":{"loc":{"start":{"line":61,"column":10},"end":{"line":61,"column":75}},"type":"cond-expr","locations":[{"start":{"line":61,"column":32},"end":{"line":61,"column":70}},{"start":{"line":61,"column":73},"end":{"line":61,"column":75}}],"line":61},"14":{"loc":{"start":{"line":72,"column":8},"end":{"line":72,"column":73}},"type":"cond-expr","locations":[{"start":{"line":72,"column":30},"end":{"line":72,"column":68}},{"start":{"line":72,"column":71},"end":{"line":72,"column":73}}],"line":72},"15":{"loc":{"start":{"line":84,"column":2},"end":{"line":86,"column":3}},"type":"if","locations":[{"start":{"line":84,"column":2},"end":{"line":86,"column":3}},{"start":{},"end":{}}],"line":84},"16":{"loc":{"start":{"line":84,"column":6},"end":{"line":84,"column":65}},"type":"binary-expr","locations":[{"start":{"line":84,"column":6},"end":{"line":84,"column":27}},{"start":{"line":84,"column":31},"end":{"line":84,"column":47}},{"start":{"line":84,"column":51},"end":{"line":84,"column":65}}],"line":84},"17":{"loc":{"start":{"line":93,"column":2},"end":{"line":95,"column":3}},"type":"if","locations":[{"start":{"line":93,"column":2},"end":{"line":95,"column":3}},{"start":{},"end":{}}],"line":93}},"s":{"0":0,"1":0,"2":0,"3":0,"4":0,"5":0,"6":0,"7":0,"8":0,"9":0,"10":0,"11":0,"12":0,"13":0,"14":0,"15":0,"16":0,"17":0,"18":0,"19":0,"20":0,"21":0,"22":0,"23":0,"24":0,"25":0,"26":0,"27":0,"28":0,"29":0,"30":0,"31":0},"f":{"0":0,"1":0,"2":0},"b":{"0":[0],"1":[0,0],"2":[0,0],"3":[0,0],"4":[0,0],"5":[0,0],"6":[0,0],"7":[0,0],"8":[0],"9":[0,0],"10":[0,0],"11":[0,0],"12":[0,0],"13":[0,0],"14":[0,0],"15":[0,0],"16":[0,0,0],"17":[0,0]}}
,"/home/user/balltalkapp/utils/objectDebugger.ts": {"path":"/home/user/balltalkapp/utils/objectDebugger.ts","statementMap":{"0":{"start":{"line":14,"column":2},"end":{"line":14,"column":23}},"1":{"start":{"line":17,"column":2},"end":{"line":17,"column":35}},"2":{"start":{"line":18,"column":2},"end":{"line":18,"column":40}},"3":{"start":{"line":19,"column":2},"end":{"line":19,"column":50}},"4":{"start":{"line":20,"column":2},"end":{"line":20,"column":47}},"5":{"start":{"line":21,"column":2},"end":{"line":21,"column":59}},"6":{"start":{"line":24,"column":2},"end":{"line":32,"column":3}},"7":{"start":{"line":25,"column":4},"end":{"line":25,"column":43}},"8":{"start":{"line":26,"column":4},"end":{"line":26,"column":115}},"9":{"start":{"line":29,"column":4},"end":{"line":31,"column":5}},"10":{"start":{"line":30,"column":6},"end":{"line":30,"column":103}},"11":{"start":{"line":33,"column":2},"end":{"line":33,"column":21}},"12":{"start":{"line":42,"column":25},"end":{"line":55,"column":1}},"13":{"start":{"line":43,"column":2},"end":{"line":54,"column":3}},"14":{"start":{"line":44,"column":4},"end":{"line":44,"column":17}},"15":{"start":{"line":45,"column":9},"end":{"line":54,"column":3}},"16":{"start":{"line":46,"column":4},"end":{"line":46,"column":24}},"17":{"start":{"line":47,"column":9},"end":{"line":54,"column":3}},"18":{"start":{"line":48,"column":4},"end":{"line":48,"column":49}},"19":{"start":{"line":49,"column":4},"end":{"line":49,"column":42}},"20":{"start":{"line":50,"column":9},"end":{"line":54,"column":3}},"21":{"start":{"line":51,"column":4},"end":{"line":51,"column":28}},"22":{"start":{"line":53,"column":4},"end":{"line":53,"column":24}},"23":{"start":{"line":62,"column":26},"end":{"line":69,"column":1}},"24":{"start":{"line":63,"column":2},"end":{"line":67,"column":3}},"25":{"start":{"line":64,"column":4},"end":{"line":64,"column":17}},"26":{"start":{"line":65,"column":9},"end":{"line":67,"column":3}},"27":{"start":{"line":66,"column":4},"end":{"line":66,"column":50}},"28":{"start":{"line":68,"column":2},"end":{"line":68,"column":22}}},"fnMap":{"0":{"name":"inspectObject","decl":{"start":{"line":13,"column":16},"end":{"line":13,"column":29}},"loc":{"start":{"line":13,"column":83},"end":{"line":34,"column":1}},"line":13},"1":{"name":"(anonymous_1)","decl":{"start":{"line":42,"column":25},"end":{"line":42,"column":26}},"loc":{"start":{"line":42,"column":76},"end":{"line":55,"column":1}},"line":42},"2":{"name":"(anonymous_2)","decl":{"start":{"line":62,"column":26},"end":{"line":62,"column":27}},"loc":{"start":{"line":62,"column":68},"end":{"line":69,"column":1}},"line":62}},"branchMap":{"0":{"loc":{"start":{"line":13,"column":40},"end":{"line":13,"column":75}},"type":"default-arg","locations":[{"start":{"line":13,"column":56},"end":{"line":13,"column":75}}],"line":13},"1":{"loc":{"start":{"line":24,"column":2},"end":{"line":32,"column":3}},"type":"if","locations":[{"start":{"line":24,"column":2},"end":{"line":32,"column":3}},{"start":{},"end":{}}],"line":24},"2":{"loc":{"start":{"line":24,"column":6},"end":{"line":24,"column":59}},"type":"binary-expr","locations":[{"start":{"line":24,"column":6},"end":{"line":24,"column":9}},{"start":{"line":24,"column":13},"end":{"line":24,"column":36}},{"start":{"line":24,"column":40},"end":{"line":24,"column":59}}],"line":24},"3":{"loc":{"start":{"line":26,"column":33},"end":{"line":26,"column":113}},"type":"binary-expr","locations":[{"start":{"line":26,"column":33},"end":{"line":26,"column":67}},{"start":{"line":26,"column":71},"end":{"line":26,"column":113}}],"line":26},"4":{"loc":{"start":{"line":29,"column":4},"end":{"line":31,"column":5}},"type":"if","locations":[{"start":{"line":29,"column":4},"end":{"line":31,"column":5}},{"start":{},"end":{}}],"line":29},"5":{"loc":{"start":{"line":29,"column":8},"end":{"line":29,"column":50}},"type":"binary-expr","locations":[{"start":{"line":29,"column":8},"end":{"line":29,"column":16}},{"start":{"line":29,"column":20},"end":{"line":29,"column":50}}],"line":29},"6":{"loc":{"start":{"line":42,"column":38},"end":{"line":42,"column":63}},"type":"default-arg","locations":[{"start":{"line":42,"column":61},"end":{"line":42,"column":63}}],"line":42},"7":{"loc":{"start":{"line":43,"column":2},"end":{"line":54,"column":3}},"type":"if","locations":[{"start":{"line":43,"column":2},"end":{"line":54,"column":3}},{"start":{"line":45,"column":9},"end":{"line":54,"column":3}}],"line":43},"8":{"loc":{"start":{"line":45,"column":9},"end":{"line":54,"column":3}},"type":"if","locations":[{"start":{"line":45,"column":9},"end":{"line":54,"column":3}},{"start":{"line":47,"column":9},"end":{"line":54,"column":3}}],"line":45},"9":{"loc":{"start":{"line":45,"column":13},"end":{"line":45,"column":50}},"type":"binary-expr","locations":[{"start":{"line":45,"column":13},"end":{"line":45,"column":27}},{"start":{"line":45,"column":31},"end":{"line":45,"column":50}}],"line":45},"10":{"loc":{"start":{"line":47,"column":9},"end":{"line":54,"column":3}},"type":"if","locations":[{"start":{"line":47,"column":9},"end":{"line":54,"column":3}},{"start":{"line":50,"column":9},"end":{"line":54,"column":3}}],"line":47},"11":{"loc":{"start":{"line":50,"column":9},"end":{"line":54,"column":3}},"type":"if","locations":[{"start":{"line":50,"column":9},"end":{"line":54,"column":3}},{"start":{"line":52,"column":9},"end":{"line":54,"column":3}}],"line":50},"12":{"loc":{"start":{"line":50,"column":13},"end":{"line":50,"column":68}},"type":"binary-expr","locations":[{"start":{"line":50,"column":13},"end":{"line":50,"column":38}},{"start":{"line":50,"column":42},"end":{"line":50,"column":68}}],"line":50},"13":{"loc":{"start":{"line":62,"column":39},"end":{"line":62,"column":63}},"type":"default-arg","locations":[{"start":{"line":62,"column":59},"end":{"line":62,"column":63}}],"line":62},"14":{"loc":{"start":{"line":63,"column":2},"end":{"line":67,"column":3}},"type":"if","locations":[{"start":{"line":63,"column":2},"end":{"line":67,"column":3}},{"start":{"line":65,"column":9},"end":{"line":67,"column":3}}],"line":63},"15":{"loc":{"start":{"line":65,"column":9},"end":{"line":67,"column":3}},"type":"if","locations":[{"start":{"line":65,"column":9},"end":{"line":67,"column":3}},{"start":{},"end":{}}],"line":65}},"s":{"0":8,"1":8,"2":8,"3":8,"4":8,"5":8,"6":8,"7":5,"8":5,"9":5,"10":1,"11":8,"12":1,"13":7,"14":1,"15":6,"16":2,"17":4,"18":1,"19":1,"20":3,"21":3,"22":0,"23":1,"24":3,"25":1,"26":2,"27":2,"28":2},"f":{"0":8,"1":7,"2":3},"b":{"0":[0],"1":[5,3],"2":[8,6,6],"3":[5,5],"4":[1,4],"5":[5,1],"6":[5],"7":[1,6],"8":[2,4],"9":[6,5],"10":[1,3],"11":[3,0],"12":[3,2],"13":[2],"14":[1,2],"15":[2,0]},"_coverageSchema":"1a1c01bbd47fc00a2c39e90264f33305004495a9","hash":"09d4271bdcfbc01a623cc0ee10ab691e5aec426b"}
}
