TN:
SF:App.tsx
FN:7,App
FNF:1
FNH:0
FNDA:0,App
DA:8,0
DA:19,0
LF:2
LH:0
BRF:0
BRH:0
end_of_record
TN:
SF:app.config.js
FNF:0
FNH:0
DA:1,0
LF:1
LH:0
BRF:0
BRH:0
end_of_record
TN:
SF:eslint.config.js
FNF:0
FNH:0
DA:3,0
LF:1
LH:0
BRF:0
BRH:0
end_of_record
TN:
SF:index.js
FNF:0
FNH:0
LF:0
LH:0
BRF:0
BRH:0
end_of_record
TN:
SF:jest.config.js
FNF:0
FNH:0
DA:1,0
LF:1
LH:0
BRF:0
BRH:0
end_of_record
TN:
SF:metro.config.js
FN:14,(anonymous_0)
FN:29,(anonymous_1)
FN:30,(anonymous_2)
FNF:3
FNH:0
FNDA:0,(anonymous_0)
FNDA:0,(anonymous_1)
FNDA:0,(anonymous_2)
DA:2,0
DA:5,0
DA:8,0
DA:11,0
DA:14,0
DA:15,0
DA:18,0
DA:27,0
DA:30,0
DA:32,0
DA:33,0
DA:38,0
LF:12
LH:0
BRF:0
BRH:0
end_of_record
TN:
SF:.github/workflows/run-audio-ci.js
FN:18,(anonymous_0)
FNF:1
FNH:0
FNDA:0,(anonymous_0)
DA:7,0
DA:8,0
DA:9,0
DA:11,0
DA:14,0
DA:15,0
DA:17,0
DA:18,0
DA:20,0
DA:22,0
DA:23,0
DA:25,0
DA:28,0
DA:29,0
DA:31,0
DA:35,0
DA:36,0
DA:38,0
DA:40,0
DA:41,0
DA:42,0
DA:44,0
DA:47,0
DA:48,0
DA:50,0
DA:54,0
DA:55,0
DA:56,0
DA:57,0
DA:61,0
DA:64,0
DA:65,0
DA:66,0
DA:68,0
DA:70,0
DA:73,0
DA:75,0
DA:76,0
DA:81,0
DA:82,0
DA:83,0
DA:84,0
DA:85,0
DA:86,0
DA:88,0
DA:89,0
DA:91,0
DA:94,0
DA:97,0
DA:98,0
DA:102,0
DA:103,0
DA:105,0
DA:106,0
DA:107,0
DA:111,0
DA:112,0
DA:126,0
DA:127,0
DA:129,0
DA:130,0
DA:133,0
DA:134,0
DA:135,0
LF:64
LH:0
BRDA:20,0,0,0
BRDA:20,0,1,0
BRDA:40,1,0,0
BRDA:40,1,1,0
BRDA:56,2,0,0
BRDA:56,2,1,0
BRDA:83,3,0,0
BRDA:83,3,1,0
BRDA:106,4,0,0
BRDA:106,4,1,0
BRF:10
BRH:0
end_of_record
TN:
SF:app/_layout.tsx
FN:10,(anonymous_0)
FN:19,(anonymous_1)
FN:24,(anonymous_2)
FN:28,(anonymous_3)
FN:32,(anonymous_4)
FN:47,FallbackComponent
FN:57,RootLayout
FN:61,(anonymous_7)
FN:65,(anonymous_8)
FN:70,(anonymous_9)
FNF:10
FNH:0
FNDA:0,(anonymous_0)
FNDA:0,(anonymous_1)
FNDA:0,(anonymous_2)
FNDA:0,(anonymous_3)
FNDA:0,(anonymous_4)
FNDA:0,FallbackComponent
FNDA:0,RootLayout
FNDA:0,(anonymous_7)
FNDA:0,(anonymous_8)
FNDA:0,(anonymous_9)
DA:8,0
DA:9,0
DA:10,0
DA:11,0
DA:13,0
DA:20,0
DA:21,0
DA:25,0
DA:29,0
DA:33,0
DA:34,0
DA:42,0
DA:48,0
DA:58,0
DA:61,0
DA:62,0
DA:65,0
DA:66,0
DA:67,0
DA:70,0
DA:73,0
DA:74,0
DA:77,0
DA:86,0
LF:24
LH:0
BRDA:8,0,0,0
BRDA:8,0,1,0
BRDA:8,1,0,0
BRDA:8,1,1,0
BRDA:9,2,0,0
BRDA:9,2,1,0
BRDA:33,3,0,0
BRDA:33,3,1,0
BRDA:37,4,0,0
BRDA:37,4,1,0
BRDA:73,5,0,0
BRDA:73,5,1,0
BRF:12
BRH:0
end_of_record
TN:
SF:app/athlete-examples.tsx
FN:15,AthleteExamples
FN:67,(anonymous_1)
FN:90,(anonymous_2)
FN:91,(anonymous_3)
FN:92,(anonymous_4)
FN:104,(anonymous_5)
FN:105,(anonymous_6)
FNF:7
FNH:0
FNDA:0,AthleteExamples
FNDA:0,(anonymous_1)
FNDA:0,(anonymous_2)
FNDA:0,(anonymous_3)
FNDA:0,(anonymous_4)
FNDA:0,(anonymous_5)
FNDA:0,(anonymous_6)
DA:16,0
DA:17,0
DA:20,0
DA:36,0
DA:67,0
DA:90,0
DA:91,0
DA:92,0
DA:104,0
DA:105,0
DA:153,0
LF:11
LH:0
BRDA:39,0,0,0
BRDA:39,0,1,0
BRF:2
BRH:0
end_of_record
TN:
SF:app/debug.tsx
FN:6,DebugScreen
FN:14,(anonymous_1)
FN:35,(anonymous_2)
FN:48,(anonymous_3)
FN:60,(anonymous_4)
FN:72,(anonymous_5)
FN:94,(anonymous_6)
FN:103,(anonymous_7)
FNF:8
FNH:0
FNDA:0,DebugScreen
FNDA:0,(anonymous_1)
FNDA:0,(anonymous_2)
FNDA:0,(anonymous_3)
FNDA:0,(anonymous_4)
FNDA:0,(anonymous_5)
FNDA:0,(anonymous_6)
FNDA:0,(anonymous_7)
DA:7,0
DA:8,0
DA:9,0
DA:10,0
DA:11,0
DA:12,0
DA:14,0
DA:16,0
DA:17,0
DA:18,0
DA:20,0
DA:21,0
DA:22,0
DA:26,0
DA:29,0
DA:32,0
DA:35,0
DA:36,0
DA:38,0
DA:39,0
DA:40,0
DA:41,0
DA:43,0
DA:44,0
DA:48,0
DA:49,0
DA:50,0
DA:52,0
DA:53,0
DA:55,0
DA:56,0
DA:60,0
DA:61,0
DA:63,0
DA:64,0
DA:65,0
DA:67,0
DA:68,0
DA:72,0
DA:73,0
DA:74,0
DA:75,0
DA:76,0
DA:77,0
DA:80,0
DA:81,0
DA:82,0
DA:84,0
DA:85,0
DA:86,0
DA:89,0
DA:90,0
DA:91,0
DA:94,0
DA:95,0
DA:96,0
DA:97,0
DA:98,0
DA:99,0
DA:103,0
DA:104,0
DA:105,0
DA:106,0
DA:107,0
DA:108,0
DA:112,0
DA:182,0
LF:67
LH:0
BRDA:17,0,0,0
BRDA:17,0,1,0
BRDA:18,1,0,0
BRDA:18,1,1,0
BRDA:22,2,0,0
BRDA:22,2,1,0
BRDA:40,3,0,0
BRDA:40,3,1,0
BRDA:52,4,0,0
BRDA:52,4,1,0
BRDA:53,5,0,0
BRDA:53,5,1,0
BRDA:64,6,0,0
BRDA:64,6,1,0
BRDA:65,7,0,0
BRDA:65,7,1,0
BRDA:81,8,0,0
BRDA:81,8,1,0
BRDA:82,9,0,0
BRDA:82,9,1,0
BRDA:86,10,0,0
BRDA:86,10,1,0
BRDA:95,11,0,0
BRDA:95,11,1,0
BRDA:95,11,2,0
BRDA:95,11,3,0
BRDA:104,12,0,0
BRDA:104,12,1,0
BRDA:104,12,2,0
BRDA:104,12,3,0
BRDA:154,13,0,0
BRDA:154,13,1,0
BRDA:164,14,0,0
BRDA:164,14,1,0
BRDA:164,15,0,0
BRDA:164,15,1,0
BRDA:166,16,0,0
BRDA:166,16,1,0
BRDA:169,17,0,0
BRDA:169,17,1,0
BRDA:170,18,0,0
BRDA:170,18,1,0
BRF:42
BRH:0
end_of_record
TN:
SF:app/index.tsx
FN:6,Index
FN:7,(anonymous_1)
FNF:2
FNH:0
FNDA:0,Index
FNDA:0,(anonymous_1)
DA:7,0
DA:8,0
DA:11,0
DA:37,0
LF:4
LH:0
BRF:0
BRH:0
end_of_record
TN:
SF:app/(auth)/_layout.tsx
FN:3,AuthLayout
FNF:1
FNH:0
FNDA:0,AuthLayout
DA:4,0
LF:1
LH:0
BRF:0
BRH:0
end_of_record
TN:
SF:app/(auth)/athlete-signup.tsx
FN:6,AthleteSignupScreen
FN:9,(anonymous_1)
FNF:2
FNH:0
FNDA:0,AthleteSignupScreen
FNDA:0,(anonymous_1)
DA:7,0
DA:9,0
DA:10,0
DA:13,0
DA:20,0
LF:5
LH:0
BRF:0
BRH:0
end_of_record
TN:
SF:app/(auth)/fan-hub.tsx
FN:5,FanHubScreen
FNF:1
FNH:0
FNDA:0,FanHubScreen
DA:6,0
DA:14,0
LF:2
LH:0
BRF:0
BRH:0
end_of_record
TN:
SF:app/(auth)/index.tsx
FN:4,AuthIndex
FNF:1
FNH:0
FNDA:0,AuthIndex
DA:6,0
LF:1
LH:0
BRF:0
BRH:0
end_of_record
TN:
SF:app/(auth)/login.tsx
FN:31,(anonymous_0)
FN:51,(anonymous_1)
FN:62,(anonymous_2)
FN:73,(anonymous_3)
FN:116,(anonymous_4)
FN:118,(anonymous_5)
FN:148,(anonymous_6)
FN:168,(anonymous_7)
FN:172,(anonymous_8)
FN:186,(anonymous_9)
FN:193,(anonymous_10)
FN:198,(anonymous_11)
FN:247,(anonymous_12)
FN:248,(anonymous_13)
FN:256,(anonymous_14)
FN:260,(anonymous_15)
FN:277,(anonymous_16)
FN:286,(anonymous_17)
FN:300,(anonymous_18)
FN:309,(anonymous_19)
FNF:20
FNH:0
FNDA:0,(anonymous_0)
FNDA:0,(anonymous_1)
FNDA:0,(anonymous_2)
FNDA:0,(anonymous_3)
FNDA:0,(anonymous_4)
FNDA:0,(anonymous_5)
FNDA:0,(anonymous_6)
FNDA:0,(anonymous_7)
FNDA:0,(anonymous_8)
FNDA:0,(anonymous_9)
FNDA:0,(anonymous_10)
FNDA:0,(anonymous_11)
FNDA:0,(anonymous_12)
FNDA:0,(anonymous_13)
FNDA:0,(anonymous_14)
FNDA:0,(anonymous_15)
FNDA:0,(anonymous_16)
FNDA:0,(anonymous_17)
FNDA:0,(anonymous_18)
FNDA:0,(anonymous_19)
DA:31,0
DA:32,0
DA:33,0
DA:34,0
DA:35,0
DA:38,0
DA:44,0
DA:46,0
DA:47,0
DA:51,0
DA:52,0
DA:53,0
DA:54,0
DA:55,0
DA:56,0
DA:59,0
DA:62,0
DA:64,0
DA:65,0
DA:67,0
DA:68,0
DA:73,0
DA:74,0
DA:75,0
DA:76,0
DA:79,0
DA:80,0
DA:82,0
DA:83,0
DA:86,0
DA:88,0
DA:89,0
DA:90,0
DA:91,0
DA:92,0
DA:95,0
DA:96,0
DA:97,0
DA:99,0
DA:100,0
DA:101,0
DA:111,0
DA:116,0
DA:117,0
DA:118,0
DA:120,0
DA:124,0
DA:127,0
DA:129,0
DA:132,0
DA:133,0
DA:134,0
DA:135,0
DA:137,0
DA:138,0
DA:142,0
DA:144,0
DA:148,0
DA:149,0
DA:151,0
DA:152,0
DA:153,0
DA:154,0
DA:155,0
DA:156,0
DA:157,0
DA:158,0
DA:159,0
DA:160,0
DA:164,0
DA:165,0
DA:168,0
DA:169,0
DA:172,0
DA:173,0
DA:174,0
DA:175,0
DA:177,0
DA:178,0
DA:181,0
DA:182,0
DA:185,0
DA:187,0
DA:189,0
DA:190,0
DA:194,0
DA:195,0
DA:196,0
DA:199,0
DA:203,0
DA:247,0
DA:248,0
DA:257,0
DA:258,0
DA:261,0
DA:262,0
DA:277,0
DA:286,0
DA:300,0
DA:309,0
DA:330,0
LF:101
LH:0
BRDA:35,0,0,0
BRDA:35,0,1,0
BRDA:39,1,0,0
BRDA:39,1,1,0
BRDA:40,2,0,0
BRDA:40,2,1,0
BRDA:41,3,0,0
BRDA:41,3,1,0
BRDA:67,4,0,0
BRDA:67,4,1,0
BRDA:74,5,0,0
BRDA:74,5,1,0
BRDA:74,6,0,0
BRDA:74,6,1,0
BRDA:99,7,0,0
BRDA:99,7,1,0
BRDA:152,8,0,0
BRDA:152,8,1,0
BRDA:153,9,0,0
BRDA:153,9,1,0
BRDA:153,9,2,0
BRDA:153,9,3,0
BRDA:153,9,4,0
BRDA:153,9,5,0
BRDA:153,9,6,0
BRDA:160,10,0,0
BRDA:160,10,1,0
BRDA:177,11,0,0
BRDA:177,11,1,0
BRDA:189,12,0,0
BRDA:189,12,1,0
BRDA:229,13,0,0
BRDA:229,13,1,0
BRDA:234,14,0,0
BRDA:234,14,1,0
BRDA:238,15,0,0
BRDA:238,15,1,0
BRDA:262,16,0,0
BRDA:262,16,1,0
BRDA:289,17,0,0
BRDA:289,17,1,0
BRDA:293,18,0,0
BRDA:293,18,1,0
BRF:43
BRH:0
end_of_record
TN:
SF:app/(auth)/signup.tsx
FN:17,(anonymous_0)
FN:26,(anonymous_1)
FN:59,(anonymous_2)
FN:111,(anonymous_3)
FN:128,(anonymous_4)
FN:157,(anonymous_5)
FN:158,(anonymous_6)
FNF:7
FNH:0
FNDA:0,(anonymous_0)
FNDA:0,(anonymous_1)
FNDA:0,(anonymous_2)
FNDA:0,(anonymous_3)
FNDA:0,(anonymous_4)
FNDA:0,(anonymous_5)
FNDA:0,(anonymous_6)
DA:17,0
DA:18,0
DA:19,0
DA:20,0
DA:21,0
DA:22,0
DA:23,0
DA:24,0
DA:26,0
DA:28,0
DA:29,0
DA:30,0
DA:33,0
DA:34,0
DA:35,0
DA:38,0
DA:39,0
DA:40,0
DA:43,0
DA:44,0
DA:45,0
DA:48,0
DA:50,0
DA:52,0
DA:53,0
DA:55,0
DA:59,0
DA:60,0
DA:63,0
DA:111,0
DA:128,0
DA:157,0
DA:158,0
DA:174,0
LF:34
LH:0
BRDA:28,0,0,0
BRDA:28,0,1,0
BRDA:28,1,0,0
BRDA:28,1,1,0
BRDA:28,1,2,0
BRDA:28,1,3,0
BRDA:33,2,0,0
BRDA:33,2,1,0
BRDA:38,3,0,0
BRDA:38,3,1,0
BRDA:53,4,0,0
BRDA:53,4,1,0
BRDA:109,5,0,0
BRDA:109,5,1,0
BRDA:117,6,0,0
BRDA:117,6,1,0
BRDA:126,7,0,0
BRDA:126,7,1,0
BRDA:134,8,0,0
BRDA:134,8,1,0
BRDA:144,9,0,0
BRDA:144,9,1,0
BRDA:148,10,0,0
BRDA:148,10,1,0
BRF:24
BRH:0
end_of_record
TN:
SF:app/(tabs)/_layout.tsx
FN:10,TabBarIcon
FN:17,TabLayout
FN:37,(anonymous_2)
FN:44,(anonymous_3)
FN:51,(anonymous_4)
FN:58,(anonymous_5)
FN:65,(anonymous_6)
FN:72,(anonymous_7)
FNF:8
FNH:0
FNDA:0,TabBarIcon
FNDA:0,TabLayout
FNDA:0,(anonymous_2)
FNDA:0,(anonymous_3)
FNDA:0,(anonymous_4)
FNDA:0,(anonymous_5)
FNDA:0,(anonymous_6)
FNDA:0,(anonymous_7)
DA:14,0
DA:18,0
DA:21,0
DA:23,0
DA:37,0
DA:44,0
DA:51,0
DA:58,0
DA:65,0
DA:72,0
LF:10
LH:0
BRDA:21,0,0,0
BRDA:21,0,1,0
BRDA:24,1,0,0
BRDA:24,1,1,0
BRF:4
BRH:0
end_of_record
TN:
SF:app/(tabs)/admin-verification.tsx
FN:19,AdminVerificationScreen
FN:32,(anonymous_1)
FN:44,(anonymous_2)
FN:45,(anonymous_3)
FN:50,(anonymous_4)
FN:67,(anonymous_5)
FN:81,(anonymous_6)
FN:82,(anonymous_7)
FN:97,(anonymous_8)
FN:111,(anonymous_9)
FN:112,(anonymous_10)
FN:159,(anonymous_11)
FN:163,(anonymous_12)
FN:195,(anonymous_13)
FN:215,(anonymous_14)
FN:246,(anonymous_15)
FN:261,(anonymous_16)
FN:272,(anonymous_17)
FNF:18
FNH:0
FNDA:0,AdminVerificationScreen
FNDA:0,(anonymous_1)
FNDA:0,(anonymous_2)
FNDA:0,(anonymous_3)
FNDA:0,(anonymous_4)
FNDA:0,(anonymous_5)
FNDA:0,(anonymous_6)
FNDA:0,(anonymous_7)
FNDA:0,(anonymous_8)
FNDA:0,(anonymous_9)
FNDA:0,(anonymous_10)
FNDA:0,(anonymous_11)
FNDA:0,(anonymous_12)
FNDA:0,(anonymous_13)
FNDA:0,(anonymous_14)
FNDA:0,(anonymous_15)
FNDA:0,(anonymous_16)
FNDA:0,(anonymous_17)
DA:20,0
DA:21,0
DA:22,0
DA:25,0
DA:28,0
DA:29,0
DA:32,0
DA:44,0
DA:45,0
DA:46,0
DA:47,0
DA:48,0
DA:50,0
DA:54,0
DA:56,0
DA:57,0
DA:59,0
DA:63,0
DA:67,0
DA:68,0
DA:70,0
DA:71,0
DA:72,0
DA:78,0
DA:79,0
DA:81,0
DA:82,0
DA:84,0
DA:86,0
DA:89,0
DA:90,0
DA:92,0
DA:97,0
DA:98,0
DA:100,0
DA:101,0
DA:102,0
DA:108,0
DA:109,0
DA:111,0
DA:112,0
DA:114,0
DA:115,0
DA:117,0
DA:120,0
DA:121,0
DA:123,0
DA:127,0
DA:128,0
DA:141,0
DA:160,0
DA:163,0
DA:195,0
DA:215,0
DA:247,0
DA:261,0
DA:272,0
DA:290,0
LF:58
LH:0
BRDA:52,0,0,0
BRDA:52,0,1,0
BRDA:68,1,0,0
BRDA:68,1,1,0
BRDA:78,2,0,0
BRDA:78,2,1,0
BRDA:98,3,0,0
BRDA:98,3,1,0
BRDA:105,4,0,0
BRDA:105,4,1,0
BRDA:108,5,0,0
BRDA:108,5,1,0
BRDA:127,6,0,0
BRDA:127,6,1,0
BRDA:148,7,0,0
BRDA:148,7,1,0
BRDA:208,8,0,0
BRDA:208,8,1,0
BRDA:264,9,0,0
BRDA:264,9,1,0
BRDA:275,10,0,0
BRDA:275,10,1,0
BRF:22
BRH:0
end_of_record
TN:
SF:app/(tabs)/athlete-profile.tsx
FN:10,AthleteProfileScreen
FN:23,(anonymous_1)
FN:30,(anonymous_2)
FN:49,(anonymous_3)
FN:61,(anonymous_4)
FN:62,(anonymous_5)
FN:74,(anonymous_6)
FNF:7
FNH:0
FNDA:0,AthleteProfileScreen
FNDA:0,(anonymous_1)
FNDA:0,(anonymous_2)
FNDA:0,(anonymous_3)
FNDA:0,(anonymous_4)
FNDA:0,(anonymous_5)
FNDA:0,(anonymous_6)
DA:11,0
DA:12,0
DA:15,0
DA:16,0
DA:23,0
DA:30,0
DA:39,0
DA:40,0
DA:49,0
DA:58,0
DA:59,0
DA:61,0
DA:63,0
DA:71,0
DA:74,0
DA:80,0
LF:16
LH:0
BRDA:15,0,0,0
BRDA:15,0,1,0
BRDA:39,1,0,0
BRDA:39,1,1,0
BRDA:58,2,0,0
BRDA:58,2,1,0
BRF:6
BRH:0
end_of_record
TN:
SF:app/(tabs)/athletes-example.tsx
FN:16,AthletesExample
FN:67,(anonymous_1)
FN:90,(anonymous_2)
FN:91,(anonymous_3)
FN:92,(anonymous_4)
FN:108,(anonymous_5)
FN:109,(anonymous_6)
FNF:7
FNH:0
FNDA:0,AthletesExample
FNDA:0,(anonymous_1)
FNDA:0,(anonymous_2)
FNDA:0,(anonymous_3)
FNDA:0,(anonymous_4)
FNDA:0,(anonymous_5)
FNDA:0,(anonymous_6)
DA:17,0
DA:18,0
DA:21,0
DA:37,0
DA:67,0
DA:90,0
DA:91,0
DA:92,0
DA:108,0
DA:109,0
DA:159,0
LF:11
LH:0
BRDA:40,0,0,0
BRDA:40,0,1,0
BRF:2
BRH:0
end_of_record
TN:
SF:app/(tabs)/athletes.tsx
FN:8,AthletesScreen
FN:15,(anonymous_1)
FN:22,(anonymous_2)
FN:31,(anonymous_3)
FN:32,(anonymous_4)
FN:33,(anonymous_5)
FNF:6
FNH:0
FNDA:0,AthletesScreen
FNDA:0,(anonymous_1)
FNDA:0,(anonymous_2)
FNDA:0,(anonymous_3)
FNDA:0,(anonymous_4)
FNDA:0,(anonymous_5)
DA:9,0
DA:15,0
DA:23,0
DA:31,0
DA:32,0
DA:33,0
DA:46,0
LF:7
LH:0
BRF:0
BRH:0
end_of_record
TN:
SF:app/(tabs)/chat.tsx
FN:19,(anonymous_0)
FN:77,ChatAndFanHubScreen
FN:82,(anonymous_2)
FN:85,(anonymous_3)
FN:102,(anonymous_4)
FN:105,(anonymous_5)
FN:120,(anonymous_6)
FN:134,(anonymous_7)
FN:147,(anonymous_8)
FN:168,(anonymous_9)
FN:200,(anonymous_10)
FN:213,(anonymous_11)
FNF:12
FNH:0
FNDA:0,(anonymous_0)
FNDA:0,ChatAndFanHubScreen
FNDA:0,(anonymous_2)
FNDA:0,(anonymous_3)
FNDA:0,(anonymous_4)
FNDA:0,(anonymous_5)
FNDA:0,(anonymous_6)
FNDA:0,(anonymous_7)
FNDA:0,(anonymous_8)
FNDA:0,(anonymous_9)
FNDA:0,(anonymous_10)
FNDA:0,(anonymous_11)
DA:19,0
DA:28,0
DA:53,0
DA:78,0
DA:79,0
DA:80,0
DA:82,0
DA:83,0
DA:85,0
DA:102,0
DA:103,0
DA:105,0
DA:119,0
DA:121,0
DA:126,0
DA:134,0
DA:147,0
DA:168,0
DA:200,0
DA:213,0
DA:225,0
LF:21
LH:0
BRDA:89,0,0,0
BRDA:89,0,1,0
BRDA:119,1,0,0
BRDA:119,1,1,0
BRDA:121,2,0,0
BRDA:121,2,1,0
BRDA:130,3,0,0
BRDA:130,3,1,0
BRDA:145,4,0,0
BRDA:145,4,1,0
BRDA:152,5,0,0
BRDA:152,5,1,0
BRDA:157,6,0,0
BRDA:157,6,1,0
BRDA:166,7,0,0
BRDA:166,7,1,0
BRDA:173,8,0,0
BRDA:173,8,1,0
BRDA:178,9,0,0
BRDA:178,9,1,0
BRDA:185,10,0,0
BRDA:185,10,1,0
BRDA:206,11,0,0
BRDA:206,11,1,0
BRF:24
BRH:0
end_of_record
TN:
SF:app/(tabs)/community.tsx
FN:55,(anonymous_0)
FN:63,CommunityScreen
FN:68,(anonymous_2)
FN:74,(anonymous_3)
FN:75,(anonymous_4)
FN:83,(anonymous_5)
FN:85,(anonymous_6)
FN:86,(anonymous_7)
FN:94,(anonymous_8)
FN:97,(anonymous_9)
FN:119,(anonymous_10)
FN:132,(anonymous_11)
FN:139,(anonymous_12)
FN:152,(anonymous_13)
FN:165,(anonymous_14)
FN:186,(anonymous_15)
FN:217,(anonymous_16)
FN:222,(anonymous_17)
FN:232,(anonymous_18)
FN:233,(anonymous_19)
FNF:20
FNH:0
FNDA:0,(anonymous_0)
FNDA:0,CommunityScreen
FNDA:0,(anonymous_2)
FNDA:0,(anonymous_3)
FNDA:0,(anonymous_4)
FNDA:0,(anonymous_5)
FNDA:0,(anonymous_6)
FNDA:0,(anonymous_7)
FNDA:0,(anonymous_8)
FNDA:0,(anonymous_9)
FNDA:0,(anonymous_10)
FNDA:0,(anonymous_11)
FNDA:0,(anonymous_12)
FNDA:0,(anonymous_13)
FNDA:0,(anonymous_14)
FNDA:0,(anonymous_15)
FNDA:0,(anonymous_16)
FNDA:0,(anonymous_17)
FNDA:0,(anonymous_18)
FNDA:0,(anonymous_19)
DA:19,0
DA:55,0
DA:64,0
DA:65,0
DA:66,0
DA:67,0
DA:69,0
DA:70,0
DA:74,0
DA:75,0
DA:80,0
DA:83,0
DA:85,0
DA:86,0
DA:87,0
DA:94,0
DA:97,0
DA:98,0
DA:119,0
DA:131,0
DA:133,0
DA:138,0
DA:140,0
DA:146,0
DA:152,0
DA:165,0
DA:186,0
DA:217,0
DA:223,0
DA:232,0
DA:233,0
DA:247,0
LF:32
LH:0
BRDA:80,0,0,0
BRDA:80,0,1,0
BRDA:87,1,0,0
BRDA:87,1,1,0
BRDA:94,2,0,0
BRDA:94,2,1,0
BRDA:102,3,0,0
BRDA:102,3,1,0
BRDA:117,4,0,0
BRDA:117,4,1,0
BRDA:123,5,0,0
BRDA:123,5,1,0
BRDA:125,6,0,0
BRDA:125,6,1,0
BRDA:131,7,0,0
BRDA:131,7,1,0
BRDA:133,8,0,0
BRDA:133,8,1,0
BRDA:138,9,0,0
BRDA:138,9,1,0
BRDA:140,10,0,0
BRDA:140,10,1,0
BRDA:140,10,2,0
BRDA:163,11,0,0
BRDA:163,11,1,0
BRDA:170,12,0,0
BRDA:170,12,1,0
BRDA:175,13,0,0
BRDA:175,13,1,0
BRDA:184,14,0,0
BRDA:184,14,1,0
BRDA:191,15,0,0
BRDA:191,15,1,0
BRDA:196,16,0,0
BRDA:196,16,1,0
BRDA:207,17,0,0
BRDA:207,17,1,0
BRDA:213,18,0,0
BRDA:213,18,1,0
BRF:39
BRH:0
end_of_record
TN:
SF:app/(tabs)/discover.tsx
FN:64,(anonymous_0)
FN:68,(anonymous_1)
FN:72,(anonymous_2)
FN:76,(anonymous_3)
FN:138,DiscoverScreen
FN:164,(anonymous_5)
FN:165,(anonymous_6)
FNF:7
FNH:0
FNDA:0,(anonymous_0)
FNDA:0,(anonymous_1)
FNDA:0,(anonymous_2)
FNDA:0,(anonymous_3)
FNDA:0,DiscoverScreen
FNDA:0,(anonymous_5)
FNDA:0,(anonymous_6)
DA:7,0
DA:10,0
DA:64,0
DA:65,0
DA:66,0
DA:68,0
DA:69,0
DA:72,0
DA:73,0
DA:76,0
DA:77,0
DA:78,0
DA:79,0
DA:80,0
DA:82,0
DA:85,0
DA:139,0
DA:141,0
DA:164,0
DA:165,0
DA:174,0
LF:21
LH:0
BRDA:77,0,0,0
BRDA:77,0,1,0
BRDA:79,1,0,0
BRDA:79,1,1,0
BRDA:96,2,0,0
BRDA:96,2,1,0
BRDA:107,3,0,0
BRDA:107,3,1,0
BRDA:117,4,0,0
BRDA:117,4,1,0
BRDA:119,5,0,0
BRDA:119,5,1,0
BRDA:159,6,0,0
BRDA:159,6,1,0
BRF:14
BRH:0
end_of_record
TN:
SF:app/(tabs)/fan-hub.tsx
FN:17,(anonymous_0)
FN:50,FanHubScreen
FN:52,(anonymous_2)
FN:58,(anonymous_3)
FN:59,(anonymous_4)
FN:67,(anonymous_5)
FN:70,(anonymous_6)
FN:90,(anonymous_7)
FN:102,(anonymous_8)
FN:112,(anonymous_9)
FN:122,(anonymous_10)
FN:123,(anonymous_11)
FNF:12
FNH:0
FNDA:0,(anonymous_0)
FNDA:0,FanHubScreen
FNDA:0,(anonymous_2)
FNDA:0,(anonymous_3)
FNDA:0,(anonymous_4)
FNDA:0,(anonymous_5)
FNDA:0,(anonymous_6)
FNDA:0,(anonymous_7)
FNDA:0,(anonymous_8)
FNDA:0,(anonymous_9)
FNDA:0,(anonymous_10)
FNDA:0,(anonymous_11)
DA:17,0
DA:26,0
DA:51,0
DA:53,0
DA:54,0
DA:58,0
DA:59,0
DA:64,0
DA:67,0
DA:68,0
DA:70,0
DA:84,0
DA:90,0
DA:102,0
DA:113,0
DA:122,0
DA:123,0
DA:137,0
LF:18
LH:0
BRDA:64,0,0,0
BRDA:64,0,1,0
BRF:2
BRH:0
end_of_record
TN:
SF:app/(tabs)/fan-profile.tsx
FN:11,FanProfileScreen
FN:14,(anonymous_1)
FN:15,(anonymous_2)
FN:16,(anonymous_3)
FN:17,(anonymous_4)
FNF:5
FNH:0
FNDA:0,FanProfileScreen
FNDA:0,(anonymous_1)
FNDA:0,(anonymous_2)
FNDA:0,(anonymous_3)
FNDA:0,(anonymous_4)
DA:12,0
DA:14,0
DA:15,0
DA:16,0
DA:17,0
DA:19,0
DA:122,0
LF:7
LH:0
BRDA:38,0,0,0
BRDA:38,0,1,0
BRDA:44,1,0,0
BRDA:44,1,1,0
BRDA:48,2,0,0
BRDA:48,2,1,0
BRDA:55,3,0,0
BRDA:55,3,1,0
BRDA:61,4,0,0
BRDA:61,4,1,0
BRDA:65,5,0,0
BRDA:65,5,1,0
BRDA:72,6,0,0
BRDA:72,6,1,0
BRDA:78,7,0,0
BRDA:78,7,1,0
BRDA:82,8,0,0
BRDA:82,8,1,0
BRDA:89,9,0,0
BRDA:89,9,1,0
BRDA:95,10,0,0
BRDA:95,10,1,0
BRDA:99,11,0,0
BRDA:99,11,1,0
BRDA:108,12,0,0
BRDA:108,12,1,0
BRDA:110,13,0,0
BRDA:110,13,1,0
BRDA:112,14,0,0
BRDA:112,14,1,0
BRF:30
BRH:0
end_of_record
TN:
SF:app/(tabs)/index.tsx
FN:20,(anonymous_0)
FN:27,(anonymous_1)
FN:35,(anonymous_2)
FN:36,(anonymous_3)
FN:101,(anonymous_4)
FN:110,(anonymous_5)
FN:117,(anonymous_6)
FN:126,(anonymous_7)
FN:148,(anonymous_8)
FN:166,(anonymous_9)
FN:176,(anonymous_10)
FN:183,(anonymous_11)
FN:184,(anonymous_12)
FN:196,(anonymous_13)
FN:210,(anonymous_14)
FN:224,(anonymous_15)
FN:238,(anonymous_16)
FN:254,(anonymous_17)
FN:273,(anonymous_18)
FNF:19
FNH:0
FNDA:0,(anonymous_0)
FNDA:0,(anonymous_1)
FNDA:0,(anonymous_2)
FNDA:0,(anonymous_3)
FNDA:0,(anonymous_4)
FNDA:0,(anonymous_5)
FNDA:0,(anonymous_6)
FNDA:0,(anonymous_7)
FNDA:0,(anonymous_8)
FNDA:0,(anonymous_9)
FNDA:0,(anonymous_10)
FNDA:0,(anonymous_11)
FNDA:0,(anonymous_12)
FNDA:0,(anonymous_13)
FNDA:0,(anonymous_14)
FNDA:0,(anonymous_15)
FNDA:0,(anonymous_16)
FNDA:0,(anonymous_17)
FNDA:0,(anonymous_18)
DA:20,0
DA:21,0
DA:22,0
DA:23,0
DA:24,0
DA:27,0
DA:28,0
DA:29,0
DA:30,0
DA:35,0
DA:36,0
DA:37,0
DA:38,0
DA:41,0
DA:89,0
DA:91,0
DA:93,0
DA:97,0
DA:101,0
DA:102,0
DA:104,0
DA:107,0
DA:110,0
DA:111,0
DA:117,0
DA:118,0
DA:119,0
DA:120,0
DA:122,0
DA:126,0
DA:127,0
DA:130,0
DA:131,0
DA:135,0
DA:136,0
DA:139,0
DA:142,0
DA:148,0
DA:166,0
DA:176,0
DA:183,0
DA:184,0
DA:196,0
DA:210,0
DA:224,0
DA:238,0
DA:255,0
DA:273,0
DA:305,0
LF:49
LH:0
BRDA:28,0,0,0
BRDA:28,0,1,0
BRDA:102,1,0,0
BRDA:102,1,1,0
BRDA:118,2,0,0
BRDA:118,2,1,0
BRDA:119,3,0,0
BRDA:119,3,1,0
BRDA:127,4,0,0
BRDA:127,4,1,0
BRDA:130,5,0,0
BRDA:130,5,1,0
BRDA:130,6,0,0
BRDA:130,6,1,0
BRDA:135,7,0,0
BRDA:135,7,1,0
BRDA:135,8,0,0
BRDA:135,8,1,0
BRDA:157,9,0,0
BRDA:157,9,1,0
BRDA:163,10,0,0
BRDA:163,10,1,0
BRDA:276,11,0,0
BRDA:276,11,1,0
BRF:24
BRH:0
end_of_record
TN:
SF:app/(tabs)/podcasts.tsx
FN:103,(anonymous_0)
FN:129,(anonymous_1)
FN:132,(anonymous_2)
FN:167,PodcastsScreen
FN:186,(anonymous_4)
FN:210,(anonymous_5)
FN:243,(anonymous_6)
FN:284,(anonymous_7)
FNF:8
FNH:0
FNDA:0,(anonymous_0)
FNDA:0,(anonymous_1)
FNDA:0,(anonymous_2)
FNDA:0,PodcastsScreen
FNDA:0,(anonymous_4)
FNDA:0,(anonymous_5)
FNDA:0,(anonymous_6)
FNDA:0,(anonymous_7)
DA:17,0
DA:57,0
DA:103,0
DA:104,0
DA:129,0
DA:130,0
DA:132,0
DA:133,0
DA:136,0
DA:168,0
DA:169,0
DA:171,0
DA:186,0
DA:210,0
DA:244,0
DA:285,0
DA:295,0
LF:17
LH:0
BRDA:142,0,0,0
BRDA:142,0,1,0
BRDA:151,1,0,0
BRDA:151,1,1,0
BRDA:184,2,0,0
BRDA:184,2,1,0
BRDA:191,3,0,0
BRDA:191,3,1,0
BRDA:196,4,0,0
BRDA:196,4,1,0
BRDA:208,5,0,0
BRDA:208,5,1,0
BRDA:215,6,0,0
BRDA:215,6,1,0
BRDA:220,7,0,0
BRDA:220,7,1,0
BRDA:230,8,0,0
BRDA:230,8,1,0
BRDA:234,9,0,0
BRDA:234,9,1,0
BRF:20
BRH:0
end_of_record
TN:
SF:app/(tabs)/profile.tsx
FN:72,(anonymous_0)
FN:89,(anonymous_1)
FN:110,(anonymous_2)
FN:127,ProfileScreen
FN:135,(anonymous_4)
FN:137,(anonymous_5)
FN:167,(anonymous_6)
FN:175,(anonymous_7)
FN:179,(anonymous_8)
FN:183,(anonymous_9)
FN:188,(anonymous_10)
FN:204,(anonymous_11)
FN:305,(anonymous_12)
FN:312,(anonymous_13)
FN:329,(anonymous_14)
FN:392,(anonymous_15)
FN:395,(anonymous_16)
FNF:17
FNH:0
FNDA:0,(anonymous_0)
FNDA:0,(anonymous_1)
FNDA:0,(anonymous_2)
FNDA:0,ProfileScreen
FNDA:0,(anonymous_4)
FNDA:0,(anonymous_5)
FNDA:0,(anonymous_6)
FNDA:0,(anonymous_7)
FNDA:0,(anonymous_8)
FNDA:0,(anonymous_9)
FNDA:0,(anonymous_10)
FNDA:0,(anonymous_11)
FNDA:0,(anonymous_12)
FNDA:0,(anonymous_13)
FNDA:0,(anonymous_14)
FNDA:0,(anonymous_15)
FNDA:0,(anonymous_16)
DA:29,0
DA:30,0
DA:33,0
DA:72,0
DA:73,0
DA:75,0
DA:77,0
DA:79,0
DA:81,0
DA:83,0
DA:85,0
DA:89,0
DA:90,0
DA:110,0
DA:111,0
DA:113,0
DA:128,0
DA:129,0
DA:130,0
DA:131,0
DA:132,0
DA:135,0
DA:136,0
DA:137,0
DA:138,0
DA:139,0
DA:140,0
DA:143,0
DA:148,0
DA:165,0
DA:168,0
DA:169,0
DA:170,0
DA:171,0
DA:172,0
DA:175,0
DA:176,0
DA:179,0
DA:180,0
DA:183,0
DA:184,0
DA:185,0
DA:188,0
DA:189,0
DA:190,0
DA:191,0
DA:193,0
DA:197,0
DA:204,0
DA:306,0
DA:312,0
DA:330,0
DA:393,0
DA:394,0
DA:395,0
DA:396,0
DA:416,0
LF:57
LH:0
BRDA:72,0,0,0
BRDA:72,1,0,0
BRDA:73,2,0,0
BRDA:73,2,1,0
BRDA:73,2,2,0
BRDA:73,2,3,0
BRDA:73,2,4,0
BRDA:73,2,5,0
BRDA:110,3,0,0
BRDA:111,4,0,0
BRDA:111,4,1,0
BRDA:116,5,0,0
BRDA:116,5,1,0
BRDA:120,6,0,0
BRDA:120,6,1,0
BRDA:136,7,0,0
BRDA:136,7,1,0
BRDA:149,8,0,0
BRDA:149,8,1,0
BRDA:149,8,2,0
BRDA:150,9,0,0
BRDA:150,9,1,0
BRDA:151,10,0,0
BRDA:151,10,1,0
BRDA:165,11,0,0
BRDA:165,11,1,0
BRDA:168,12,0,0
BRDA:168,12,1,0
BRDA:169,13,0,0
BRDA:169,13,1,0
BRDA:170,14,0,0
BRDA:170,14,1,0
BRDA:171,15,0,0
BRDA:171,15,1,0
BRDA:224,16,0,0
BRDA:224,16,1,0
BRDA:224,16,2,0
BRDA:228,17,0,0
BRDA:228,17,1,0
BRDA:234,18,0,0
BRDA:234,18,1,0
BRDA:235,19,0,0
BRDA:235,19,1,0
BRDA:236,20,0,0
BRDA:236,20,1,0
BRDA:244,21,0,0
BRDA:244,21,1,0
BRDA:244,21,2,0
BRDA:246,22,0,0
BRDA:246,22,1,0
BRDA:252,23,0,0
BRDA:252,23,1,0
BRDA:279,24,0,0
BRDA:279,24,1,0
BRDA:284,25,0,0
BRDA:284,25,1,0
BRDA:289,26,0,0
BRDA:289,26,1,0
BRDA:310,27,0,0
BRDA:310,27,1,0
BRDA:317,28,0,0
BRDA:317,28,1,0
BRDA:328,29,0,0
BRDA:328,29,1,0
BRDA:349,30,0,0
BRDA:349,30,1,0
BRDA:370,31,0,0
BRDA:370,31,1,0
BRF:68
BRH:0
end_of_record
TN:
SF:app/(tabs)/recordings.tsx
FN:12,RecordingsScreen
FN:19,(anonymous_1)
FN:25,(anonymous_2)
FN:39,(anonymous_3)
FN:44,(anonymous_4)
FN:49,(anonymous_5)
FN:58,(anonymous_6)
FN:91,(anonymous_7)
FN:98,(anonymous_8)
FN:117,(anonymous_9)
FN:140,(anonymous_10)
FN:156,(anonymous_11)
FN:164,(anonymous_12)
FN:165,(anonymous_13)
FN:168,(anonymous_14)
FN:169,(anonymous_15)
FN:181,(anonymous_16)
FNF:17
FNH:0
FNDA:0,RecordingsScreen
FNDA:0,(anonymous_1)
FNDA:0,(anonymous_2)
FNDA:0,(anonymous_3)
FNDA:0,(anonymous_4)
FNDA:0,(anonymous_5)
FNDA:0,(anonymous_6)
FNDA:0,(anonymous_7)
FNDA:0,(anonymous_8)
FNDA:0,(anonymous_9)
FNDA:0,(anonymous_10)
FNDA:0,(anonymous_11)
FNDA:0,(anonymous_12)
FNDA:0,(anonymous_13)
FNDA:0,(anonymous_14)
FNDA:0,(anonymous_15)
FNDA:0,(anonymous_16)
DA:13,0
DA:14,0
DA:15,0
DA:16,0
DA:17,0
DA:19,0
DA:20,0
DA:21,0
DA:25,0
DA:26,0
DA:27,0
DA:29,0
DA:30,0
DA:32,0
DA:33,0
DA:35,0
DA:39,0
DA:40,0
DA:41,0
DA:44,0
DA:45,0
DA:46,0
DA:49,0
DA:50,0
DA:59,0
DA:61,0
DA:62,0
DA:66,0
DA:69,0
DA:71,0
DA:73,0
DA:74,0
DA:83,0
DA:84,0
DA:91,0
DA:98,0
DA:107,0
DA:108,0
DA:117,0
DA:125,0
DA:126,0
DA:134,0
DA:140,0
DA:156,0
DA:164,0
DA:166,0
DA:168,0
DA:169,0
DA:181,0
DA:189,0
LF:50
LH:0
BRDA:20,0,0,0
BRDA:20,0,1,0
BRDA:29,1,0,0
BRDA:29,1,1,0
BRDA:61,2,0,0
BRDA:61,2,1,0
BRDA:83,3,0,0
BRDA:83,3,1,0
BRDA:107,4,0,0
BRDA:107,4,1,0
BRDA:125,5,0,0
BRDA:125,5,1,0
BRDA:147,6,0,0
BRDA:147,6,1,0
BRDA:170,7,0,0
BRDA:170,7,1,0
BRDA:177,8,0,0
BRDA:177,8,1,0
BRF:18
BRH:0
end_of_record
TN:
SF:app/(tabs)/songs.tsx
FN:25,(anonymous_0)
FN:28,(anonymous_1)
FN:42,(anonymous_2)
FN:44,(anonymous_3)
FN:62,(anonymous_4)
FN:73,(anonymous_5)
FN:104,(anonymous_6)
FN:115,(anonymous_7)
FN:122,(anonymous_8)
FN:134,(anonymous_9)
FN:139,(anonymous_10)
FN:156,(anonymous_11)
FN:220,(anonymous_12)
FN:248,(anonymous_13)
FN:262,(anonymous_14)
FNF:15
FNH:0
FNDA:0,(anonymous_0)
FNDA:0,(anonymous_1)
FNDA:0,(anonymous_2)
FNDA:0,(anonymous_3)
FNDA:0,(anonymous_4)
FNDA:0,(anonymous_5)
FNDA:0,(anonymous_6)
FNDA:0,(anonymous_7)
FNDA:0,(anonymous_8)
FNDA:0,(anonymous_9)
FNDA:0,(anonymous_10)
FNDA:0,(anonymous_11)
FNDA:0,(anonymous_12)
FNDA:0,(anonymous_13)
FNDA:0,(anonymous_14)
DA:25,0
DA:26,0
DA:28,0
DA:29,0
DA:30,0
DA:34,0
DA:35,0
DA:37,0
DA:38,0
DA:39,0
DA:42,0
DA:43,0
DA:44,0
DA:46,0
DA:47,0
DA:48,0
DA:49,0
DA:56,0
DA:57,0
DA:62,0
DA:63,0
DA:64,0
DA:65,0
DA:66,0
DA:69,0
DA:70,0
DA:73,0
DA:74,0
DA:77,0
DA:78,0
DA:79,0
DA:82,0
DA:85,0
DA:87,0
DA:88,0
DA:91,0
DA:92,0
DA:93,0
DA:94,0
DA:96,0
DA:99,0
DA:104,0
DA:105,0
DA:108,0
DA:112,0
DA:115,0
DA:116,0
DA:122,0
DA:123,0
DA:135,0
DA:136,0
DA:137,0
DA:138,0
DA:139,0
DA:141,0
DA:144,0
DA:145,0
DA:147,0
DA:156,0
DA:157,0
DA:159,0
DA:160,0
DA:161,0
DA:165,0
DA:168,0
DA:171,0
DA:172,0
DA:173,0
DA:177,0
DA:183,0
DA:184,0
DA:186,0
DA:187,0
DA:188,0
DA:192,0
DA:193,0
DA:201,0
DA:221,0
DA:248,0
DA:262,0
DA:308,0
LF:81
LH:0
BRDA:43,0,0,0
BRDA:43,0,1,0
BRDA:46,1,0,0
BRDA:46,1,1,0
BRDA:65,2,0,0
BRDA:65,2,1,0
BRDA:66,3,0,0
BRDA:66,3,1,0
BRDA:77,4,0,0
BRDA:77,4,1,0
BRDA:78,5,0,0
BRDA:78,5,1,0
BRDA:79,6,0,0
BRDA:79,6,1,0
BRDA:91,7,0,0
BRDA:91,7,1,0
BRDA:105,8,0,0
BRDA:105,8,1,0
BRDA:137,9,0,0
BRDA:137,9,1,0
BRDA:138,10,0,0
BRDA:138,10,1,0
BRDA:145,11,0,0
BRDA:145,11,1,0
BRDA:159,12,0,0
BRDA:159,12,1,0
BRDA:171,13,0,0
BRDA:171,13,1,0
BRDA:192,14,0,0
BRDA:192,14,1,0
BRDA:205,15,0,0
BRDA:205,15,1,0
BRDA:210,16,0,0
BRDA:210,16,1,0
BRDA:224,17,0,0
BRDA:224,17,1,0
BRDA:251,18,0,0
BRDA:251,18,1,0
BRDA:256,19,0,0
BRDA:256,19,1,0
BRDA:265,20,0,0
BRDA:265,20,1,0
BRF:42
BRH:0
end_of_record
TN:
SF:app/(tabs)/studio.tsx
FN:4,StudioTab
FNF:1
FNH:0
FNDA:0,StudioTab
DA:5,0
LF:1
LH:0
BRF:0
BRH:0
end_of_record
TN:
SF:app/(tabs)/testing.tsx
FN:19,TestingScreen
FN:43,(anonymous_1)
FN:47,(anonymous_2)
FN:74,(anonymous_3)
FN:87,(anonymous_4)
FN:107,(anonymous_5)
FN:130,(anonymous_6)
FN:152,(anonymous_7)
FN:162,(anonymous_8)
FN:178,(anonymous_9)
FN:233,(anonymous_10)
FN:245,(anonymous_11)
FN:304,(anonymous_12)
FN:317,(anonymous_13)
FN:327,(anonymous_14)
FN:336,(anonymous_15)
FN:345,(anonymous_16)
FN:354,(anonymous_17)
FN:363,(anonymous_18)
FN:436,(anonymous_19)
FN:473,(anonymous_20)
FN:486,(anonymous_21)
FN:504,(anonymous_22)
FN:517,(anonymous_23)
FN:530,(anonymous_24)
FN:556,(anonymous_25)
FN:586,(anonymous_26)
FN:599,(anonymous_27)
FN:612,(anonymous_28)
FN:630,(anonymous_29)
FN:643,(anonymous_30)
FN:656,(anonymous_31)
FN:674,(anonymous_32)
FN:687,(anonymous_33)
FN:700,(anonymous_34)
FNF:35
FNH:0
FNDA:0,TestingScreen
FNDA:0,(anonymous_1)
FNDA:0,(anonymous_2)
FNDA:0,(anonymous_3)
FNDA:0,(anonymous_4)
FNDA:0,(anonymous_5)
FNDA:0,(anonymous_6)
FNDA:0,(anonymous_7)
FNDA:0,(anonymous_8)
FNDA:0,(anonymous_9)
FNDA:0,(anonymous_10)
FNDA:0,(anonymous_11)
FNDA:0,(anonymous_12)
FNDA:0,(anonymous_13)
FNDA:0,(anonymous_14)
FNDA:0,(anonymous_15)
FNDA:0,(anonymous_16)
FNDA:0,(anonymous_17)
FNDA:0,(anonymous_18)
FNDA:0,(anonymous_19)
FNDA:0,(anonymous_20)
FNDA:0,(anonymous_21)
FNDA:0,(anonymous_22)
FNDA:0,(anonymous_23)
FNDA:0,(anonymous_24)
FNDA:0,(anonymous_25)
FNDA:0,(anonymous_26)
FNDA:0,(anonymous_27)
FNDA:0,(anonymous_28)
FNDA:0,(anonymous_29)
FNDA:0,(anonymous_30)
FNDA:0,(anonymous_31)
FNDA:0,(anonymous_32)
FNDA:0,(anonymous_33)
FNDA:0,(anonymous_34)
DA:20,0
DA:22,0
DA:23,0
DA:24,0
DA:25,0
DA:26,0
DA:27,0
DA:28,0
DA:31,0
DA:32,0
DA:33,0
DA:34,0
DA:35,0
DA:38,0
DA:39,0
DA:40,0
DA:41,0
DA:43,0
DA:44,0
DA:47,0
DA:48,0
DA:49,0
DA:52,0
DA:55,0
DA:62,0
DA:63,0
DA:64,0
DA:65,0
DA:67,0
DA:68,0
DA:70,0
DA:74,0
DA:75,0
DA:76,0
DA:77,0
DA:79,0
DA:81,0
DA:82,0
DA:83,0
DA:87,0
DA:88,0
DA:89,0
DA:90,0
DA:92,0
DA:95,0
DA:101,0
DA:102,0
DA:103,0
DA:107,0
DA:108,0
DA:109,0
DA:111,0
DA:119,0
DA:120,0
DA:122,0
DA:124,0
DA:125,0
DA:126,0
DA:130,0
DA:131,0
DA:132,0
DA:134,0
DA:141,0
DA:142,0
DA:144,0
DA:146,0
DA:147,0
DA:148,0
DA:152,0
DA:153,0
DA:154,0
DA:163,0
DA:164,0
DA:165,0
DA:166,0
DA:172,0
DA:173,0
DA:174,0
DA:178,0
DA:179,0
DA:180,0
DA:182,0
DA:233,0
DA:245,0
DA:246,0
DA:248,0
DA:304,0
DA:317,0
DA:318,0
DA:319,0
DA:320,0
DA:321,0
DA:323,0
DA:327,0
DA:328,0
DA:329,0
DA:330,0
DA:331,0
DA:332,0
DA:336,0
DA:337,0
DA:338,0
DA:339,0
DA:340,0
DA:341,0
DA:345,0
DA:346,0
DA:347,0
DA:348,0
DA:349,0
DA:350,0
DA:354,0
DA:355,0
DA:356,0
DA:357,0
DA:358,0
DA:359,0
DA:363,0
DA:364,0
DA:365,0
DA:366,0
DA:367,0
DA:368,0
DA:372,0
DA:373,0
DA:383,0
DA:436,0
DA:473,0
DA:486,0
DA:504,0
DA:517,0
DA:530,0
DA:556,0
DA:586,0
DA:599,0
DA:612,0
DA:630,0
DA:643,0
DA:656,0
DA:674,0
DA:687,0
DA:700,0
DA:727,0
LF:143
LH:0
BRDA:187,0,0,0
BRDA:187,0,1,0
BRDA:193,1,0,0
BRDA:193,1,1,0
BRDA:196,2,0,0
BRDA:196,2,1,0
BRDA:201,3,0,0
BRDA:201,3,1,0
BRDA:206,4,0,0
BRDA:206,4,1,0
BRDA:218,5,0,0
BRDA:218,5,1,0
BRDA:220,6,0,0
BRDA:220,6,1,0
BRDA:232,7,0,0
BRDA:232,7,1,0
BRDA:237,8,0,0
BRDA:237,8,1,0
BRDA:253,9,0,0
BRDA:253,9,1,0
BRDA:268,10,0,0
BRDA:268,10,1,0
BRDA:278,11,0,0
BRDA:278,11,1,0
BRDA:280,12,0,0
BRDA:280,12,1,0
BRDA:288,13,0,0
BRDA:288,13,1,0
BRDA:303,14,0,0
BRDA:303,14,1,0
BRDA:308,15,0,0
BRDA:308,15,1,0
BRDA:318,16,0,0
BRDA:318,16,1,0
BRDA:319,17,0,0
BRDA:319,17,1,0
BRDA:320,18,0,0
BRDA:320,18,1,0
BRDA:321,19,0,0
BRDA:321,19,1,0
BRDA:328,20,0,0
BRDA:328,20,1,0
BRDA:328,20,2,0
BRDA:328,20,3,0
BRDA:337,21,0,0
BRDA:337,21,1,0
BRDA:337,21,2,0
BRDA:337,21,3,0
BRDA:346,22,0,0
BRDA:346,22,1,0
BRDA:346,22,2,0
BRDA:346,22,3,0
BRDA:355,23,0,0
BRDA:355,23,1,0
BRDA:355,23,2,0
BRDA:355,23,3,0
BRDA:364,24,0,0
BRDA:364,24,1,0
BRDA:364,24,2,0
BRDA:364,24,3,0
BRDA:372,25,0,0
BRDA:372,25,1,0
BRDA:400,26,0,0
BRDA:400,26,1,0
BRDA:400,27,0,0
BRDA:400,27,1,0
BRDA:400,27,2,0
BRDA:407,28,0,0
BRDA:407,28,1,0
BRDA:407,29,0,0
BRDA:407,29,1,0
BRDA:414,30,0,0
BRDA:414,30,1,0
BRDA:421,31,0,0
BRDA:421,31,1,0
BRDA:439,32,0,0
BRDA:439,32,1,0
BRDA:447,33,0,0
BRDA:447,33,1,0
BRDA:471,34,0,0
BRDA:471,34,1,0
BRDA:477,35,0,0
BRDA:477,35,1,0
BRDA:484,36,0,0
BRDA:484,36,1,0
BRDA:490,37,0,0
BRDA:490,37,1,0
BRDA:502,38,0,0
BRDA:502,38,1,0
BRDA:508,39,0,0
BRDA:508,39,1,0
BRDA:515,40,0,0
BRDA:515,40,1,0
BRDA:521,41,0,0
BRDA:521,41,1,0
BRDA:528,42,0,0
BRDA:528,42,1,0
BRDA:534,43,0,0
BRDA:534,43,1,0
BRDA:559,44,0,0
BRDA:559,44,1,0
BRDA:567,45,0,0
BRDA:567,45,1,0
BRDA:584,46,0,0
BRDA:584,46,1,0
BRDA:590,47,0,0
BRDA:590,47,1,0
BRDA:597,48,0,0
BRDA:597,48,1,0
BRDA:603,49,0,0
BRDA:603,49,1,0
BRDA:610,50,0,0
BRDA:610,50,1,0
BRDA:616,51,0,0
BRDA:616,51,1,0
BRDA:628,52,0,0
BRDA:628,52,1,0
BRDA:634,53,0,0
BRDA:634,53,1,0
BRDA:641,54,0,0
BRDA:641,54,1,0
BRDA:647,55,0,0
BRDA:647,55,1,0
BRDA:654,56,0,0
BRDA:654,56,1,0
BRDA:660,57,0,0
BRDA:660,57,1,0
BRDA:672,58,0,0
BRDA:672,58,1,0
BRDA:678,59,0,0
BRDA:678,59,1,0
BRDA:685,60,0,0
BRDA:685,60,1,0
BRDA:691,61,0,0
BRDA:691,61,1,0
BRDA:698,62,0,0
BRDA:698,62,1,0
BRDA:704,63,0,0
BRDA:704,63,1,0
BRF:139
BRH:0
end_of_record
TN:
SF:app/(tabs)/verification-test.tsx
FN:18,VerificationTestScreen
FN:25,(anonymous_1)
FN:27,(anonymous_2)
FN:43,(anonymous_3)
FN:47,(anonymous_4)
FN:51,(anonymous_5)
FN:57,(anonymous_6)
FN:66,(anonymous_7)
FN:75,(anonymous_8)
FN:94,(anonymous_9)
FN:156,(anonymous_10)
FN:239,(anonymous_11)
FN:247,(anonymous_12)
FNF:13
FNH:0
FNDA:0,VerificationTestScreen
FNDA:0,(anonymous_1)
FNDA:0,(anonymous_2)
FNDA:0,(anonymous_3)
FNDA:0,(anonymous_4)
FNDA:0,(anonymous_5)
FNDA:0,(anonymous_6)
FNDA:0,(anonymous_7)
FNDA:0,(anonymous_8)
FNDA:0,(anonymous_9)
FNDA:0,(anonymous_10)
FNDA:0,(anonymous_11)
FNDA:0,(anonymous_12)
DA:19,0
DA:20,0
DA:21,0
DA:22,0
DA:25,0
DA:26,0
DA:27,0
DA:28,0
DA:29,0
DA:30,0
DA:31,0
DA:32,0
DA:34,0
DA:35,0
DA:39,0
DA:43,0
DA:44,0
DA:47,0
DA:48,0
DA:51,0
DA:52,0
DA:53,0
DA:54,0
DA:57,0
DA:58,0
DA:59,0
DA:60,0
DA:61,0
DA:62,0
DA:66,0
DA:67,0
DA:68,0
DA:69,0
DA:70,0
DA:71,0
DA:75,0
DA:76,0
DA:77,0
DA:80,0
DA:88,0
DA:94,0
DA:157,0
DA:158,0
DA:160,0
DA:161,0
DA:162,0
DA:163,0
DA:165,0
DA:166,0
DA:240,0
DA:241,0
DA:243,0
DA:244,0
DA:245,0
DA:246,0
DA:247,0
DA:248,0
DA:251,0
DA:252,0
DA:294,0
LF:60
LH:0
BRDA:26,0,0,0
BRDA:26,0,1,0
BRDA:58,1,0,0
BRDA:58,1,1,0
BRDA:58,1,2,0
BRDA:58,1,3,0
BRDA:67,2,0,0
BRDA:67,2,1,0
BRDA:67,2,2,0
BRDA:67,2,3,0
BRDA:76,3,0,0
BRDA:76,3,1,0
BRDA:83,4,0,0
BRDA:83,4,1,0
BRDA:106,5,0,0
BRDA:106,5,1,0
BRDA:111,6,0,0
BRDA:111,6,1,0
BRDA:116,7,0,0
BRDA:116,7,1,0
BRDA:132,8,0,0
BRDA:132,8,1,0
BRDA:146,9,0,0
BRDA:146,9,1,0
BRDA:147,10,0,0
BRDA:147,10,1,0
BRDA:148,11,0,0
BRDA:148,11,1,0
BRDA:149,12,0,0
BRDA:149,12,1,0
BRDA:153,13,0,0
BRDA:153,13,1,0
BRDA:157,14,0,0
BRDA:157,14,1,0
BRDA:196,15,0,0
BRDA:196,15,1,0
BRDA:217,16,0,0
BRDA:217,16,1,0
BRDA:240,17,0,0
BRDA:240,17,1,0
BRDA:261,18,0,0
BRDA:261,18,1,0
BRF:42
BRH:0
end_of_record
TN:
SF:app/(tabs)/profile/[id].tsx
FN:95,(anonymous_0)
FN:103,(anonymous_1)
FN:105,(anonymous_2)
FN:112,(anonymous_3)
FN:117,(anonymous_4)
FN:124,(anonymous_5)
FN:157,(anonymous_6)
FN:158,(anonymous_7)
FN:159,(anonymous_8)
FN:174,(anonymous_9)
FN:191,(anonymous_10)
FN:207,(anonymous_11)
FNF:12
FNH:0
FNDA:0,(anonymous_0)
FNDA:0,(anonymous_1)
FNDA:0,(anonymous_2)
FNDA:0,(anonymous_3)
FNDA:0,(anonymous_4)
FNDA:0,(anonymous_5)
FNDA:0,(anonymous_6)
FNDA:0,(anonymous_7)
FNDA:0,(anonymous_8)
FNDA:0,(anonymous_9)
FNDA:0,(anonymous_10)
FNDA:0,(anonymous_11)
DA:17,0
DA:95,0
DA:96,0
DA:97,0
DA:98,0
DA:99,0
DA:100,0
DA:103,0
DA:105,0
DA:106,0
DA:107,0
DA:112,0
DA:113,0
DA:117,0
DA:118,0
DA:119,0
DA:124,0
DA:125,0
DA:126,0
DA:128,0
DA:131,0
DA:132,0
DA:141,0
DA:157,0
DA:158,0
DA:159,0
DA:174,0
DA:191,0
DA:208,0
DA:241,0
LF:30
LH:0
BRDA:106,0,0,0
BRDA:106,0,1,0
BRDA:118,1,0,0
BRDA:118,1,1,0
BRDA:125,2,0,0
BRDA:125,2,1,0
BRDA:131,3,0,0
BRDA:131,3,1,0
BRDA:154,4,0,0
BRDA:154,4,1,0
BRDA:172,5,0,0
BRDA:172,5,1,0
BRDA:179,6,0,0
BRDA:179,6,1,0
BRDA:189,7,0,0
BRDA:189,7,1,0
BRDA:196,8,0,0
BRDA:196,8,1,0
BRDA:205,9,0,0
BRDA:205,9,1,0
BRF:20
BRH:0
end_of_record
TN:
SF:app/chat/[id].tsx
FN:94,(anonymous_0)
FN:96,(anonymous_1)
FN:99,(anonymous_2)
FN:127,(anonymous_3)
FN:142,(anonymous_4)
FN:152,(anonymous_5)
FN:154,(anonymous_6)
FN:160,(anonymous_7)
FN:172,(anonymous_8)
FN:187,(anonymous_9)
FN:193,(anonymous_10)
FN:216,(anonymous_11)
FN:220,(anonymous_12)
FN:225,(anonymous_13)
FN:228,(anonymous_14)
FN:233,(anonymous_15)
FN:304,(anonymous_16)
FN:333,(anonymous_17)
FN:335,(anonymous_18)
FNF:19
FNH:0
FNDA:0,(anonymous_0)
FNDA:0,(anonymous_1)
FNDA:0,(anonymous_2)
FNDA:0,(anonymous_3)
FNDA:0,(anonymous_4)
FNDA:0,(anonymous_5)
FNDA:0,(anonymous_6)
FNDA:0,(anonymous_7)
FNDA:0,(anonymous_8)
FNDA:0,(anonymous_9)
FNDA:0,(anonymous_10)
FNDA:0,(anonymous_11)
FNDA:0,(anonymous_12)
FNDA:0,(anonymous_13)
FNDA:0,(anonymous_14)
FNDA:0,(anonymous_15)
FNDA:0,(anonymous_16)
FNDA:0,(anonymous_17)
FNDA:0,(anonymous_18)
DA:18,0
DA:62,0
DA:94,0
DA:96,0
DA:98,0
DA:99,0
DA:100,0
DA:102,0
DA:127,0
DA:128,0
DA:130,0
DA:142,0
DA:143,0
DA:144,0
DA:145,0
DA:146,0
DA:147,0
DA:148,0
DA:149,0
DA:152,0
DA:154,0
DA:155,0
DA:156,0
DA:157,0
DA:160,0
DA:161,0
DA:162,0
DA:163,0
DA:168,0
DA:172,0
DA:173,0
DA:175,0
DA:183,0
DA:184,0
DA:187,0
DA:188,0
DA:193,0
DA:194,0
DA:195,0
DA:196,0
DA:197,0
DA:199,0
DA:201,0
DA:202,0
DA:204,0
DA:205,0
DA:207,0
DA:208,0
DA:211,0
DA:216,0
DA:217,0
DA:218,0
DA:220,0
DA:221,0
DA:225,0
DA:226,0
DA:228,0
DA:229,0
DA:233,0
DA:234,0
DA:235,0
DA:237,0
DA:238,0
DA:246,0
DA:286,0
DA:287,0
DA:294,0
DA:304,0
DA:333,0
DA:335,0
DA:362,0
LF:71
LH:0
BRDA:98,0,0,0
BRDA:98,0,1,0
BRDA:100,1,0,0
BRDA:100,1,1,0
BRDA:128,2,0,0
BRDA:128,2,1,0
BRDA:155,3,0,0
BRDA:155,3,1,0
BRDA:161,4,0,0
BRDA:161,4,1,0
BRDA:173,5,0,0
BRDA:173,5,1,0
BRDA:199,6,0,0
BRDA:199,6,1,0
BRDA:202,7,0,0
BRDA:202,7,1,0
BRDA:205,8,0,0
BRDA:205,8,1,0
BRDA:217,9,0,0
BRDA:217,9,1,0
BRDA:218,10,0,0
BRDA:218,10,1,0
BRDA:221,11,0,0
BRDA:221,11,1,0
BRDA:226,12,0,0
BRDA:226,12,1,0
BRDA:226,13,0,0
BRDA:226,13,1,0
BRDA:229,14,0,0
BRDA:229,14,1,0
BRDA:237,15,0,0
BRDA:237,15,1,0
BRDA:249,16,0,0
BRDA:249,16,1,0
BRDA:251,17,0,0
BRDA:251,17,1,0
BRDA:251,17,2,0
BRDA:264,18,0,0
BRDA:264,18,1,0
BRDA:266,19,0,0
BRDA:266,19,1,0
BRDA:266,19,2,0
BRDA:271,20,0,0
BRDA:271,20,1,0
BRDA:277,21,0,0
BRDA:277,21,1,0
BRDA:286,22,0,0
BRDA:286,22,1,0
BRDA:297,23,0,0
BRDA:297,23,1,0
BRDA:298,24,0,0
BRDA:298,24,1,0
BRDA:310,25,0,0
BRDA:310,25,1,0
BRDA:350,26,0,0
BRDA:350,26,1,0
BRF:56
BRH:0
end_of_record
TN:
SF:app/chat/index.tsx
FN:31,ChatIndex
FN:34,(anonymous_1)
FN:37,(anonymous_2)
FN:59,(anonymous_3)
FN:70,(anonymous_4)
FNF:5
FNH:0
FNDA:0,ChatIndex
FNDA:0,(anonymous_1)
FNDA:0,(anonymous_2)
FNDA:0,(anonymous_3)
FNDA:0,(anonymous_4)
DA:7,0
DA:32,0
DA:34,0
DA:35,0
DA:37,0
DA:54,0
DA:59,0
DA:70,0
DA:77,0
LF:9
LH:0
BRDA:41,0,0,0
BRDA:41,0,1,0
BRF:2
BRH:0
end_of_record
TN:
SF:components/AthleteProfileCardUserView.tsx
FN:9,(anonymous_0)
FNF:1
FNH:0
FNDA:0,(anonymous_0)
DA:9,0
DA:10,0
LF:2
LH:0
BRF:0
BRH:0
end_of_record
TN:
SF:components/ObjectDebuggingExample.tsx
FN:6,(anonymous_0)
FN:24,(anonymous_1)
FN:26,(anonymous_2)
FN:36,(anonymous_3)
FN:37,(anonymous_4)
FN:45,(anonymous_5)
FNF:6
FNH:0
FNDA:0,(anonymous_0)
FNDA:0,(anonymous_1)
FNDA:0,(anonymous_2)
FNDA:0,(anonymous_3)
FNDA:0,(anonymous_4)
FNDA:0,(anonymous_5)
DA:6,0
DA:8,0
DA:18,0
DA:21,0
DA:24,0
DA:26,0
DA:27,0
DA:35,0
DA:37,0
DA:38,0
DA:45,0
DA:47,0
DA:48,0
DA:49,0
DA:52,0
DA:53,0
DA:54,0
DA:57,0
DA:107,0
LF:19
LH:0
BRDA:79,0,0,0
BRDA:79,0,1,0
BRF:2
BRH:0
end_of_record
TN:
SF:components/SongCard.tsx
FN:16,(anonymous_0)
FNF:1
FNH:0
FNDA:0,(anonymous_0)
DA:16,0
DA:24,0
DA:51,0
LF:3
LH:0
BRDA:22,0,0,0
BRDA:29,1,0,0
BRDA:29,1,1,0
BRDA:42,2,0,0
BRDA:42,2,1,0
BRF:5
BRH:0
end_of_record
TN:
SF:components/index.ts
FNF:0
FNH:0
LF:0
LH:0
BRF:0
BRH:0
end_of_record
TN:
SF:components/audio/AudioPlayerControls.tsx
FN:12,(anonymous_0)
FN:32,(anonymous_1)
FN:39,(anonymous_2)
FN:48,(anonymous_3)
FN:53,(anonymous_4)
FNF:5
FNH:0
FNDA:0,(anonymous_0)
FNDA:0,(anonymous_1)
FNDA:0,(anonymous_2)
FNDA:0,(anonymous_3)
FNDA:0,(anonymous_4)
DA:12,0
DA:24,0
DA:27,0
DA:28,0
DA:29,0
DA:32,0
DA:33,0
DA:34,0
DA:35,0
DA:39,0
DA:40,0
DA:41,0
DA:43,0
DA:48,0
DA:49,0
DA:53,0
DA:54,0
DA:57,0
DA:123,0
LF:19
LH:0
BRDA:13,0,0,0
BRDA:27,1,0,0
BRDA:27,1,1,0
BRDA:28,2,0,0
BRDA:28,2,1,0
BRDA:40,3,0,0
BRDA:40,3,1,0
BRDA:73,4,0,0
BRDA:73,4,1,0
BRDA:77,5,0,0
BRDA:77,5,1,0
BRDA:79,6,0,0
BRDA:79,6,1,0
BRDA:87,7,0,0
BRDA:87,7,1,0
BRDA:92,8,0,0
BRDA:92,8,1,0
BRDA:92,9,0,0
BRDA:92,9,1,0
BRDA:99,10,0,0
BRDA:99,10,1,0
BRDA:102,11,0,0
BRDA:102,11,1,0
BRF:23
BRH:0
end_of_record
TN:
SF:components/audio/MasteringControls.tsx
FN:15,(anonymous_0)
FN:48,(anonymous_1)
FN:55,(anonymous_2)
FN:60,(anonymous_3)
FN:91,(anonymous_4)
FN:101,(anonymous_5)
FN:133,(anonymous_6)
FN:154,(anonymous_7)
FN:175,(anonymous_8)
FN:189,(anonymous_9)
FN:219,(anonymous_10)
FN:240,(anonymous_11)
FN:261,(anonymous_12)
FN:282,(anonymous_13)
FNF:14
FNH:0
FNDA:0,(anonymous_0)
FNDA:0,(anonymous_1)
FNDA:0,(anonymous_2)
FNDA:0,(anonymous_3)
FNDA:0,(anonymous_4)
FNDA:0,(anonymous_5)
FNDA:0,(anonymous_6)
FNDA:0,(anonymous_7)
FNDA:0,(anonymous_8)
FNDA:0,(anonymous_9)
FNDA:0,(anonymous_10)
FNDA:0,(anonymous_11)
FNDA:0,(anonymous_12)
FNDA:0,(anonymous_13)
DA:15,0
DA:26,0
DA:33,0
DA:35,0
DA:38,0
DA:39,0
DA:42,0
DA:43,0
DA:44,0
DA:45,0
DA:48,0
DA:49,0
DA:50,0
DA:51,0
DA:55,0
DA:56,0
DA:60,0
DA:62,0
DA:63,0
DA:66,0
DA:92,0
DA:101,0
DA:133,0
DA:154,0
DA:175,0
DA:189,0
DA:219,0
DA:240,0
DA:261,0
DA:282,0
DA:312,0
LF:31
LH:0
BRDA:17,0,0,0
BRDA:42,1,0,0
BRDA:42,1,1,0
BRDA:43,2,0,0
BRDA:43,2,1,0
BRDA:45,3,0,0
BRDA:45,3,1,0
BRDA:50,4,0,0
BRDA:50,4,1,0
BRDA:51,5,0,0
BRDA:51,5,1,0
BRDA:62,6,0,0
BRDA:62,6,1,0
BRDA:81,7,0,0
BRDA:81,7,1,0
BRDA:96,8,0,0
BRDA:96,8,1,0
BRDA:106,9,0,0
BRDA:106,9,1,0
BRDA:135,10,0,0
BRDA:135,10,1,0
BRDA:156,11,0,0
BRDA:156,11,1,0
BRDA:177,12,0,0
BRDA:177,12,1,0
BRDA:192,13,0,0
BRDA:192,13,1,0
BRDA:195,14,0,0
BRDA:195,14,1,0
BRDA:202,15,0,0
BRDA:202,15,1,0
BRDA:221,16,0,0
BRDA:221,16,1,0
BRDA:242,17,0,0
BRDA:242,17,1,0
BRDA:263,18,0,0
BRDA:263,18,1,0
BRDA:284,19,0,0
BRDA:284,19,1,0
BRDA:299,20,0,0
BRDA:299,20,1,0
BRDA:305,21,0,0
BRDA:305,21,1,0
BRF:43
BRH:0
end_of_record
TN:
SF:components/audio/MasteringModels.ts
FNF:0
FNH:0
LF:0
LH:0
BRF:0
BRH:0
end_of_record
TN:
SF:components/audio/NectarModels.ts
FNF:0
FNH:0
DA:77,0
LF:1
LH:0
BRF:0
BRH:0
end_of_record
TN:
SF:components/audio/OzoneModels.ts
FNF:0
FNH:0
DA:77,0
LF:1
LH:0
BRF:0
BRH:0
end_of_record
TN:
SF:components/audio/VocalControls.tsx
FN:15,(anonymous_0)
FN:47,(anonymous_1)
FN:53,(anonymous_2)
FN:58,(anonymous_3)
FN:64,(anonymous_4)
FN:75,(anonymous_5)
FN:91,(anonymous_6)
FN:112,(anonymous_7)
FN:133,(anonymous_8)
FN:155,(anonymous_9)
FN:171,(anonymous_10)
FN:192,(anonymous_11)
FN:213,(anonymous_12)
FN:234,(anonymous_13)
FN:255,(anonymous_14)
FN:277,(anonymous_15)
FN:293,(anonymous_16)
FN:314,(anonymous_17)
FN:335,(anonymous_18)
FN:356,(anonymous_19)
FN:378,(anonymous_20)
FN:394,(anonymous_21)
FN:415,(anonymous_22)
FN:436,(anonymous_23)
FN:483,(anonymous_24)
FN:493,(anonymous_25)
FN:516,(anonymous_26)
FN:531,(anonymous_27)
FN:546,(anonymous_28)
FN:561,(anonymous_29)
FNF:30
FNH:0
FNDA:0,(anonymous_0)
FNDA:0,(anonymous_1)
FNDA:0,(anonymous_2)
FNDA:0,(anonymous_3)
FNDA:0,(anonymous_4)
FNDA:0,(anonymous_5)
FNDA:0,(anonymous_6)
FNDA:0,(anonymous_7)
FNDA:0,(anonymous_8)
FNDA:0,(anonymous_9)
FNDA:0,(anonymous_10)
FNDA:0,(anonymous_11)
FNDA:0,(anonymous_12)
FNDA:0,(anonymous_13)
FNDA:0,(anonymous_14)
FNDA:0,(anonymous_15)
FNDA:0,(anonymous_16)
FNDA:0,(anonymous_17)
FNDA:0,(anonymous_18)
FNDA:0,(anonymous_19)
FNDA:0,(anonymous_20)
FNDA:0,(anonymous_21)
FNDA:0,(anonymous_22)
FNDA:0,(anonymous_23)
FNDA:0,(anonymous_24)
FNDA:0,(anonymous_25)
FNDA:0,(anonymous_26)
FNDA:0,(anonymous_27)
FNDA:0,(anonymous_28)
FNDA:0,(anonymous_29)
DA:15,0
DA:26,0
DA:32,0
DA:34,0
DA:37,0
DA:40,0
DA:41,0
DA:42,0
DA:43,0
DA:44,0
DA:47,0
DA:48,0
DA:49,0
DA:53,0
DA:54,0
DA:58,0
DA:60,0
DA:64,0
DA:65,0
DA:67,0
DA:75,0
DA:91,0
DA:112,0
DA:133,0
DA:147,0
DA:155,0
DA:171,0
DA:192,0
DA:213,0
DA:234,0
DA:255,0
DA:269,0
DA:277,0
DA:293,0
DA:314,0
DA:335,0
DA:356,0
DA:370,0
DA:378,0
DA:394,0
DA:415,0
DA:436,0
DA:450,0
DA:454,0
DA:484,0
DA:493,0
DA:516,0
DA:531,0
DA:546,0
DA:561,0
DA:595,0
LF:51
LH:0
BRDA:17,0,0,0
BRDA:40,1,0,0
BRDA:40,1,1,0
BRDA:41,2,0,0
BRDA:41,2,1,0
BRDA:43,3,0,0
BRDA:43,3,1,0
BRDA:44,4,0,0
BRDA:44,4,1,0
BRDA:65,5,0,0
BRDA:65,5,1,0
BRDA:65,5,2,0
BRDA:65,5,3,0
BRDA:65,5,4,0
BRDA:77,6,0,0
BRDA:77,6,1,0
BRDA:93,7,0,0
BRDA:93,7,1,0
BRDA:114,8,0,0
BRDA:114,8,1,0
BRDA:135,9,0,0
BRDA:135,9,1,0
BRDA:157,10,0,0
BRDA:157,10,1,0
BRDA:173,11,0,0
BRDA:173,11,1,0
BRDA:194,12,0,0
BRDA:194,12,1,0
BRDA:215,13,0,0
BRDA:215,13,1,0
BRDA:236,14,0,0
BRDA:236,14,1,0
BRDA:257,15,0,0
BRDA:257,15,1,0
BRDA:279,16,0,0
BRDA:279,16,1,0
BRDA:295,17,0,0
BRDA:295,17,1,0
BRDA:316,18,0,0
BRDA:316,18,1,0
BRDA:337,19,0,0
BRDA:337,19,1,0
BRDA:358,20,0,0
BRDA:358,20,1,0
BRDA:380,21,0,0
BRDA:380,21,1,0
BRDA:396,22,0,0
BRDA:396,22,1,0
BRDA:417,23,0,0
BRDA:417,23,1,0
BRDA:438,24,0,0
BRDA:438,24,1,0
BRDA:464,25,0,0
BRDA:464,25,1,0
BRDA:470,26,0,0
BRDA:470,26,1,0
BRDA:488,27,0,0
BRDA:488,27,1,0
BRDA:498,28,0,0
BRDA:498,28,1,0
BRDA:514,29,0,0
BRDA:514,29,1,0
BRDA:520,30,0,0
BRDA:520,30,1,0
BRDA:529,31,0,0
BRDA:529,31,1,0
BRDA:535,32,0,0
BRDA:535,32,1,0
BRDA:544,33,0,0
BRDA:544,33,1,0
BRDA:550,34,0,0
BRDA:550,34,1,0
BRDA:559,35,0,0
BRDA:559,35,1,0
BRDA:565,36,0,0
BRDA:565,36,1,0
BRDA:582,37,0,0
BRDA:582,37,1,0
BRDA:588,38,0,0
BRDA:588,38,1,0
BRF:80
BRH:0
end_of_record
TN:
SF:components/audio/Waveform.tsx
FN:12,(anonymous_0)
FN:27,(anonymous_1)
FN:42,(anonymous_2)
FNF:3
FNH:0
FNDA:0,(anonymous_0)
FNDA:0,(anonymous_1)
FNDA:0,(anonymous_2)
DA:12,0
DA:16,0
DA:17,0
DA:18,0
DA:21,0
DA:22,0
DA:23,0
DA:24,0
DA:27,0
DA:36,0
DA:38,0
DA:43,0
DA:44,0
DA:46,0
DA:75,0
LF:15
LH:0
BRDA:13,0,0,0
BRDA:14,1,0,0
BRDA:21,2,0,0
BRDA:21,2,1,0
BRDA:22,3,0,0
BRDA:22,3,1,0
BRDA:23,4,0,0
BRDA:23,4,1,0
BRDA:24,5,0,0
BRDA:24,5,1,0
BRDA:36,6,0,0
BRDA:36,6,1,0
BRDA:53,7,0,0
BRDA:53,7,1,0
BRF:14
BRH:0
end_of_record
TN:
SF:components/auth/AthleteSignup.tsx
FN:30,(anonymous_0)
FN:47,(anonymous_1)
FN:59,(anonymous_2)
FN:117,(anonymous_3)
FN:144,(anonymous_4)
FN:147,(anonymous_5)
FN:152,(anonymous_6)
FN:301,(anonymous_7)
FN:302,(anonymous_8)
FNF:9
FNH:0
FNDA:0,(anonymous_0)
FNDA:0,(anonymous_1)
FNDA:0,(anonymous_2)
FNDA:0,(anonymous_3)
FNDA:0,(anonymous_4)
FNDA:0,(anonymous_5)
FNDA:0,(anonymous_6)
FNDA:0,(anonymous_7)
FNDA:0,(anonymous_8)
DA:25,0
DA:28,0
DA:30,0
DA:31,0
DA:32,0
DA:33,0
DA:34,0
DA:35,0
DA:36,0
DA:37,0
DA:38,0
DA:39,0
DA:40,0
DA:41,0
DA:44,0
DA:47,0
DA:51,0
DA:53,0
DA:54,0
DA:56,0
DA:59,0
DA:61,0
DA:68,0
DA:69,0
DA:72,0
DA:73,0
DA:74,0
DA:77,0
DA:78,0
DA:79,0
DA:82,0
DA:83,0
DA:84,0
DA:87,0
DA:88,0
DA:89,0
DA:92,0
DA:95,0
DA:98,0
DA:101,0
DA:104,0
DA:105,0
DA:106,0
DA:109,0
DA:117,0
DA:124,0
DA:130,0
DA:132,0
DA:133,0
DA:140,0
DA:144,0
DA:145,0
DA:147,0
DA:148,0
DA:152,0
DA:153,0
DA:155,0
DA:158,0
DA:159,0
DA:166,0
DA:301,0
DA:302,0
DA:325,0
LF:63
LH:0
BRDA:53,0,0,0
BRDA:53,0,1,0
BRDA:54,1,0,0
BRDA:54,1,1,0
BRDA:56,2,0,0
BRDA:56,2,1,0
BRDA:61,3,0,0
BRDA:61,3,1,0
BRDA:62,4,0,0
BRDA:62,4,1,0
BRDA:62,4,2,0
BRDA:62,4,3,0
BRDA:62,4,4,0
BRDA:72,5,0,0
BRDA:72,5,1,0
BRDA:77,6,0,0
BRDA:77,6,1,0
BRDA:82,7,0,0
BRDA:82,7,1,0
BRDA:104,8,0,0
BRDA:104,8,1,0
BRDA:104,9,0,0
BRDA:104,9,1,0
BRDA:114,10,0,0
BRDA:114,10,1,0
BRDA:116,11,0,0
BRDA:116,11,1,0
BRDA:117,12,0,0
BRDA:117,12,1,0
BRDA:135,13,0,0
BRDA:135,13,1,0
BRDA:158,14,0,0
BRDA:158,14,1,0
BRDA:288,15,0,0
BRDA:288,15,1,0
BRDA:292,16,0,0
BRDA:292,16,1,0
BRF:37
BRH:0
end_of_record
TN:
SF:components/auth/AuthTester.tsx
FN:7,(anonymous_0)
FN:13,(anonymous_1)
FN:28,(anonymous_2)
FN:33,(anonymous_3)
FN:35,(anonymous_4)
FN:40,(anonymous_5)
FN:47,(anonymous_6)
FN:51,(anonymous_7)
FN:55,(anonymous_8)
FN:57,(anonymous_9)
FN:61,(anonymous_10)
FN:65,(anonymous_11)
FNF:12
FNH:0
FNDA:0,(anonymous_0)
FNDA:0,(anonymous_1)
FNDA:0,(anonymous_2)
FNDA:0,(anonymous_3)
FNDA:0,(anonymous_4)
FNDA:0,(anonymous_5)
FNDA:0,(anonymous_6)
FNDA:0,(anonymous_7)
FNDA:0,(anonymous_8)
FNDA:0,(anonymous_9)
FNDA:0,(anonymous_10)
FNDA:0,(anonymous_11)
DA:7,0
DA:8,0
DA:9,0
DA:10,0
DA:11,0
DA:13,0
DA:14,0
DA:15,0
DA:17,0
DA:19,0
DA:22,0
DA:23,0
DA:28,0
DA:31,0
DA:32,0
DA:33,0
DA:35,0
DA:39,0
DA:40,0
DA:42,0
DA:44,0
DA:45,0
DA:47,0
DA:48,0
DA:51,0
DA:54,0
DA:55,0
DA:57,0
DA:61,0
DA:65,0
DA:67,0
DA:68,0
DA:70,0
DA:74,0
DA:116,0
LF:35
LH:0
BRDA:32,0,0,0
BRDA:32,0,1,0
BRDA:39,1,0,0
BRDA:39,1,1,0
BRDA:54,2,0,0
BRDA:54,2,1,0
BRDA:104,3,0,0
BRDA:104,3,1,0
BRDA:106,4,0,0
BRDA:106,4,1,0
BRF:10
BRH:0
end_of_record
TN:
SF:components/auth/FanHubSignup.tsx
FN:21,(anonymous_0)
FN:35,(anonymous_1)
FN:44,(anonymous_2)
FN:45,(anonymous_3)
FN:51,(anonymous_4)
FN:52,(anonymous_5)
FN:58,(anonymous_6)
FN:107,(anonymous_7)
FN:122,(anonymous_8)
FN:219,(anonymous_9)
FN:220,(anonymous_10)
FNF:11
FNH:0
FNDA:0,(anonymous_0)
FNDA:0,(anonymous_1)
FNDA:0,(anonymous_2)
FNDA:0,(anonymous_3)
FNDA:0,(anonymous_4)
FNDA:0,(anonymous_5)
FNDA:0,(anonymous_6)
FNDA:0,(anonymous_7)
FNDA:0,(anonymous_8)
FNDA:0,(anonymous_9)
FNDA:0,(anonymous_10)
DA:21,0
DA:22,0
DA:23,0
DA:24,0
DA:25,0
DA:26,0
DA:27,0
DA:28,0
DA:29,0
DA:32,0
DA:35,0
DA:39,0
DA:41,0
DA:42,0
DA:44,0
DA:45,0
DA:48,0
DA:49,0
DA:51,0
DA:52,0
DA:55,0
DA:58,0
DA:60,0
DA:61,0
DA:62,0
DA:65,0
DA:66,0
DA:67,0
DA:70,0
DA:71,0
DA:72,0
DA:75,0
DA:76,0
DA:77,0
DA:80,0
DA:83,0
DA:86,0
DA:89,0
DA:92,0
DA:93,0
DA:94,0
DA:95,0
DA:97,0
DA:102,0
DA:108,0
DA:115,0
DA:116,0
DA:118,0
DA:122,0
DA:123,0
DA:126,0
DA:219,0
DA:220,0
DA:237,0
LF:54
LH:0
BRDA:41,0,0,0
BRDA:41,0,1,0
BRDA:48,1,0,0
BRDA:48,1,1,0
BRDA:55,2,0,0
BRDA:55,2,1,0
BRDA:60,3,0,0
BRDA:60,3,1,0
BRDA:60,4,0,0
BRDA:60,4,1,0
BRDA:60,4,2,0
BRDA:60,4,3,0
BRDA:65,5,0,0
BRDA:65,5,1,0
BRDA:70,6,0,0
BRDA:70,6,1,0
BRDA:92,7,0,0
BRDA:92,7,1,0
BRDA:92,8,0,0
BRDA:92,8,1,0
BRDA:116,9,0,0
BRDA:116,9,1,0
BRDA:206,10,0,0
BRDA:206,10,1,0
BRDA:210,11,0,0
BRDA:210,11,1,0
BRF:26
BRH:0
end_of_record
TN:
SF:components/auth/GoogleSignInButton.tsx
FN:26,(anonymous_0)
FN:36,(anonymous_1)
FNF:2
FNH:0
FNDA:0,(anonymous_0)
FNDA:0,(anonymous_1)
DA:26,0
DA:33,0
DA:34,0
DA:36,0
DA:37,0
DA:39,0
DA:40,0
DA:42,0
DA:44,0
DA:45,0
DA:47,0
DA:48,0
DA:49,0
DA:50,0
DA:52,0
DA:53,0
DA:56,0
DA:57,0
DA:58,0
DA:59,0
DA:60,0
DA:62,0
DA:67,0
DA:68,0
DA:71,0
DA:74,0
DA:81,0
DA:84,0
DA:87,0
DA:89,0
DA:90,0
DA:91,0
DA:92,0
DA:93,0
DA:94,0
DA:95,0
DA:96,0
DA:99,0
DA:106,0
DA:108,0
DA:113,0
DA:114,0
DA:122,0
DA:142,0
LF:44
LH:0
BRDA:30,0,0,0
BRDA:31,1,0,0
BRDA:37,2,0,0
BRDA:37,2,1,0
BRDA:67,3,0,0
BRDA:67,3,1,0
BRDA:81,4,0,0
BRDA:81,4,1,0
BRDA:89,5,0,0
BRDA:89,5,1,0
BRDA:91,6,0,0
BRDA:91,6,1,0
BRDA:93,7,0,0
BRDA:93,7,1,0
BRDA:95,8,0,0
BRDA:95,8,1,0
BRDA:106,9,0,0
BRDA:106,9,1,0
BRDA:113,10,0,0
BRDA:113,10,1,0
BRDA:130,11,0,0
BRDA:130,11,1,0
BRF:22
BRH:0
end_of_record
TN:
SF:components/auth/InitializeDemoAccounts.tsx
FN:19,(anonymous_0)
FN:22,(anonymous_1)
FNF:2
FNH:0
FNDA:0,(anonymous_0)
FNDA:0,(anonymous_1)
DA:19,0
DA:20,0
DA:22,0
DA:23,0
DA:25,0
DA:26,0
DA:28,0
DA:33,0
DA:34,0
DA:37,0
DA:38,0
DA:41,0
DA:42,0
DA:43,0
DA:46,0
DA:47,0
DA:48,0
DA:49,0
DA:52,0
DA:53,0
DA:55,0
DA:56,0
DA:57,0
DA:69,0
DA:72,0
DA:73,0
DA:76,0
DA:77,0
DA:80,0
DA:85,0
DA:86,0
DA:97,0
DA:100,0
DA:104,0
DA:108,0
DA:109,0
DA:115,0
DA:116,0
DA:122,0
DA:126,0
DA:157,0
LF:41
LH:0
BRDA:37,0,0,0
BRDA:37,0,1,0
BRDA:55,1,0,0
BRDA:55,1,1,0
BRDA:72,2,0,0
BRDA:72,2,1,0
BRDA:134,3,0,0
BRDA:134,3,1,0
BRF:8
BRH:0
end_of_record
TN:
SF:components/auth/SocialAuthButtons.tsx
FN:22,(anonymous_0)
FN:32,(anonymous_1)
FN:55,(anonymous_2)
FNF:3
FNH:0
FNDA:0,(anonymous_0)
FNDA:0,(anonymous_1)
FNDA:0,(anonymous_2)
DA:22,0
DA:29,0
DA:30,0
DA:32,0
DA:33,0
DA:34,0
DA:35,0
DA:37,0
DA:40,0
DA:43,0
DA:44,0
DA:50,0
DA:51,0
DA:55,0
DA:56,0
DA:57,0
DA:58,0
DA:60,0
DA:63,0
DA:66,0
DA:67,0
DA:73,0
DA:74,0
DA:78,0
DA:133,0
LF:25
LH:0
BRDA:23,0,0,0
BRDA:26,1,0,0
BRDA:27,2,0,0
BRDA:35,3,0,0
BRDA:35,3,1,0
BRDA:43,4,0,0
BRDA:43,4,1,0
BRDA:51,5,0,0
BRDA:51,5,1,0
BRDA:58,6,0,0
BRDA:58,6,1,0
BRDA:66,7,0,0
BRDA:66,7,1,0
BRDA:74,8,0,0
BRDA:74,8,1,0
BRDA:90,9,0,0
BRDA:90,9,1,0
BRDA:93,10,0,0
BRDA:93,10,1,0
BRDA:99,11,0,0
BRDA:99,11,1,0
BRDA:105,12,0,0
BRDA:105,12,1,0
BRDA:105,13,0,0
BRDA:105,13,1,0
BRDA:110,14,0,0
BRDA:110,14,1,0
BRDA:113,15,0,0
BRDA:113,15,1,0
BRDA:119,16,0,0
BRDA:119,16,1,0
BRF:31
BRH:0
end_of_record
TN:
SF:components/community/FanCommunityView.tsx
FN:107,(anonymous_0)
FN:116,(anonymous_1)
FN:121,(anonymous_2)
FN:124,(anonymous_3)
FN:129,(anonymous_4)
FN:130,(anonymous_5)
FN:131,(anonymous_6)
FN:145,(anonymous_7)
FN:151,(anonymous_8)
FN:173,(anonymous_9)
FN:204,(anonymous_10)
FN:239,(anonymous_11)
FN:246,(anonymous_12)
FN:290,(anonymous_13)
FNF:14
FNH:0
FNDA:0,(anonymous_0)
FNDA:0,(anonymous_1)
FNDA:0,(anonymous_2)
FNDA:0,(anonymous_3)
FNDA:0,(anonymous_4)
FNDA:0,(anonymous_5)
FNDA:0,(anonymous_6)
FNDA:0,(anonymous_7)
FNDA:0,(anonymous_8)
FNDA:0,(anonymous_9)
FNDA:0,(anonymous_10)
FNDA:0,(anonymous_11)
FNDA:0,(anonymous_12)
FNDA:0,(anonymous_13)
DA:34,0
DA:97,0
DA:107,0
DA:108,0
DA:109,0
DA:110,0
DA:111,0
DA:112,0
DA:113,0
DA:114,0
DA:116,0
DA:121,0
DA:122,0
DA:124,0
DA:125,0
DA:129,0
DA:130,0
DA:131,0
DA:132,0
DA:133,0
DA:134,0
DA:140,0
DA:145,0
DA:146,0
DA:148,0
DA:151,0
DA:153,0
DA:167,0
DA:168,0
DA:169,0
DA:173,0
DA:174,0
DA:204,0
DA:231,0
DA:240,0
DA:246,0
DA:290,0
DA:307,0
LF:38
LH:0
BRDA:132,0,0,0
BRDA:132,0,1,0
BRDA:133,1,0,0
BRDA:133,1,1,0
BRDA:137,2,0,0
BRDA:137,2,1,0
BRDA:146,3,0,0
BRDA:146,3,1,0
BRDA:156,4,0,0
BRDA:156,4,1,0
BRDA:157,5,0,0
BRDA:157,5,1,0
BRDA:157,5,2,0
BRDA:178,6,0,0
BRDA:178,6,1,0
BRDA:207,7,0,0
BRDA:207,7,1,0
BRDA:209,8,0,0
BRDA:209,8,1,0
BRDA:213,9,0,0
BRDA:213,9,1,0
BRDA:244,10,0,0
BRDA:244,10,1,0
BRDA:251,11,0,0
BRDA:251,11,1,0
BRDA:274,12,0,0
BRDA:274,12,1,0
BRDA:274,12,2,0
BRDA:277,13,0,0
BRDA:277,13,1,0
BRDA:279,14,0,0
BRDA:279,14,1,0
BRF:32
BRH:0
end_of_record
TN:
SF:components/content/FanContentDiscovery.tsx
FN:139,(anonymous_0)
FN:147,(anonymous_1)
FN:151,(anonymous_2)
FN:156,(anonymous_3)
FN:164,(anonymous_4)
FN:169,(anonymous_5)
FN:170,(anonymous_6)
FN:171,(anonymous_7)
FN:183,(anonymous_8)
FN:195,(anonymous_9)
FN:199,(anonymous_10)
FN:201,(anonymous_11)
FN:203,(anonymous_12)
FN:209,(anonymous_13)
FN:214,(anonymous_14)
FN:225,(anonymous_15)
FN:229,(anonymous_16)
FN:238,(anonymous_17)
FN:309,(anonymous_18)
FN:332,(anonymous_19)
FN:361,(anonymous_20)
FN:404,(anonymous_21)
FN:411,(anonymous_22)
FN:430,(anonymous_23)
FNF:24
FNH:0
FNDA:0,(anonymous_0)
FNDA:0,(anonymous_1)
FNDA:0,(anonymous_2)
FNDA:0,(anonymous_3)
FNDA:0,(anonymous_4)
FNDA:0,(anonymous_5)
FNDA:0,(anonymous_6)
FNDA:0,(anonymous_7)
FNDA:0,(anonymous_8)
FNDA:0,(anonymous_9)
FNDA:0,(anonymous_10)
FNDA:0,(anonymous_11)
FNDA:0,(anonymous_12)
FNDA:0,(anonymous_13)
FNDA:0,(anonymous_14)
FNDA:0,(anonymous_15)
FNDA:0,(anonymous_16)
FNDA:0,(anonymous_17)
FNDA:0,(anonymous_18)
FNDA:0,(anonymous_19)
FNDA:0,(anonymous_20)
FNDA:0,(anonymous_21)
FNDA:0,(anonymous_22)
FNDA:0,(anonymous_23)
DA:42,0
DA:130,0
DA:139,0
DA:140,0
DA:141,0
DA:142,0
DA:143,0
DA:144,0
DA:145,0
DA:147,0
DA:148,0
DA:151,0
DA:153,0
DA:156,0
DA:157,0
DA:158,0
DA:159,0
DA:160,0
DA:164,0
DA:165,0
DA:166,0
DA:169,0
DA:170,0
DA:171,0
DA:172,0
DA:173,0
DA:178,0
DA:182,0
DA:183,0
DA:184,0
DA:185,0
DA:190,0
DA:195,0
DA:196,0
DA:197,0
DA:198,0
DA:199,0
DA:200,0
DA:201,0
DA:202,0
DA:203,0
DA:204,0
DA:206,0
DA:207,0
DA:209,0
DA:211,0
DA:214,0
DA:215,0
DA:217,0
DA:219,0
DA:221,0
DA:225,0
DA:226,0
DA:229,0
DA:230,0
DA:231,0
DA:232,0
DA:233,0
DA:235,0
DA:238,0
DA:239,0
DA:241,0
DA:309,0
DA:332,0
DA:333,0
DA:361,0
DA:386,0
DA:387,0
DA:395,0
DA:405,0
DA:411,0
DA:430,0
DA:448,0
LF:73
LH:0
BRDA:172,0,0,0
BRDA:172,0,1,0
BRDA:182,1,0,0
BRDA:182,1,1,0
BRDA:184,2,0,0
BRDA:184,2,1,0
BRDA:196,3,0,0
BRDA:196,3,1,0
BRDA:198,4,0,0
BRDA:198,4,1,0
BRDA:200,5,0,0
BRDA:200,5,1,0
BRDA:202,6,0,0
BRDA:202,6,1,0
BRDA:204,7,0,0
BRDA:204,7,1,0
BRDA:207,8,0,0
BRDA:207,8,1,0
BRDA:215,9,0,0
BRDA:215,9,1,0
BRDA:215,9,2,0
BRDA:230,10,0,0
BRDA:230,10,1,0
BRDA:232,11,0,0
BRDA:232,11,1,0
BRDA:239,12,0,0
BRDA:239,12,1,0
BRDA:246,13,0,0
BRDA:246,13,1,0
BRDA:264,14,0,0
BRDA:264,14,1,0
BRDA:282,15,0,0
BRDA:282,15,1,0
BRDA:312,16,0,0
BRDA:312,16,1,0
BRDA:317,17,0,0
BRDA:317,17,1,0
BRDA:335,18,0,0
BRDA:335,18,1,0
BRDA:349,19,0,0
BRDA:349,19,1,0
BRDA:363,20,0,0
BRDA:363,20,1,0
BRDA:365,21,0,0
BRDA:365,21,1,0
BRDA:372,22,0,0
BRDA:372,22,1,0
BRDA:386,23,0,0
BRDA:386,23,1,0
BRDA:409,24,0,0
BRDA:409,24,1,0
BRDA:416,25,0,0
BRDA:416,25,1,0
BRF:53
BRH:0
end_of_record
TN:
SF:components/dashboard/AthleteDashboard.tsx
FN:54,(anonymous_0)
FN:55,(anonymous_1)
FN:56,(anonymous_2)
FN:73,(anonymous_3)
FN:77,(anonymous_4)
FN:99,(anonymous_5)
FN:110,(anonymous_6)
FN:116,(anonymous_7)
FN:127,(anonymous_8)
FN:155,(anonymous_9)
FN:174,(anonymous_10)
FN:198,(anonymous_11)
FN:225,(anonymous_12)
FN:231,(anonymous_13)
FN:262,(anonymous_14)
FN:272,(anonymous_15)
FN:292,(anonymous_16)
FN:303,(anonymous_17)
FNF:18
FNH:0
FNDA:0,(anonymous_0)
FNDA:0,(anonymous_1)
FNDA:0,(anonymous_2)
FNDA:0,(anonymous_3)
FNDA:0,(anonymous_4)
FNDA:0,(anonymous_5)
FNDA:0,(anonymous_6)
FNDA:0,(anonymous_7)
FNDA:0,(anonymous_8)
FNDA:0,(anonymous_9)
FNDA:0,(anonymous_10)
FNDA:0,(anonymous_11)
FNDA:0,(anonymous_12)
FNDA:0,(anonymous_13)
FNDA:0,(anonymous_14)
FNDA:0,(anonymous_15)
FNDA:0,(anonymous_16)
FNDA:0,(anonymous_17)
DA:23,0
DA:54,0
DA:61,0
DA:62,0
DA:63,0
DA:64,0
DA:65,0
DA:69,0
DA:70,0
DA:71,0
DA:73,0
DA:74,0
DA:77,0
DA:78,0
DA:80,0
DA:81,0
DA:83,0
DA:84,0
DA:87,0
DA:88,0
DA:91,0
DA:92,0
DA:95,0
DA:96,0
DA:99,0
DA:100,0
DA:103,0
DA:105,0
DA:106,0
DA:110,0
DA:111,0
DA:112,0
DA:116,0
DA:117,0
DA:118,0
DA:119,0
DA:120,0
DA:121,0
DA:123,0
DA:127,0
DA:128,0
DA:155,0
DA:174,0
DA:175,0
DA:198,0
DA:199,0
DA:200,0
DA:218,0
DA:220,0
DA:225,0
DA:232,0
DA:262,0
DA:272,0
DA:273,0
DA:292,0
DA:303,0
DA:327,0
DA:328,0
DA:336,0
DA:352,0
LF:60
LH:0
BRDA:55,0,0,0
BRDA:56,1,0,0
BRDA:57,2,0,0
BRDA:59,3,0,0
BRDA:78,4,0,0
BRDA:78,4,1,0
BRDA:99,5,0,0
BRDA:99,5,1,0
BRDA:118,6,0,0
BRDA:118,6,1,0
BRDA:120,7,0,0
BRDA:120,7,1,0
BRDA:132,8,0,0
BRDA:132,8,1,0
BRDA:135,9,0,0
BRDA:135,9,1,0
BRDA:152,10,0,0
BRDA:152,10,1,0
BRDA:162,11,0,0
BRDA:162,11,1,0
BRDA:177,12,0,0
BRDA:177,12,1,0
BRDA:199,13,0,0
BRDA:199,13,1,0
BRDA:218,14,0,0
BRDA:218,14,1,0
BRDA:222,15,0,0
BRDA:222,15,1,0
BRDA:234,16,0,0
BRDA:234,16,1,0
BRDA:252,17,0,0
BRDA:252,17,1,0
BRDA:256,18,0,0
BRDA:256,18,1,0
BRDA:275,19,0,0
BRDA:275,19,1,0
BRDA:327,20,0,0
BRDA:327,20,1,0
BRF:38
BRH:0
end_of_record
TN:
SF:components/dashboard/FanDashboard.tsx
FN:22,(anonymous_0)
FN:30,(anonymous_1)
FN:34,(anonymous_2)
FN:69,(anonymous_3)
FN:74,(anonymous_4)
FN:97,(anonymous_5)
FN:124,(anonymous_6)
FN:137,(anonymous_7)
FN:149,(anonymous_8)
FN:164,(anonymous_9)
FN:182,(anonymous_10)
FN:193,(anonymous_11)
FNF:12
FNH:0
FNDA:0,(anonymous_0)
FNDA:0,(anonymous_1)
FNDA:0,(anonymous_2)
FNDA:0,(anonymous_3)
FNDA:0,(anonymous_4)
FNDA:0,(anonymous_5)
FNDA:0,(anonymous_6)
FNDA:0,(anonymous_7)
FNDA:0,(anonymous_8)
FNDA:0,(anonymous_9)
FNDA:0,(anonymous_10)
FNDA:0,(anonymous_11)
DA:22,0
DA:23,0
DA:24,0
DA:25,0
DA:26,0
DA:27,0
DA:28,0
DA:30,0
DA:31,0
DA:34,0
DA:35,0
DA:37,0
DA:38,0
DA:40,0
DA:41,0
DA:45,0
DA:53,0
DA:62,0
DA:64,0
DA:65,0
DA:69,0
DA:70,0
DA:71,0
DA:74,0
DA:75,0
DA:77,0
DA:97,0
DA:98,0
DA:99,0
DA:101,0
DA:102,0
DA:118,0
DA:125,0
DA:138,0
DA:149,0
DA:150,0
DA:165,0
DA:182,0
DA:183,0
DA:194,0
DA:208,0
DA:209,0
DA:217,0
DA:270,0
LF:44
LH:0
BRDA:35,0,0,0
BRDA:35,0,1,0
BRDA:75,1,0,0
BRDA:75,1,1,0
BRDA:75,1,2,0
BRDA:98,2,0,0
BRDA:98,2,1,0
BRDA:99,3,0,0
BRDA:99,3,1,0
BRDA:101,4,0,0
BRDA:101,4,1,0
BRDA:101,5,0,0
BRDA:101,5,1,0
BRDA:120,6,0,0
BRDA:120,6,1,0
BRDA:133,7,0,0
BRDA:133,7,1,0
BRDA:208,8,0,0
BRDA:208,8,1,0
BRF:19
BRH:0
end_of_record
TN:
SF:components/dashboard/index.ts
FNF:0
FNH:0
LF:0
LH:0
BRF:0
BRH:0
end_of_record
TN:
SF:components/layout/NavigationBar.tsx
FN:13,(anonymous_0)
FN:27,(anonymous_1)
FN:32,(anonymous_2)
FN:37,(anonymous_3)
FN:43,(anonymous_4)
FN:48,(anonymous_5)
FN:54,(anonymous_6)
FN:58,(anonymous_7)
FN:70,(anonymous_8)
FN:79,(anonymous_9)
FNF:10
FNH:0
FNDA:0,(anonymous_0)
FNDA:0,(anonymous_1)
FNDA:0,(anonymous_2)
FNDA:0,(anonymous_3)
FNDA:0,(anonymous_4)
FNDA:0,(anonymous_5)
FNDA:0,(anonymous_6)
FNDA:0,(anonymous_7)
FNDA:0,(anonymous_8)
FNDA:0,(anonymous_9)
DA:13,0
DA:14,0
DA:15,0
DA:16,0
DA:17,0
DA:18,0
DA:20,0
DA:23,0
DA:27,0
DA:32,0
DA:37,0
DA:43,0
DA:48,0
DA:53,0
DA:54,0
DA:58,0
DA:59,0
DA:63,0
DA:64,0
DA:65,0
DA:66,0
DA:68,0
DA:72,0
DA:75,0
DA:79,0
DA:100,0
LF:26
LH:0
BRDA:41,0,0,0
BRDA:41,0,1,0
BRDA:42,1,0,0
BRDA:42,1,1,0
BRDA:43,2,0,0
BRDA:43,2,1,0
BRDA:53,3,0,0
BRDA:53,3,1,0
BRDA:53,4,0,0
BRDA:53,4,1,0
BRDA:63,5,0,0
BRDA:63,5,1,0
BRDA:64,6,0,0
BRDA:64,6,1,0
BRDA:65,7,0,0
BRDA:65,7,1,0
BRDA:66,8,0,0
BRDA:66,8,1,0
BRDA:72,9,0,0
BRDA:72,9,1,0
BRDA:72,9,2,0
BRDA:83,10,0,0
BRDA:83,10,1,0
BRDA:88,11,0,0
BRDA:88,11,1,0
BRF:25
BRH:0
end_of_record
TN:
SF:components/layout/ProfileLayout.tsx
FN:35,(anonymous_0)
FN:50,(anonymous_1)
FN:59,(anonymous_2)
FN:99,(anonymous_3)
FN:122,(anonymous_4)
FNF:5
FNH:0
FNDA:0,(anonymous_0)
FNDA:0,(anonymous_1)
FNDA:0,(anonymous_2)
FNDA:0,(anonymous_3)
FNDA:0,(anonymous_4)
DA:35,0
DA:47,0
DA:50,0
DA:51,0
DA:52,0
DA:54,0
DA:59,0
DA:60,0
DA:99,0
DA:101,0
DA:106,0
DA:107,0
DA:118,0
DA:122,0
DA:123,0
DA:125,0
DA:132,0
DA:145,0
LF:18
LH:0
BRDA:38,0,0,0
BRDA:41,1,0,0
BRDA:42,2,0,0
BRDA:51,3,0,0
BRDA:51,3,1,0
BRDA:62,4,0,0
BRDA:62,4,1,0
BRDA:72,5,0,0
BRDA:72,5,1,0
BRDA:78,6,0,0
BRDA:78,6,1,0
BRDA:90,7,0,0
BRDA:90,7,1,0
BRDA:106,8,0,0
BRDA:106,8,1,0
BRDA:123,9,0,0
BRDA:123,9,1,0
BRDA:135,10,0,0
BRDA:135,10,1,0
BRDA:150,11,0,0
BRDA:150,11,1,0
BRDA:150,12,0,0
BRDA:150,12,1,0
BRF:23
BRH:0
end_of_record
TN:
SF:components/layout/index.ts
FNF:0
FNH:0
LF:0
LH:0
BRF:0
BRH:0
end_of_record
TN:
SF:components/music/MusicPlayer.tsx
FN:30,(anonymous_0)
FN:68,(anonymous_1)
FN:97,(anonymous_2)
FN:118,(anonymous_3)
FN:135,(anonymous_4)
FN:143,(anonymous_5)
FN:150,(anonymous_6)
FN:155,(anonymous_7)
FN:162,(anonymous_8)
FN:166,(anonymous_9)
FN:167,(anonymous_10)
FN:177,(anonymous_11)
FN:191,(anonymous_12)
FN:198,(anonymous_13)
FN:203,(anonymous_14)
FN:207,(anonymous_15)
FN:218,(anonymous_16)
FNF:17
FNH:0
FNDA:0,(anonymous_0)
FNDA:0,(anonymous_1)
FNDA:0,(anonymous_2)
FNDA:0,(anonymous_3)
FNDA:0,(anonymous_4)
FNDA:0,(anonymous_5)
FNDA:0,(anonymous_6)
FNDA:0,(anonymous_7)
FNDA:0,(anonymous_8)
FNDA:0,(anonymous_9)
FNDA:0,(anonymous_10)
FNDA:0,(anonymous_11)
FNDA:0,(anonymous_12)
FNDA:0,(anonymous_13)
FNDA:0,(anonymous_14)
FNDA:0,(anonymous_15)
FNDA:0,(anonymous_16)
DA:30,0
DA:42,0
DA:69,0
DA:70,0
DA:95,0
DA:97,0
DA:106,0
DA:107,0
DA:108,0
DA:109,0
DA:110,0
DA:111,0
DA:114,0
DA:115,0
DA:118,0
DA:119,0
DA:120,0
DA:128,0
DA:130,0
DA:131,0
DA:135,0
DA:136,0
DA:137,0
DA:143,0
DA:144,0
DA:145,0
DA:146,0
DA:147,0
DA:150,0
DA:151,0
DA:152,0
DA:155,0
DA:157,0
DA:162,0
DA:165,0
DA:166,0
DA:167,0
DA:168,0
DA:169,0
DA:170,0
DA:172,0
DA:177,0
DA:178,0
DA:179,0
DA:185,0
DA:191,0
DA:192,0
DA:193,0
DA:194,0
DA:198,0
DA:199,0
DA:203,0
DA:204,0
DA:207,0
DA:208,0
DA:209,0
DA:210,0
DA:211,0
DA:212,0
DA:213,0
DA:218,0
DA:219,0
DA:222,0
DA:224,0
DA:351,0
LF:65
LH:0
BRDA:69,0,0,0
BRDA:69,0,1,0
BRDA:69,1,0,0
BRDA:69,1,1,0
BRDA:103,2,0,0
BRDA:104,3,0,0
BRDA:109,4,0,0
BRDA:109,4,1,0
BRDA:119,5,0,0
BRDA:119,5,1,0
BRDA:119,6,0,0
BRDA:119,6,1,0
BRDA:130,7,0,0
BRDA:130,7,1,0
BRDA:136,8,0,0
BRDA:136,8,1,0
BRDA:144,9,0,0
BRDA:144,9,1,0
BRDA:147,10,0,0
BRDA:147,10,1,0
BRDA:165,11,0,0
BRDA:165,11,1,0
BRDA:165,12,0,0
BRDA:165,12,1,0
BRDA:165,12,2,0
BRDA:168,13,0,0
BRDA:168,13,1,0
BRDA:178,14,0,0
BRDA:178,14,1,0
BRDA:194,15,0,0
BRDA:194,15,1,0
BRDA:210,16,0,0
BRDA:210,16,1,0
BRDA:212,17,0,0
BRDA:212,17,1,0
BRDA:222,18,0,0
BRDA:222,18,1,0
BRDA:243,19,0,0
BRDA:243,19,1,0
BRDA:283,20,0,0
BRDA:283,20,1,0
BRDA:285,21,0,0
BRDA:285,21,1,0
BRDA:293,22,0,0
BRDA:293,22,1,0
BRDA:293,23,0,0
BRDA:293,23,1,0
BRDA:296,24,0,0
BRDA:296,24,1,0
BRDA:306,25,0,0
BRDA:306,25,1,0
BRDA:310,26,0,0
BRDA:310,26,1,0
BRDA:320,27,0,0
BRDA:320,27,1,0
BRDA:320,28,0,0
BRDA:320,28,1,0
BRDA:323,29,0,0
BRDA:323,29,1,0
BRF:59
BRH:0
end_of_record
TN:
SF:components/music/MusicPlayerAdapter.tsx
FN:20,(anonymous_0)
FNF:1
FNH:0
FNDA:0,(anonymous_0)
DA:20,0
DA:32,0
DA:35,0
DA:44,0
LF:4
LH:0
BRDA:25,0,0,0
BRDA:32,1,0,0
BRDA:32,1,1,0
BRF:3
BRH:0
end_of_record
TN:
SF:components/music/SongCardAdapter.tsx
FN:15,(anonymous_0)
FNF:1
FNH:0
FNDA:0,(anonymous_0)
DA:15,0
DA:17,0
DA:19,0
LF:3
LH:0
BRDA:17,0,0,0
BRDA:17,0,1,0
BRF:2
BRH:0
end_of_record
TN:
SF:components/music/lyrics/LyricsGenerator.tsx
FNF:0
FNH:0
LF:0
LH:0
BRF:0
BRH:0
end_of_record
TN:
SF:components/music/mastering/DolbyMasteringPanel.tsx
FN:38,(anonymous_0)
FN:81,(anonymous_1)
FN:82,(anonymous_2)
FN:95,(anonymous_3)
FN:119,(anonymous_4)
FN:138,(anonymous_5)
FN:177,(anonymous_6)
FN:208,(anonymous_7)
FN:221,(anonymous_8)
FN:231,(anonymous_9)
FN:281,(anonymous_10)
FN:308,(anonymous_11)
FN:321,(anonymous_12)
FN:385,(anonymous_13)
FN:392,(anonymous_14)
FN:412,(anonymous_15)
FN:452,(anonymous_16)
FN:474,(anonymous_17)
FN:495,(anonymous_18)
FN:536,(anonymous_19)
FNF:20
FNH:0
FNDA:0,(anonymous_0)
FNDA:0,(anonymous_1)
FNDA:0,(anonymous_2)
FNDA:0,(anonymous_3)
FNDA:0,(anonymous_4)
FNDA:0,(anonymous_5)
FNDA:0,(anonymous_6)
FNDA:0,(anonymous_7)
FNDA:0,(anonymous_8)
FNDA:0,(anonymous_9)
FNDA:0,(anonymous_10)
FNDA:0,(anonymous_11)
FNDA:0,(anonymous_12)
FNDA:0,(anonymous_13)
FNDA:0,(anonymous_14)
FNDA:0,(anonymous_15)
FNDA:0,(anonymous_16)
FNDA:0,(anonymous_17)
FNDA:0,(anonymous_18)
FNDA:0,(anonymous_19)
DA:38,0
DA:46,0
DA:47,0
DA:48,0
DA:51,0
DA:60,0
DA:63,0
DA:64,0
DA:65,0
DA:66,0
DA:69,0
DA:70,0
DA:71,0
DA:74,0
DA:75,0
DA:78,0
DA:81,0
DA:82,0
DA:83,0
DA:84,0
DA:86,0
DA:87,0
DA:95,0
DA:96,0
DA:97,0
DA:102,0
DA:103,0
DA:104,0
DA:105,0
DA:106,0
DA:107,0
DA:108,0
DA:109,0
DA:112,0
DA:119,0
DA:120,0
DA:121,0
DA:124,0
DA:125,0
DA:126,0
DA:127,0
DA:129,0
DA:130,0
DA:131,0
DA:138,0
DA:139,0
DA:141,0
DA:142,0
DA:143,0
DA:144,0
DA:145,0
DA:150,0
DA:151,0
DA:152,0
DA:154,0
DA:160,0
DA:161,0
DA:164,0
DA:165,0
DA:168,0
DA:169,0
DA:177,0
DA:178,0
DA:180,0
DA:181,0
DA:182,0
DA:185,0
DA:186,0
DA:187,0
DA:191,0
DA:192,0
DA:197,0
DA:198,0
DA:199,0
DA:202,0
DA:208,0
DA:209,0
DA:210,0
DA:214,0
DA:221,0
DA:222,0
DA:223,0
DA:224,0
DA:231,0
DA:232,0
DA:234,0
DA:235,0
DA:236,0
DA:237,0
DA:238,0
DA:243,0
DA:244,0
DA:247,0
DA:251,0
DA:252,0
DA:256,0
DA:264,0
DA:267,0
DA:268,0
DA:271,0
DA:272,0
DA:274,0
DA:281,0
DA:282,0
DA:283,0
DA:286,0
DA:288,0
DA:289,0
DA:290,0
DA:293,0
DA:294,0
DA:295,0
DA:299,0
DA:304,0
DA:305,0
DA:308,0
DA:309,0
DA:310,0
DA:314,0
DA:321,0
DA:322,0
DA:323,0
DA:324,0
DA:329,0
DA:330,0
DA:331,0
DA:332,0
DA:334,0
DA:386,0
DA:392,0
DA:412,0
DA:452,0
DA:474,0
DA:495,0
DA:536,0
DA:610,0
LF:136
LH:0
BRDA:43,0,0,0
BRDA:83,1,0,0
BRDA:83,1,1,0
BRDA:86,2,0,0
BRDA:86,2,1,0
BRDA:102,3,0,0
BRDA:102,3,1,0
BRDA:120,4,0,0
BRDA:120,4,1,0
BRDA:142,5,0,0
BRDA:142,5,1,0
BRDA:144,6,0,0
BRDA:144,6,1,0
BRDA:164,7,0,0
BRDA:164,7,1,0
BRDA:180,8,0,0
BRDA:180,8,1,0
BRDA:185,9,0,0
BRDA:185,9,1,0
BRDA:209,10,0,0
BRDA:209,10,1,0
BRDA:209,11,0,0
BRDA:209,11,1,0
BRDA:222,12,0,0
BRDA:222,12,1,0
BRDA:235,13,0,0
BRDA:235,13,1,0
BRDA:237,14,0,0
BRDA:237,14,1,0
BRDA:251,15,0,0
BRDA:251,15,1,0
BRDA:267,16,0,0
BRDA:267,16,1,0
BRDA:282,17,0,0
BRDA:282,17,1,0
BRDA:288,18,0,0
BRDA:288,18,1,0
BRDA:293,19,0,0
BRDA:293,19,1,0
BRDA:309,20,0,0
BRDA:309,20,1,0
BRDA:309,21,0,0
BRDA:309,21,1,0
BRDA:322,22,0,0
BRDA:322,22,1,0
BRDA:329,23,0,0
BRDA:329,23,1,0
BRDA:330,24,0,0
BRDA:330,24,1,0
BRDA:331,25,0,0
BRDA:331,25,1,0
BRDA:352,26,0,0
BRDA:352,26,1,0
BRDA:356,27,0,0
BRDA:356,27,1,0
BRDA:366,28,0,0
BRDA:366,28,1,0
BRDA:383,29,0,0
BRDA:383,29,1,0
BRDA:390,30,0,0
BRDA:390,30,1,0
BRDA:415,31,0,0
BRDA:415,31,1,0
BRDA:415,32,0,0
BRDA:415,32,1,0
BRDA:425,33,0,0
BRDA:425,33,1,0
BRDA:437,34,0,0
BRDA:437,34,1,0
BRDA:508,35,0,0
BRDA:508,35,1,0
BRDA:534,36,0,0
BRDA:534,36,1,0
BRDA:542,37,0,0
BRDA:542,37,1,0
BRDA:552,38,0,0
BRDA:552,38,1,0
BRDA:564,39,0,0
BRDA:564,39,1,0
BRDA:585,40,0,0
BRDA:585,40,1,0
BRDA:588,41,0,0
BRDA:588,41,1,0
BRDA:593,42,0,0
BRDA:593,42,1,0
BRDA:601,43,0,0
BRDA:601,43,1,0
BRF:87
BRH:0
end_of_record
TN:
SF:components/music/mastering/MasteringPanel.tsx
FN:33,(anonymous_0)
FN:84,(anonymous_1)
FN:85,(anonymous_2)
FN:96,(anonymous_3)
FN:111,(anonymous_4)
FN:146,(anonymous_5)
FN:157,(anonymous_6)
FN:168,(anonymous_7)
FN:186,(anonymous_8)
FN:199,(anonymous_9)
FN:217,(anonymous_10)
FN:230,(anonymous_11)
FN:258,(anonymous_12)
FN:278,(anonymous_13)
FN:285,(anonymous_14)
FN:293,(anonymous_15)
FN:312,(anonymous_16)
FN:330,(anonymous_17)
FN:351,(anonymous_18)
FN:375,(anonymous_19)
FN:399,(anonymous_20)
FN:423,(anonymous_21)
FN:447,(anonymous_22)
FN:468,(anonymous_23)
FNF:24
FNH:0
FNDA:0,(anonymous_0)
FNDA:0,(anonymous_1)
FNDA:0,(anonymous_2)
FNDA:0,(anonymous_3)
FNDA:0,(anonymous_4)
FNDA:0,(anonymous_5)
FNDA:0,(anonymous_6)
FNDA:0,(anonymous_7)
FNDA:0,(anonymous_8)
FNDA:0,(anonymous_9)
FNDA:0,(anonymous_10)
FNDA:0,(anonymous_11)
FNDA:0,(anonymous_12)
FNDA:0,(anonymous_13)
FNDA:0,(anonymous_14)
FNDA:0,(anonymous_15)
FNDA:0,(anonymous_16)
FNDA:0,(anonymous_17)
FNDA:0,(anonymous_18)
FNDA:0,(anonymous_19)
FNDA:0,(anonymous_20)
FNDA:0,(anonymous_21)
FNDA:0,(anonymous_22)
FNDA:0,(anonymous_23)
DA:33,0
DA:41,0
DA:42,0
DA:45,0
DA:69,0
DA:70,0
DA:71,0
DA:72,0
DA:75,0
DA:76,0
DA:77,0
DA:78,0
DA:81,0
DA:84,0
DA:85,0
DA:86,0
DA:87,0
DA:89,0
DA:90,0
DA:96,0
DA:97,0
DA:98,0
DA:99,0
DA:111,0
DA:112,0
DA:113,0
DA:118,0
DA:119,0
DA:120,0
DA:121,0
DA:124,0
DA:125,0
DA:126,0
DA:128,0
DA:129,0
DA:130,0
DA:134,0
DA:137,0
DA:140,0
DA:141,0
DA:146,0
DA:147,0
DA:148,0
DA:149,0
DA:151,0
DA:152,0
DA:157,0
DA:158,0
DA:159,0
DA:160,0
DA:162,0
DA:163,0
DA:168,0
DA:169,0
DA:171,0
DA:173,0
DA:174,0
DA:175,0
DA:178,0
DA:179,0
DA:180,0
DA:182,0
DA:183,0
DA:186,0
DA:187,0
DA:188,0
DA:193,0
DA:194,0
DA:199,0
DA:200,0
DA:202,0
DA:204,0
DA:205,0
DA:206,0
DA:209,0
DA:210,0
DA:211,0
DA:213,0
DA:214,0
DA:217,0
DA:218,0
DA:219,0
DA:224,0
DA:225,0
DA:230,0
DA:231,0
DA:232,0
DA:233,0
DA:236,0
DA:237,0
DA:238,0
DA:239,0
DA:242,0
DA:243,0
DA:244,0
DA:246,0
DA:247,0
DA:248,0
DA:252,0
DA:258,0
DA:262,0
DA:263,0
DA:266,0
DA:267,0
DA:270,0
DA:271,0
DA:273,0
DA:278,0
DA:279,0
DA:286,0
DA:293,0
DA:312,0
DA:313,0
DA:330,0
DA:351,0
DA:375,0
DA:399,0
DA:423,0
DA:447,0
DA:468,0
DA:469,0
DA:471,0
DA:571,0
DA:647,0
LF:124
LH:0
BRDA:38,0,0,0
BRDA:86,1,0,0
BRDA:86,1,1,0
BRDA:89,2,0,0
BRDA:89,2,1,0
BRDA:98,3,0,0
BRDA:98,3,1,0
BRDA:118,4,0,0
BRDA:118,4,1,0
BRDA:124,5,0,0
BRDA:124,5,1,0
BRDA:128,6,0,0
BRDA:128,6,1,0
BRDA:169,7,0,0
BRDA:169,7,1,0
BRDA:173,8,0,0
BRDA:173,8,1,0
BRDA:173,9,0,0
BRDA:173,9,1,0
BRDA:178,10,0,0
BRDA:178,10,1,0
BRDA:187,11,0,0
BRDA:187,11,1,0
BRDA:187,12,0,0
BRDA:187,12,1,0
BRDA:200,13,0,0
BRDA:200,13,1,0
BRDA:204,14,0,0
BRDA:204,14,1,0
BRDA:204,15,0,0
BRDA:204,15,1,0
BRDA:209,16,0,0
BRDA:209,16,1,0
BRDA:218,17,0,0
BRDA:218,17,1,0
BRDA:218,18,0,0
BRDA:218,18,1,0
BRDA:231,19,0,0
BRDA:231,19,1,0
BRDA:242,20,0,0
BRDA:242,20,1,0
BRDA:242,21,0,0
BRDA:242,21,1,0
BRDA:246,22,0,0
BRDA:246,22,1,0
BRDA:246,23,0,0
BRDA:246,23,1,0
BRDA:266,24,0,0
BRDA:266,24,1,0
BRDA:281,25,0,0
BRDA:281,25,1,0
BRDA:290,26,0,0
BRDA:290,26,1,0
BRDA:291,27,0,0
BRDA:291,27,1,0
BRDA:298,28,0,0
BRDA:298,28,1,0
BRDA:299,29,0,0
BRDA:299,29,1,0
BRDA:315,30,0,0
BRDA:315,30,1,0
BRDA:321,31,0,0
BRDA:321,31,1,0
BRDA:334,32,0,0
BRDA:334,32,1,0
BRDA:335,33,0,0
BRDA:335,33,1,0
BRDA:336,34,0,0
BRDA:336,34,1,0
BRDA:342,35,0,0
BRDA:342,35,1,0
BRDA:350,36,0,0
BRDA:350,36,1,0
BRDA:358,37,0,0
BRDA:358,37,1,0
BRDA:359,38,0,0
BRDA:359,38,1,0
BRDA:360,39,0,0
BRDA:360,39,1,0
BRDA:366,40,0,0
BRDA:366,40,1,0
BRDA:374,41,0,0
BRDA:374,41,1,0
BRDA:382,42,0,0
BRDA:382,42,1,0
BRDA:383,43,0,0
BRDA:383,43,1,0
BRDA:384,44,0,0
BRDA:384,44,1,0
BRDA:390,45,0,0
BRDA:390,45,1,0
BRDA:398,46,0,0
BRDA:398,46,1,0
BRDA:406,47,0,0
BRDA:406,47,1,0
BRDA:407,48,0,0
BRDA:407,48,1,0
BRDA:408,49,0,0
BRDA:408,49,1,0
BRDA:414,50,0,0
BRDA:414,50,1,0
BRDA:422,51,0,0
BRDA:422,51,1,0
BRDA:430,52,0,0
BRDA:430,52,1,0
BRDA:431,53,0,0
BRDA:431,53,1,0
BRDA:432,54,0,0
BRDA:432,54,1,0
BRDA:438,55,0,0
BRDA:438,55,1,0
BRDA:444,56,0,0
BRDA:444,56,1,0
BRDA:445,57,0,0
BRDA:445,57,1,0
BRDA:455,58,0,0
BRDA:455,58,1,0
BRDA:456,59,0,0
BRDA:456,59,1,0
BRDA:459,60,0,0
BRDA:459,60,1,0
BRDA:469,61,0,0
BRDA:469,61,1,0
BRDA:473,62,0,0
BRDA:473,62,1,0
BRDA:479,63,0,0
BRDA:479,63,1,0
BRDA:486,64,0,0
BRDA:486,64,1,0
BRDA:492,65,0,0
BRDA:492,65,1,0
BRDA:498,66,0,0
BRDA:498,66,1,0
BRDA:500,67,0,0
BRDA:500,67,1,0
BRDA:502,68,0,0
BRDA:502,68,1,0
BRDA:503,69,0,0
BRDA:503,69,1,0
BRDA:509,70,0,0
BRDA:509,70,1,0
BRDA:522,71,0,0
BRDA:522,71,1,0
BRDA:528,72,0,0
BRDA:528,72,1,0
BRDA:530,73,0,0
BRDA:530,73,1,0
BRDA:532,74,0,0
BRDA:532,74,1,0
BRDA:533,75,0,0
BRDA:533,75,1,0
BRDA:541,76,0,0
BRDA:541,76,1,0
BRDA:544,77,0,0
BRDA:544,77,1,0
BRDA:550,78,0,0
BRDA:550,78,1,0
BRDA:553,79,0,0
BRDA:553,79,1,0
BRDA:559,80,0,0
BRDA:559,80,1,0
BRDA:562,81,0,0
BRDA:562,81,1,0
BRDA:575,82,0,0
BRDA:575,82,1,0
BRDA:579,83,0,0
BRDA:579,83,1,0
BRDA:587,84,0,0
BRDA:587,84,1,0
BRDA:595,85,0,0
BRDA:595,85,1,0
BRDA:597,86,0,0
BRDA:597,86,1,0
BRDA:602,87,0,0
BRDA:602,87,1,0
BRDA:603,88,0,0
BRDA:603,88,1,0
BRDA:616,89,0,0
BRDA:616,89,1,0
BRDA:617,90,0,0
BRDA:617,90,1,0
BRDA:620,91,0,0
BRDA:620,91,1,0
BRDA:622,92,0,0
BRDA:622,92,1,0
BRDA:636,93,0,0
BRDA:636,93,1,0
BRF:187
BRH:0
end_of_record
TN:
SF:components/profile/AthleteProfileCard.tsx
FN:57,(anonymous_0)
FN:62,(anonymous_1)
FN:85,(anonymous_2)
FN:98,(anonymous_3)
FN:196,(anonymous_4)
FNF:5
FNH:0
FNDA:0,(anonymous_0)
FNDA:0,(anonymous_1)
FNDA:0,(anonymous_2)
FNDA:0,(anonymous_3)
FNDA:0,(anonymous_4)
DA:57,0
DA:58,0
DA:62,0
DA:63,0
DA:66,0
DA:84,0
DA:85,0
DA:88,0
DA:98,0
DA:128,0
DA:134,0
DA:197,0
DA:261,0
LF:13
LH:0
BRDA:58,0,0,0
BRDA:58,0,1,0
BRDA:84,1,0,0
BRDA:84,1,1,0
BRDA:84,1,2,0
BRDA:106,2,0,0
BRDA:107,3,0,0
BRDA:108,4,0,0
BRDA:109,5,0,0
BRDA:115,6,0,0
BRDA:128,7,0,0
BRDA:128,7,1,0
BRDA:128,8,0,0
BRDA:128,8,1,0
BRDA:130,9,0,0
BRDA:130,9,1,0
BRDA:130,10,0,0
BRDA:130,10,1,0
BRDA:153,11,0,0
BRDA:153,11,1,0
BRDA:169,12,0,0
BRDA:169,12,1,0
BRDA:170,13,0,0
BRDA:170,13,1,0
BRDA:176,14,0,0
BRDA:176,14,1,0
BRDA:181,15,0,0
BRDA:181,15,1,0
BRDA:194,16,0,0
BRDA:194,16,1,0
BRDA:204,17,0,0
BRDA:204,17,1,0
BRDA:219,18,0,0
BRDA:219,18,1,0
BRDA:224,19,0,0
BRDA:224,19,1,0
BRDA:232,20,0,0
BRDA:232,20,1,0
BRDA:234,21,0,0
BRDA:234,21,1,0
BRDA:239,22,0,0
BRDA:239,22,1,0
BRDA:248,23,0,0
BRDA:248,23,1,0
BRF:44
BRH:0
end_of_record
TN:
SF:components/profile/AthleteProfileView.tsx
FN:39,(anonymous_0)
FN:60,(anonymous_1)
FN:64,(anonymous_2)
FN:107,(anonymous_3)
FN:149,(anonymous_4)
FN:158,(anonymous_5)
FN:163,(anonymous_6)
FN:209,(anonymous_7)
FN:226,(anonymous_8)
FN:267,(anonymous_9)
FN:296,(anonymous_10)
FN:326,(anonymous_11)
FN:357,(anonymous_12)
FN:361,(anonymous_13)
FNF:14
FNH:0
FNDA:0,(anonymous_0)
FNDA:0,(anonymous_1)
FNDA:0,(anonymous_2)
FNDA:0,(anonymous_3)
FNDA:0,(anonymous_4)
FNDA:0,(anonymous_5)
FNDA:0,(anonymous_6)
FNDA:0,(anonymous_7)
FNDA:0,(anonymous_8)
FNDA:0,(anonymous_9)
FNDA:0,(anonymous_10)
FNDA:0,(anonymous_11)
FNDA:0,(anonymous_12)
FNDA:0,(anonymous_13)
DA:24,0
DA:39,0
DA:40,0
DA:41,0
DA:42,0
DA:43,0
DA:51,0
DA:52,0
DA:55,0
DA:56,0
DA:57,0
DA:58,0
DA:60,0
DA:61,0
DA:64,0
DA:65,0
DA:67,0
DA:68,0
DA:70,0
DA:71,0
DA:72,0
DA:76,0
DA:79,0
DA:81,0
DA:82,0
DA:91,0
DA:94,0
DA:95,0
DA:96,0
DA:97,0
DA:100,0
DA:101,0
DA:103,0
DA:107,0
DA:108,0
DA:110,0
DA:111,0
DA:117,0
DA:119,0
DA:120,0
DA:121,0
DA:122,0
DA:125,0
DA:132,0
DA:138,0
DA:140,0
DA:142,0
DA:143,0
DA:145,0
DA:149,0
DA:150,0
DA:151,0
DA:152,0
DA:158,0
DA:159,0
DA:160,0
DA:164,0
DA:165,0
DA:167,0
DA:175,0
DA:176,0
DA:186,0
DA:187,0
DA:198,0
DA:199,0
DA:210,0
DA:211,0
DA:213,0
DA:223,0
DA:226,0
DA:227,0
DA:269,0
DA:270,0
DA:271,0
DA:272,0
DA:273,0
DA:296,0
DA:297,0
DA:326,0
DA:335,0
DA:336,0
DA:344,0
DA:357,0
DA:361,0
DA:370,0
LF:85
LH:0
BRDA:65,0,0,0
BRDA:65,0,1,0
BRDA:71,1,0,0
BRDA:71,1,1,0
BRDA:81,2,0,0
BRDA:81,2,1,0
BRDA:83,3,0,0
BRDA:83,3,1,0
BRDA:84,4,0,0
BRDA:84,4,1,0
BRDA:85,5,0,0
BRDA:85,5,1,0
BRDA:86,6,0,0
BRDA:86,6,1,0
BRDA:87,7,0,0
BRDA:87,7,1,0
BRDA:88,8,0,0
BRDA:88,8,1,0
BRDA:94,9,0,0
BRDA:94,9,1,0
BRDA:95,10,0,0
BRDA:95,10,1,0
BRDA:96,11,0,0
BRDA:96,11,1,0
BRDA:97,12,0,0
BRDA:97,12,1,0
BRDA:108,13,0,0
BRDA:108,13,1,0
BRDA:119,14,0,0
BRDA:119,14,1,0
BRDA:120,15,0,0
BRDA:120,15,1,0
BRDA:121,16,0,0
BRDA:121,16,1,0
BRDA:122,17,0,0
BRDA:122,17,1,0
BRDA:159,18,0,0
BRDA:159,18,1,0
BRDA:159,19,0,0
BRDA:159,19,1,0
BRDA:164,20,0,0
BRDA:164,20,1,0
BRDA:175,21,0,0
BRDA:175,21,1,0
BRDA:186,22,0,0
BRDA:186,22,1,0
BRDA:198,23,0,0
BRDA:198,23,1,0
BRDA:210,24,0,0
BRDA:210,24,1,0
BRDA:269,25,0,0
BRDA:269,25,1,0
BRDA:270,26,0,0
BRDA:270,26,1,0
BRDA:271,27,0,0
BRDA:271,27,1,0
BRDA:272,28,0,0
BRDA:272,28,1,0
BRDA:281,29,0,0
BRDA:281,29,1,0
BRDA:285,30,0,0
BRDA:285,30,1,0
BRDA:299,31,0,0
BRDA:299,31,1,0
BRDA:310,32,0,0
BRDA:310,32,1,0
BRDA:314,33,0,0
BRDA:314,33,1,0
BRDA:318,34,0,0
BRDA:318,34,1,0
BRDA:335,35,0,0
BRDA:335,35,1,0
BRDA:351,36,0,0
BRDA:351,36,1,0
BRF:74
BRH:0
end_of_record
TN:
SF:components/profile/FanProfileView.tsx
FN:23,(anonymous_0)
FN:39,(anonymous_1)
FN:43,(anonymous_2)
FN:79,(anonymous_3)
FN:94,(anonymous_4)
FN:95,(anonymous_5)
FN:104,(anonymous_6)
FN:105,(anonymous_7)
FN:137,(anonymous_8)
FN:170,(anonymous_9)
FN:198,(anonymous_10)
FN:212,(anonymous_11)
FN:227,(anonymous_12)
FN:240,(anonymous_13)
FNF:14
FNH:0
FNDA:0,(anonymous_0)
FNDA:0,(anonymous_1)
FNDA:0,(anonymous_2)
FNDA:0,(anonymous_3)
FNDA:0,(anonymous_4)
FNDA:0,(anonymous_5)
FNDA:0,(anonymous_6)
FNDA:0,(anonymous_7)
FNDA:0,(anonymous_8)
FNDA:0,(anonymous_9)
FNDA:0,(anonymous_10)
FNDA:0,(anonymous_11)
FNDA:0,(anonymous_12)
FNDA:0,(anonymous_13)
DA:23,0
DA:24,0
DA:25,0
DA:26,0
DA:27,0
DA:32,0
DA:35,0
DA:36,0
DA:37,0
DA:39,0
DA:40,0
DA:43,0
DA:44,0
DA:46,0
DA:47,0
DA:49,0
DA:50,0
DA:51,0
DA:55,0
DA:57,0
DA:58,0
DA:64,0
DA:67,0
DA:68,0
DA:69,0
DA:72,0
DA:73,0
DA:75,0
DA:79,0
DA:80,0
DA:82,0
DA:83,0
DA:88,0
DA:91,0
DA:92,0
DA:94,0
DA:95,0
DA:97,0
DA:101,0
DA:102,0
DA:104,0
DA:105,0
DA:107,0
DA:111,0
DA:112,0
DA:116,0
DA:119,0
DA:126,0
DA:128,0
DA:130,0
DA:131,0
DA:133,0
DA:137,0
DA:138,0
DA:172,0
DA:173,0
DA:174,0
DA:175,0
DA:198,0
DA:199,0
DA:213,0
DA:228,0
DA:240,0
DA:249,0
DA:250,0
DA:258,0
DA:270,0
LF:67
LH:0
BRDA:44,0,0,0
BRDA:44,0,1,0
BRDA:50,1,0,0
BRDA:50,1,1,0
BRDA:57,2,0,0
BRDA:57,2,1,0
BRDA:59,3,0,0
BRDA:59,3,1,0
BRDA:60,4,0,0
BRDA:60,4,1,0
BRDA:61,5,0,0
BRDA:61,5,1,0
BRDA:69,6,0,0
BRDA:69,6,1,0
BRDA:80,7,0,0
BRDA:80,7,1,0
BRDA:91,8,0,0
BRDA:91,8,1,0
BRDA:101,9,0,0
BRDA:101,9,1,0
BRDA:111,10,0,0
BRDA:111,10,1,0
BRDA:120,11,0,0
BRDA:120,11,1,0
BRDA:121,12,0,0
BRDA:121,12,1,0
BRDA:122,13,0,0
BRDA:122,13,1,0
BRDA:174,14,0,0
BRDA:174,14,1,0
BRDA:183,15,0,0
BRDA:183,15,1,0
BRDA:187,16,0,0
BRDA:187,16,1,0
BRDA:201,17,0,0
BRDA:201,17,1,0
BRDA:210,18,0,0
BRDA:210,18,1,0
BRDA:210,19,0,0
BRDA:210,19,1,0
BRDA:225,20,0,0
BRDA:225,20,1,0
BRDA:225,21,0,0
BRDA:225,21,1,0
BRDA:249,22,0,0
BRDA:249,22,1,0
BRDA:265,23,0,0
BRDA:265,23,1,0
BRF:48
BRH:0
end_of_record
TN:
SF:components/profile/ProfileHeader.tsx
FN:48,(anonymous_0)
FN:69,(anonymous_1)
FN:168,(anonymous_2)
FNF:3
FNH:0
FNDA:0,(anonymous_0)
FNDA:0,(anonymous_1)
FNDA:0,(anonymous_2)
DA:48,0
DA:69,0
DA:70,0
DA:71,0
DA:73,0
DA:74,0
DA:76,0
DA:79,0
DA:169,0
DA:231,0
LF:10
LH:0
BRDA:56,0,0,0
BRDA:57,1,0,0
BRDA:58,2,0,0
BRDA:64,3,0,0
BRDA:66,4,0,0
BRDA:70,5,0,0
BRDA:70,5,1,0
BRDA:73,6,0,0
BRDA:73,6,1,0
BRDA:83,7,0,0
BRDA:83,7,1,0
BRDA:110,8,0,0
BRDA:110,8,1,0
BRDA:123,9,0,0
BRDA:123,9,1,0
BRDA:132,10,0,0
BRDA:132,10,1,0
BRDA:141,11,0,0
BRDA:141,11,1,0
BRDA:141,11,2,0
BRDA:148,12,0,0
BRDA:148,12,1,0
BRDA:148,12,2,0
BRDA:155,13,0,0
BRDA:155,13,1,0
BRDA:166,14,0,0
BRDA:166,14,1,0
BRDA:180,15,0,0
BRDA:180,15,1,0
BRDA:196,16,0,0
BRDA:196,16,1,0
BRDA:209,17,0,0
BRDA:209,17,1,0
BRDA:210,18,0,0
BRDA:210,18,1,0
BRF:35
BRH:0
end_of_record
TN:
SF:components/profile/index.ts
FNF:0
FNH:0
LF:0
LH:0
BRF:0
BRH:0
end_of_record
TN:
SF:components/studio/AudioFileUploader.tsx
FN:43,(anonymous_0)
FN:64,(anonymous_1)
FN:65,(anonymous_2)
FN:73,(anonymous_3)
FN:114,(anonymous_4)
FN:132,(anonymous_5)
FN:136,(anonymous_6)
FN:148,(anonymous_7)
FN:163,(anonymous_8)
FN:170,(anonymous_9)
FN:179,(anonymous_10)
FN:198,(anonymous_11)
FN:290,(anonymous_12)
FNF:13
FNH:0
FNDA:0,(anonymous_0)
FNDA:0,(anonymous_1)
FNDA:0,(anonymous_2)
FNDA:0,(anonymous_3)
FNDA:0,(anonymous_4)
FNDA:0,(anonymous_5)
FNDA:0,(anonymous_6)
FNDA:0,(anonymous_7)
FNDA:0,(anonymous_8)
FNDA:0,(anonymous_9)
FNDA:0,(anonymous_10)
FNDA:0,(anonymous_11)
FNDA:0,(anonymous_12)
DA:22,0
DA:34,0
DA:43,0
DA:49,0
DA:50,0
DA:51,0
DA:52,0
DA:53,0
DA:60,0
DA:61,0
DA:64,0
DA:65,0
DA:66,0
DA:67,0
DA:73,0
DA:74,0
DA:75,0
DA:80,0
DA:81,0
DA:82,0
DA:85,0
DA:86,0
DA:89,0
DA:90,0
DA:94,0
DA:97,0
DA:98,0
DA:106,0
DA:108,0
DA:109,0
DA:114,0
DA:115,0
DA:117,0
DA:118,0
DA:122,0
DA:127,0
DA:130,0
DA:131,0
DA:132,0
DA:136,0
DA:137,0
DA:138,0
DA:142,0
DA:143,0
DA:148,0
DA:149,0
DA:151,0
DA:152,0
DA:153,0
DA:155,0
DA:158,0
DA:163,0
DA:164,0
DA:165,0
DA:166,0
DA:170,0
DA:171,0
DA:173,0
DA:174,0
DA:175,0
DA:179,0
DA:180,0
DA:182,0
DA:183,0
DA:185,0
DA:187,0
DA:199,0
DA:203,0
DA:204,0
DA:207,0
DA:213,0
DA:216,0
DA:217,0
DA:219,0
DA:223,0
DA:291,0
DA:292,0
DA:293,0
DA:294,0
DA:295,0
DA:325,0
LF:81
LH:0
BRDA:66,0,0,0
BRDA:66,0,1,0
BRDA:80,1,0,0
BRDA:80,1,1,0
BRDA:89,2,0,0
BRDA:89,2,1,0
BRDA:101,3,0,0
BRDA:101,3,1,0
BRDA:117,4,0,0
BRDA:117,4,1,0
BRDA:130,5,0,0
BRDA:130,5,1,0
BRDA:130,6,0,0
BRDA:130,6,1,0
BRDA:132,7,0,0
BRDA:132,7,1,0
BRDA:137,8,0,0
BRDA:137,8,1,0
BRDA:149,9,0,0
BRDA:149,9,1,0
BRDA:152,10,0,0
BRDA:152,10,1,0
BRDA:164,11,0,0
BRDA:164,11,1,0
BRDA:165,12,0,0
BRDA:165,12,1,0
BRDA:171,13,0,0
BRDA:171,13,1,0
BRDA:180,14,0,0
BRDA:180,14,1,0
BRDA:180,15,0,0
BRDA:180,15,1,0
BRDA:192,16,0,0
BRDA:192,16,1,0
BRDA:203,17,0,0
BRDA:203,17,1,0
BRDA:210,18,0,0
BRDA:210,18,1,0
BRDA:230,19,0,0
BRDA:230,19,1,0
BRDA:265,20,0,0
BRDA:265,20,1,0
BRDA:272,21,0,0
BRDA:272,21,1,0
BRDA:293,22,0,0
BRDA:293,22,1,0
BRF:46
BRH:0
end_of_record
TN:
SF:components/studio/AudioLibrary.tsx
FN:28,(anonymous_0)
FN:53,(anonymous_1)
FN:78,(anonymous_2)
FN:85,(anonymous_3)
FN:86,(anonymous_4)
FN:94,(anonymous_5)
[...]
DA:126,0
DA:128,0
DA:129,0
DA:137,0
DA:147,0
DA:150,0
DA:159,0
DA:161,0
DA:162,0
DA:177,0
DA:180,0
DA:181,0
DA:187,0
DA:199,0
DA:200,0
DA:203,0
DA:206,0
DA:207,0
DA:210,0
DA:213,0
DA:214,0
DA:220,0
DA:223,0
DA:224,0
DA:227,0
DA:230,0
DA:233,0
DA:261,0
DA:263,0
DA:277,0
DA:280,0
DA:281,0
DA:287,0
DA:299,0
DA:300,0
DA:303,0
DA:306,0
DA:307,0
DA:310,0
DA:313,0
DA:314,0
DA:320,0
DA:323,0
DA:324,0
DA:327,0
DA:330,0
DA:333,0
DA:363,0
DA:365,0
DA:378,0
DA:402,0
DA:403,0
DA:405,0
DA:407,0
DA:408,0
DA:411,0
DA:412,0
DA:415,0
DA:418,0
DA:423,0
DA:436,0
DA:437,0
DA:438,0
DA:441,0
DA:449,0
DA:452,0
DA:455,0
DA:458,0
DA:459,0
DA:460,0
DA:461,0
DA:462,0
DA:465,0
DA:466,0
DA:467,0
DA:468,0
DA:469,0
DA:472,0
DA:473,0
DA:474,0
DA:475,0
DA:476,0
DA:479,0
DA:480,0
DA:481,0
DA:482,0
DA:483,0
DA:486,0
DA:487,0
DA:488,0
DA:489,0
DA:490,0
DA:493,0
DA:494,0
DA:495,0
DA:496,0
DA:497,0
DA:500,0
DA:501,0
DA:502,0
DA:504,0
DA:511,0
DA:512,0
DA:514,0
DA:515,0
DA:517,0
DA:525,0
DA:526,0
DA:533,0
DA:534,0
DA:541,0
DA:542,0
DA:544,0
DA:545,0
DA:547,0
DA:555,0
DA:556,0
DA:558,0
DA:559,0
DA:561,0
DA:569,0
LF:140
LH:0
BRDA:56,0,0,0
BRDA:56,0,1,0
BRDA:58,1,0,0
BRDA:58,1,1,0
BRDA:88,2,0,0
BRDA:88,2,1,0
BRDA:91,3,0,0
BRDA:91,3,1,0
BRDA:119,4,0,0
BRDA:119,4,1,0
BRDA:126,5,0,0
BRDA:126,5,1,0
BRDA:128,6,0,0
BRDA:128,6,1,0
BRDA:181,7,0,0
BRDA:181,7,1,0
BRDA:191,8,0,0
BRDA:191,8,1,0
BRDA:192,9,0,0
BRDA:192,9,1,0
BRDA:194,10,0,0
BRDA:194,10,1,0
BRDA:195,11,0,0
BRDA:195,11,1,0
BRDA:200,12,0,0
BRDA:200,12,1,0
BRDA:207,13,0,0
BRDA:207,13,1,0
BRDA:214,14,0,0
BRDA:214,14,1,0
BRDA:224,15,0,0
BRDA:224,15,1,0
BRDA:238,16,0,0
BRDA:238,16,1,0
BRDA:241,17,0,0
BRDA:241,17,1,0
BRDA:281,18,0,0
BRDA:281,18,1,0
BRDA:291,19,0,0
BRDA:291,19,1,0
BRDA:292,20,0,0
BRDA:292,20,1,0
BRDA:294,21,0,0
BRDA:294,21,1,0
BRDA:295,22,0,0
BRDA:295,22,1,0
BRDA:300,23,0,0
BRDA:300,23,1,0
BRDA:307,24,0,0
BRDA:307,24,1,0
BRDA:314,25,0,0
BRDA:314,25,1,0
BRDA:324,26,0,0
BRDA:324,26,1,0
BRDA:338,27,0,0
BRDA:338,27,1,0
BRDA:341,28,0,0
BRDA:341,28,1,0
BRDA:405,29,0,0
BRDA:405,29,1,0
BRDA:411,30,0,0
BRDA:411,30,1,0
BRDA:474,31,0,0
BRDA:474,31,1,0
BRDA:514,32,0,0
BRDA:514,32,1,0
BRDA:530,33,0,0
BRDA:530,33,1,0
BRDA:544,34,0,0
BRDA:544,34,1,0
BRDA:558,35,0,0
BRDA:558,35,1,0
BRF:72
BRH:0
end_of_record
TN:
SF:services/audio/mocks/MockDolbyService.ts
FN:34,(anonymous_0)
FN:38,(anonymous_1)
FN:45,(anonymous_2)
FN:49,(anonymous_3)
FN:54,(anonymous_4)
FN:69,createClient
FNF:6
FNH:0
FNDA:0,(anonymous_0)
FNDA:0,(anonymous_1)
FNDA:0,(anonymous_2)
FNDA:0,(anonymous_3)
FNDA:0,(anonymous_4)
FNDA:0,createClient
DA:35,0
DA:38,0
DA:41,0
DA:45,0
DA:50,0
DA:51,0
DA:54,0
DA:57,0
DA:70,0
DA:71,0
LF:10
LH:0
BRDA:60,0,0,0
BRDA:60,0,1,0
BRF:2
BRH:0
end_of_record
TN:
SF:services/audio/mocks/index.ts
FNF:0
FNH:0
LF:0
LH:0
BRF:0
BRH:0
end_of_record
TN:
SF:services/audio/modules/DeEsserModule.ts
FN:42,(anonymous_0)
FN:52,(anonymous_1)
FN:80,(anonymous_2)
FN:141,(anonymous_3)
FN:229,(anonymous_4)
FN:248,(anonymous_5)
FN:275,(anonymous_6)
FN:285,(anonymous_7)
FN:351,(anonymous_8)
FNF:9
FNH:0
FNDA:0,(anonymous_0)
FNDA:0,(anonymous_1)
FNDA:0,(anonymous_2)
FNDA:0,(anonymous_3)
FNDA:0,(anonymous_4)
FNDA:0,(anonymous_5)
FNDA:0,(anonymous_6)
FNDA:0,(anonymous_7)
FNDA:0,(anonymous_8)
DA:13,0
DA:14,0
DA:15,0
DA:16,0
DA:19,0
DA:20,0
DA:26,0
DA:27,0
DA:28,0
DA:29,0
DA:30,0
DA:33,0
DA:34,0
DA:35,0
DA:36,0
DA:43,0
DA:44,0
DA:45,0
DA:53,0
DA:54,0
DA:58,0
DA:59,0
DA:62,0
DA:63,0
DA:64,0
DA:67,0
DA:68,0
DA:70,0
DA:73,0
DA:81,0
DA:82,0
DA:86,0
DA:87,0
DA:88,0
DA:89,0
DA:90,0
DA:93,0
DA:94,0
DA:95,0
DA:96,0
DA:97,0
DA:98,0
DA:101,0
DA:104,0
DA:107,0
DA:110,0
DA:113,0
DA:116,0
DA:119,0
DA:120,0
DA:123,0
DA:124,0
DA:125,0
DA:126,0
DA:128,0
DA:132,0
DA:133,0
DA:134,0
DA:142,0
DA:143,0
DA:147,0
DA:148,0
DA:149,0
DA:150,0
DA:153,0
DA:154,0
DA:155,0
DA:156,0
DA:159,0
DA:160,0
DA:161,0
DA:162,0
DA:163,0
DA:166,0
DA:167,0
DA:168,0
DA:169,0
DA:170,0
DA:171,0
DA:174,0
DA:177,0
DA:180,0
DA:183,0
DA:186,0
DA:189,0
DA:192,0
DA:195,0
DA:198,0
DA:201,0
DA:204,0
DA:207,0
DA:208,0
DA:211,0
DA:212,0
DA:213,0
DA:214,0
DA:216,0
DA:220,0
DA:221,0
DA:222,0
DA:230,0
DA:231,0
DA:236,0
DA:237,0
DA:240,0
DA:241,0
DA:249,0
DA:251,0
DA:252,0
DA:256,0
DA:258,0
DA:260,0
DA:263,0
DA:264,0
DA:266,0
DA:276,0
DA:287,0
DA:290,0
DA:296,0
DA:297,0
DA:299,0
DA:301,0
DA:303,0
DA:304,0
DA:306,0
DA:310,0
DA:311,0
DA:314,0
DA:315,0
DA:316,0
DA:317,0
DA:320,0
DA:321,0
DA:324,0
DA:325,0
DA:329,0
DA:332,0
DA:333,0
DA:334,0
DA:335,0
DA:336,0
DA:338,0
DA:339,0
DA:352,0
DA:353,0
DA:354,0
LF:146
LH:0
BRDA:43,0,0,0
BRDA:43,0,1,0
BRDA:53,1,0,0
BRDA:53,1,1,0
BRDA:67,2,0,0
BRDA:67,2,1,0
BRDA:81,3,0,0
BRDA:81,3,1,0
BRDA:81,4,0,0
BRDA:81,4,1,0
BRDA:81,4,2,0
BRDA:81,4,3,0
BRDA:81,4,4,0
BRDA:123,5,0,0
BRDA:123,5,1,0
BRDA:142,6,0,0
BRDA:142,6,1,0
BRDA:142,7,0,0
BRDA:142,7,1,0
BRDA:142,7,2,0
BRDA:142,7,3,0
BRDA:142,7,4,0
BRDA:211,8,0,0
BRDA:211,8,1,0
BRDA:230,9,0,0
BRDA:230,9,1,0
BRDA:230,10,0,0
BRDA:230,10,1,0
BRDA:251,11,0,0
BRDA:251,11,1,0
BRDA:251,12,0,0
BRDA:251,12,1,0
BRDA:258,13,0,0
BRDA:258,13,1,0
BRDA:263,14,0,0
BRDA:263,14,1,0
BRDA:287,15,0,0
BRDA:287,15,1,0
BRDA:296,16,0,0
BRDA:296,16,1,0
BRDA:296,17,0,0
BRDA:296,17,1,0
BRDA:299,18,0,0
BRDA:299,18,1,0
BRDA:303,19,0,0
BRDA:303,19,1,0
BRDA:310,20,0,0
BRDA:310,20,1,0
BRDA:314,21,0,0
BRDA:314,21,1,0
BRDA:320,22,0,0
BRDA:320,22,1,0
BRDA:324,23,0,0
BRDA:324,23,1,0
BRDA:332,24,0,0
BRDA:332,24,1,0
BRDA:332,25,0,0
BRDA:332,25,1,0
BRDA:332,25,2,0
BRDA:333,26,0,0
BRDA:333,26,1,0
BRF:61
BRH:0
end_of_record
TN:
SF:services/audio/modules/EqualizerModule.ts
FN:49,(anonymous_0)
FN:59,(anonymous_1)
FN:91,(anonymous_2)
FN:126,(anonymous_3)
FN:208,(anonymous_4)
FN:250,(anonymous_5)
FN:279,(anonymous_6)
FN:308,(anonymous_7)
FN:335,(anonymous_8)
FN:346,(anonymous_9)
FN:381,(anonymous_10)
FN:383,(anonymous_11)
FN:460,(anonymous_12)
FN:497,(anonymous_13)
FN:499,(anonymous_14)
FN:534,(anonymous_15)
FNF:16
FNH:0
FNDA:0,(anonymous_0)
FNDA:0,(anonymous_1)
FNDA:0,(anonymous_2)
FNDA:0,(anonymous_3)
FNDA:0,(anonymous_4)
FNDA:0,(anonymous_5)
FNDA:0,(anonymous_6)
FNDA:0,(anonymous_7)
FNDA:0,(anonymous_8)
FNDA:0,(anonymous_9)
FNDA:0,(anonymous_10)
FNDA:0,(anonymous_11)
FNDA:0,(anonymous_12)
FNDA:0,(anonymous_13)
FNDA:0,(anonymous_14)
FNDA:0,(anonymous_15)
DA:13,0
DA:14,0
DA:15,0
DA:16,0
DA:19,0
DA:20,0
DA:24,0
DA:32,0
DA:42,0
DA:43,0
DA:50,0
DA:51,0
DA:52,0
DA:60,0
DA:61,0
DA:65,0
DA:66,0
DA:69,0
DA:70,0
DA:73,0
DA:74,0
DA:76,0
DA:80,0
DA:81,0
DA:84,0
DA:92,0
DA:93,0
DA:97,0
DA:100,0
DA:102,0
DA:103,0
DA:104,0
DA:107,0
DA:108,0
DA:111,0
DA:112,0
DA:116,0
DA:119,0
DA:127,0
DA:128,0
DA:132,0
DA:135,0
DA:136,0
DA:137,0
DA:138,0
DA:139,0
DA:140,0
DA:143,0
DA:148,0
DA:149,0
DA:150,0
DA:152,0
DA:153,0
DA:154,0
DA:157,0
DA:158,0
DA:160,0
DA:161,0
DA:162,0
DA:165,0
DA:166,0
DA:167,0
DA:169,0
DA:170,0
DA:173,0
DA:174,0
DA:175,0
DA:177,0
DA:178,0
DA:183,0
DA:184,0
DA:189,0
DA:190,0
DA:191,0
DA:192,0
DA:193,0
DA:196,0
DA:199,0
DA:209,0
DA:212,0
DA:213,0
DA:214,0
DA:217,0
DA:219,0
DA:220,0
DA:222,0
DA:223,0
DA:225,0
DA:226,0
DA:228,0
DA:229,0
DA:231,0
DA:232,0
DA:234,0
DA:235,0
DA:237,0
DA:241,0
DA:243,0
DA:253,0
DA:256,0
DA:257,0
DA:261,0
DA:262,0
DA:265,0
DA:266,0
DA:268,0
DA:272,0
DA:280,0
DA:281,0
DA:288,0
DA:289,0
DA:290,0
DA:291,0
DA:297,0
DA:300,0
DA:301,0
DA:309,0
DA:311,0
DA:312,0
DA:316,0
DA:318,0
DA:320,0
DA:323,0
DA:324,0
DA:326,0
DA:336,0
DA:348,0
DA:354,0
DA:355,0
DA:358,0
DA:361,0
DA:362,0
DA:364,0
DA:368,0
DA:369,0
DA:370,0
DA:371,0
DA:383,0
DA:385,0
DA:386,0
DA:390,0
DA:396,0
DA:397,0
DA:398,0
DA:403,0
DA:404,0
DA:405,0
DA:408,0
DA:409,0
DA:412,0
DA:415,0
DA:417,0
DA:418,0
DA:419,0
DA:422,0
DA:424,0
DA:425,0
DA:427,0
DA:428,0
DA:430,0
DA:431,0
DA:433,0
DA:434,0
DA:436,0
DA:437,0
DA:439,0
DA:440,0
DA:442,0
DA:446,0
DA:450,0
DA:451,0
DA:461,0
DA:462,0
DA:468,0
DA:471,0
DA:472,0
DA:475,0
DA:478,0
DA:479,0
DA:481,0
DA:485,0
DA:486,0
DA:490,0
DA:499,0
DA:501,0
DA:502,0
DA:506,0
DA:509,0
DA:510,0
DA:513,0
DA:516,0
DA:517,0
DA:519,0
DA:523,0
DA:524,0
DA:535,0
DA:536,0
DA:537,0
LF:198
LH:0
BRDA:50,0,0,0
BRDA:50,0,1,0
BRDA:60,1,0,0
BRDA:60,1,1,0
BRDA:73,2,0,0
BRDA:73,2,1,0
BRDA:80,3,0,0
BRDA:80,3,1,0
BRDA:92,4,0,0
BRDA:92,4,1,0
BRDA:92,5,0,0
BRDA:92,5,1,0
BRDA:92,5,2,0
BRDA:103,6,0,0
BRDA:103,6,1,0
BRDA:127,7,0,0
BRDA:127,7,1,0
BRDA:127,8,0,0
BRDA:127,8,1,0
BRDA:127,8,2,0
BRDA:161,9,0,0
BRDA:161,9,1,0
BRDA:165,10,0,0
BRDA:165,10,1,0
BRDA:165,11,0,0
BRDA:165,11,1,0
BRDA:173,12,0,0
BRDA:173,12,1,0
BRDA:173,13,0,0
BRDA:173,13,1,0
BRDA:217,14,0,0
BRDA:217,14,1,0
BRDA:217,14,2,0
BRDA:217,14,3,0
BRDA:217,14,4,0
BRDA:217,14,5,0
BRDA:217,14,6,0
BRDA:253,15,0,0
BRDA:253,15,1,0
BRDA:253,15,2,0
BRDA:253,15,3,0
BRDA:253,15,4,0
BRDA:265,16,0,0
BRDA:265,16,1,0
BRDA:265,17,0,0
BRDA:265,17,1,0
BRDA:280,18,0,0
BRDA:280,18,1,0
BRDA:290,19,0,0
BRDA:290,19,1,0
BRDA:311,20,0,0
BRDA:311,20,1,0
BRDA:311,21,0,0
BRDA:311,21,1,0
BRDA:318,22,0,0
BRDA:318,22,1,0
BRDA:323,23,0,0
BRDA:323,23,1,0
BRDA:354,24,0,0
BRDA:354,24,1,0
BRDA:354,25,0,0
BRDA:354,25,1,0
BRDA:361,26,0,0
BRDA:361,26,1,0
BRDA:368,27,0,0
BRDA:368,27,1,0
BRDA:370,28,0,0
BRDA:370,28,1,0
BRDA:385,29,0,0
BRDA:385,29,1,0
BRDA:396,30,0,0
BRDA:396,30,1,0
BRDA:396,31,0,0
BRDA:396,31,1,0
BRDA:403,32,0,0
BRDA:403,32,1,0
BRDA:404,33,0,0
BRDA:404,33,1,0
BRDA:404,34,0,0
BRDA:404,34,1,0
BRDA:408,35,0,0
BRDA:408,35,1,0
BRDA:408,36,0,0
BRDA:408,36,1,0
BRDA:415,37,0,0
BRDA:415,37,1,0
BRDA:422,38,0,0
BRDA:422,38,1,0
BRDA:422,38,2,0
BRDA:422,38,3,0
BRDA:422,38,4,0
BRDA:422,38,5,0
BRDA:422,38,6,0
BRDA:450,39,0,0
BRDA:450,39,1,0
BRDA:471,40,0,0
BRDA:471,40,1,0
BRDA:471,41,0,0
BRDA:471,41,1,0
BRDA:478,42,0,0
BRDA:478,42,1,0
BRDA:485,43,0,0
BRDA:485,43,1,0
BRDA:501,44,0,0
BRDA:501,44,1,0
BRDA:509,45,0,0
BRDA:509,45,1,0
BRDA:509,46,0,0
BRDA:509,46,1,0
BRDA:516,47,0,0
BRDA:516,47,1,0
BRDA:523,48,0,0
BRDA:523,48,1,0
BRF:113
BRH:0
end_of_record
TN:
SF:services/auth/googleAuth.ts
FN:28,(anonymous_0)
FNF:1
FNH:0
FNDA:0,(anonymous_0)
DA:28,0
DA:29,0
DA:30,0
DA:33,0
DA:34,0
DA:38,0
DA:39,0
DA:42,0
DA:43,0
DA:47,0
DA:48,0
DA:49,0
DA:50,0
DA:51,0
DA:52,0
DA:55,0
DA:60,0
DA:61,0
DA:62,0
DA:63,0
DA:64,0
DA:65,0
DA:67,0
DA:70,0
DA:75,0
DA:78,0
DA:79,0
DA:82,0
DA:87,0
DA:88,0
DA:92,0
DA:93,0
DA:94,0
DA:96,0
DA:98,0
DA:99,0
DA:111,0
DA:120,0
DA:123,0
DA:133,0
DA:134,0
LF:41
LH:0
BRDA:28,0,0,0
BRDA:33,1,0,0
BRDA:33,1,1,0
BRDA:50,2,0,0
BRDA:50,2,1,0
BRDA:50,3,0,0
BRDA:50,3,1,0
BRDA:60,4,0,0
BRDA:60,4,1,0
BRDA:70,5,0,0
BRDA:70,5,1,0
BRDA:71,6,0,0
BRDA:71,6,1,0
BRDA:71,6,2,0
BRDA:87,7,0,0
BRDA:87,7,1,0
BRDA:96,8,0,0
BRDA:96,8,1,0
BRDA:116,9,0,0
BRDA:116,9,1,0
BRDA:116,10,0,0
BRDA:116,10,1,0
BRDA:117,11,0,0
BRDA:117,11,1,0
BRDA:117,12,0,0
BRDA:117,12,1,0
BRF:26
BRH:0
end_of_record
TN:
SF:services/firebase/storage.ts
FN:10,(anonymous_0)
FN:31,(anonymous_1)
FN:45,(anonymous_2)
FN:56,(anonymous_3)
FNF:4
FNH:0
FNDA:0,(anonymous_0)
FNDA:0,(anonymous_1)
FNDA:0,(anonymous_2)
FNDA:0,(anonymous_3)
DA:10,0
DA:11,0
DA:12,0
DA:13,0
DA:14,0
DA:16,0
DA:17,0
DA:19,0
DA:21,0
DA:22,0
DA:31,0
DA:32,0
DA:33,0
DA:35,0
DA:36,0
DA:45,0
DA:46,0
DA:47,0
DA:48,0
DA:50,0
DA:51,0
DA:56,0
DA:58,0
LF:23
LH:0
BRDA:10,0,0,0
BRF:1
BRH:0
end_of_record
TN:
SF:src/components/CollaboratorList.tsx
FN:8,(anonymous_0)
FN:11,(anonymous_1)
FNF:2
FNH:0
FNDA:0,(anonymous_0)
FNDA:0,(anonymous_1)
DA:8,0
DA:9,0
DA:12,0
LF:3
LH:0
BRF:0
BRH:0
end_of_record
TN:
SF:src/interfaces/User.ts
FNF:0
FNH:0
LF:0
LH:0
BRF:0
BRH:0
end_of_record
TN:
SF:src/lib/firebase.ts
FNF:0
FNH:0
DA:9,0
DA:22,0
DA:26,0
DA:38,0
DA:47,0
DA:50,0
DA:52,0
DA:54,0
DA:55,0
DA:56,0
DA:58,0
DA:59,0
DA:62,0
DA:64,0
DA:65,0
DA:73,0
DA:74,0
DA:75,0
DA:76,0
DA:78,0
DA:85,0
DA:86,0
DA:88,0
DA:89,0
DA:90,0
DA:93,0
DA:94,0
DA:95,0
DA:98,0
DA:99,0
DA:100,0
DA:104,0
DA:106,0
DA:107,0
DA:108,0
DA:112,0
DA:113,0
LF:37
LH:0
BRDA:22,0,0,0
BRDA:22,0,1,0
BRDA:26,1,0,0
BRDA:26,1,1,0
BRDA:39,2,0,0
BRDA:39,2,1,0
BRDA:44,3,0,0
BRDA:44,3,1,0
BRDA:47,4,0,0
BRDA:47,4,1,0
BRDA:54,5,0,0
BRDA:54,5,1,0
BRDA:79,6,0,0
BRDA:79,6,1,0
BRDA:80,7,0,0
BRDA:80,7,1,0
BRDA:81,8,0,0
BRDA:81,8,1,0
BRDA:85,9,0,0
BRDA:85,9,1,0
BRDA:85,10,0,0
BRDA:85,10,1,0
BRDA:88,11,0,0
BRDA:88,11,1,0
BRDA:93,12,0,0
BRDA:93,12,1,0
BRDA:98,13,0,0
BRDA:98,13,1,0
BRDA:113,14,0,0
BRDA:113,14,1,0
BRF:30
BRH:0
end_of_record
TN:
SF:src/lib/polyfills.js
FN:5,(anonymous_0)
FN:11,(anonymous_1)
FN:18,(anonymous_2)
FN:24,(anonymous_3)
FNF:4
FNH:0
FNDA:0,(anonymous_0)
FNDA:0,(anonymous_1)
FNDA:0,(anonymous_2)
FNDA:0,(anonymous_3)
DA:2,0
DA:4,0
DA:5,0
DA:6,0
DA:10,0
DA:11,0
DA:12,0
DA:15,0
DA:17,0
DA:18,0
DA:19,0
DA:23,0
DA:24,0
DA:25,0
LF:14
LH:0
BRDA:2,0,0,0
BRDA:2,0,1,0
BRDA:4,1,0,0
BRDA:4,1,1,0
BRDA:10,2,0,0
BRDA:10,2,1,0
BRDA:15,3,0,0
BRDA:15,3,1,0
BRDA:17,4,0,0
BRDA:17,4,1,0
BRDA:23,5,0,0
BRDA:23,5,1,0
BRDA:32,6,0,0
BRDA:32,6,1,0
BRDA:33,7,0,0
BRDA:33,7,1,0
BRDA:34,8,0,0
BRDA:34,8,1,0
BRDA:35,9,0,0
BRDA:35,9,1,0
BRF:20
BRH:0
end_of_record
TN:
SF:src/lib/supabase.ts
FNF:0
FNH:0
DA:3,0
DA:4,0
DA:6,0
LF:3
LH:0
BRF:0
BRH:0
end_of_record
TN:
SF:utils/debugging.ts
FN:13,safeToString
FN:38,safeRender
FN:48,safeLog
FN:63,validateObject
FNF:4
FNH:0
FNDA:0,safeToString
FNDA:0,safeRender
FNDA:0,safeLog
FNDA:0,validateObject
DA:14,0
DA:15,0
DA:18,0
DA:19,0
DA:20,0
DA:22,0
DA:23,0
DA:27,0
DA:39,0
DA:49,0
DA:50,0
DA:52,0
DA:64,0
DA:65,0
DA:68,0
DA:70,0
DA:71,0
DA:72,0
DA:76,0
LF:19
LH:0
BRDA:13,0,0,0
BRDA:14,1,0,0
BRDA:14,1,1,0
BRDA:14,2,0,0
BRDA:14,2,1,0
BRDA:18,3,0,0
BRDA:18,3,1,0
BRDA:38,4,0,0
BRDA:49,5,0,0
BRDA:49,5,1,0
BRDA:49,6,0,0
BRDA:49,6,1,0
BRDA:64,7,0,0
BRDA:64,7,1,0
BRDA:64,8,0,0
BRDA:64,8,1,0
BRDA:71,9,0,0
BRDA:71,9,1,0
BRDA:71,10,0,0
BRDA:71,10,1,0
BRF:20
BRH:0
end_of_record
TN:
SF:utils/deviceSimulation.ts
FN:16,(anonymous_0)
FN:34,(anonymous_1)
FN:54,(anonymous_2)
FN:59,(anonymous_3)
FN:69,(anonymous_4)
FN:82,(anonymous_5)
FN:88,(anonymous_6)
FN:96,(anonymous_7)
FN:110,(anonymous_8)
FN:115,(anonymous_9)
FN:121,(anonymous_10)
FN:131,(anonymous_11)
FN:143,(anonymous_12)
FN:154,(anonymous_13)
FNF:14
FNH:0
FNDA:0,(anonymous_0)
FNDA:0,(anonymous_1)
FNDA:0,(anonymous_2)
FNDA:0,(anonymous_3)
FNDA:0,(anonymous_4)
FNDA:0,(anonymous_5)
FNDA:0,(anonymous_6)
FNDA:0,(anonymous_7)
FNDA:0,(anonymous_8)
FNDA:0,(anonymous_9)
FNDA:0,(anonymous_10)
FNDA:0,(anonymous_11)
FNDA:0,(anonymous_12)
FNDA:0,(anonymous_13)
DA:6,0
DA:13,0
DA:16,0
DA:17,0
DA:19,0
DA:20,0
DA:21,0
DA:22,0
DA:23,0
DA:27,0
DA:29,0
DA:34,0
DA:35,0
DA:36,0
DA:39,0
DA:42,0
DA:45,0
DA:47,0
DA:49,0
DA:54,0
DA:55,0
DA:59,0
DA:60,0
DA:61,0
DA:65,0
DA:69,0
DA:72,0
DA:74,0
DA:77,0
DA:78,0
DA:80,0
DA:82,0
DA:83,0
DA:87,0
DA:88,0
DA:92,0
DA:96,0
DA:97,0
DA:103,0
DA:104,0
DA:107,0
DA:110,0
DA:111,0
DA:113,0
DA:115,0
DA:116,0
DA:120,0
DA:121,0
DA:125,0
DA:131,0
DA:134,0
DA:143,0
DA:145,0
DA:154,0
DA:156,0
DA:157,0
DA:160,0
DA:161,0
DA:165,0
LF:59
LH:0
BRDA:20,0,0,0
BRDA:20,0,1,0
BRDA:22,1,0,0
BRDA:22,1,1,0
BRDA:60,2,0,0
BRDA:60,2,1,0
BRDA:72,3,0,0
BRDA:72,3,1,0
BRDA:72,4,0,0
BRDA:72,4,1,0
BRDA:80,5,0,0
BRDA:80,5,1,0
BRDA:87,6,0,0
BRDA:87,6,1,0
BRDA:97,7,0,0
BRDA:97,7,1,0
BRDA:103,8,0,0
BRDA:103,8,1,0
BRDA:113,9,0,0
BRDA:113,9,1,0
BRDA:120,10,0,0
BRDA:120,10,1,0
BRDA:156,11,0,0
BRDA:156,11,1,0
BRDA:156,12,0,0
BRDA:156,12,1,0
BRF:26
BRH:0
end_of_record
TN:
SF:utils/errorDebugger.ts
FN:11,withErrorBoundary
FN:12,(anonymous_1)
FN:27,inspectObject
FN:61,(anonymous_3)
FN:64,(anonymous_4)
FN:79,safePrint
FN:104,debugProps
FN:128,createDebugState
FN:129,(anonymous_8)
FN:143,debugAsync
FN:147,(anonymous_10)
FN:163,withRenderDebugging
FN:164,(anonymous_12)
FN:172,isNetworkError
FN:184,diagnoseNetworkError
FNF:15
FNH:0
FNDA:0,withErrorBoundary
FNDA:0,(anonymous_1)
FNDA:0,inspectObject
FNDA:0,(anonymous_3)
FNDA:0,(anonymous_4)
FNDA:0,safePrint
FNDA:0,debugProps
FNDA:0,createDebugState
FNDA:0,(anonymous_8)
FNDA:0,debugAsync
FNDA:0,(anonymous_10)
FNDA:0,withRenderDebugging
FNDA:0,(anonymous_12)
FNDA:0,isNetworkError
FNDA:0,diagnoseNetworkError
DA:12,0
DA:13,0
DA:14,0
DA:16,0
DA:17,0
DA:28,0
DA:29,0
DA:30,0
DA:31,0
DA:32,0
DA:33,0
DA:34,0
DA:35,0
DA:36,0
DA:37,0
DA:38,0
DA:42,0
DA:43,0
DA:45,0
DA:46,0
DA:47,0
DA:48,0
DA:49,0
DA:51,0
DA:58,0
DA:59,0
DA:60,0
DA:61,0
DA:62,0
DA:64,0
DA:65,0
DA:66,0
DA:70,0
DA:80,0
DA:81,0
DA:84,0
DA:85,0
DA:86,0
DA:89,0
DA:90,0
DA:92,0
DA:96,0
DA:105,0
DA:106,0
DA:107,0
DA:108,0
DA:109,0
DA:110,0
DA:111,0
DA:113,0
DA:116,0
DA:119,0
DA:120,0
DA:129,0
DA:130,0
DA:131,0
DA:132,0
DA:134,0
DA:147,0
DA:148,0
DA:149,0
DA:150,0
DA:151,0
DA:152,0
DA:153,0
DA:155,0
DA:157,0
DA:158,0
DA:164,0
DA:165,0
DA:166,0
DA:167,0
DA:168,0
DA:173,0
DA:174,0
DA:176,0
DA:185,0
DA:186,0
DA:187,0
DA:188,0
DA:189,0
DA:190,0
DA:191,0
DA:192,0
DA:193,0
DA:194,0
DA:195,0
DA:196,0
DA:197,0
DA:198,0
DA:199,0
DA:200,0
DA:201,0
DA:202,0
DA:203,0
DA:204,0
DA:205,0
DA:206,0
DA:207,0
DA:208,0
DA:209,0
DA:210,0
DA:211,0
DA:212,0
DA:214,0
DA:215,0
DA:216,0
DA:217,0
DA:218,0
DA:219,0
DA:220,0
DA:221,0
DA:222,0
DA:224,0
DA:225,0
DA:226,0
LF:116
LH:0
BRDA:11,0,0,0
BRDA:27,1,0,0
BRDA:34,2,0,0
BRDA:34,2,1,0
BRDA:34,3,0,0
BRDA:34,3,1,0
BRDA:34,3,2,0
BRDA:36,4,0,0
BRDA:36,4,1,0
BRDA:37,5,0,0
BRDA:37,5,1,0
BRDA:37,6,0,0
BRDA:37,6,1,0
BRDA:49,7,0,0
BRDA:49,7,1,0
BRDA:49,8,0,0
BRDA:49,8,1,0
BRDA:58,9,0,0
BRDA:58,9,1,0
BRDA:62,10,0,0
BRDA:62,10,1,0
BRDA:62,11,0,0
BRDA:62,11,1,0
BRDA:64,12,0,0
BRDA:64,12,1,0
BRDA:65,13,0,0
BRDA:65,13,1,0
BRDA:79,14,0,0
BRDA:79,15,0,0
BRDA:80,16,0,0
BRDA:80,16,1,0
BRDA:80,17,0,0
BRDA:80,17,1,0
BRDA:84,18,0,0
BRDA:84,18,1,0
BRDA:85,19,0,0
BRDA:85,19,1,0
BRDA:104,20,0,0
BRDA:108,21,0,0
BRDA:108,21,1,0
BRDA:108,22,0,0
BRDA:108,22,1,0
BRDA:109,23,0,0
BRDA:109,23,1,0
BRDA:128,24,0,0
BRDA:131,25,0,0
BRDA:131,25,1,0
BRDA:131,26,0,0
BRDA:131,26,1,0
BRDA:145,27,0,0
BRDA:152,28,0,0
BRDA:152,28,1,0
BRDA:152,29,0,0
BRDA:152,29,1,0
BRDA:163,30,0,0
BRDA:167,31,0,0
BRDA:167,31,1,0
BRDA:167,32,0,0
BRDA:167,32,1,0
BRDA:173,33,0,0
BRDA:173,33,1,0
BRDA:173,34,0,0
BRDA:173,34,1,0
BRDA:177,35,0,0
BRDA:177,35,1,0
BRDA:177,35,2,0
BRDA:177,35,3,0
BRDA:177,35,4,0
BRDA:177,35,5,0
BRDA:177,35,6,0
BRDA:177,35,7,0
BRDA:177,35,8,0
BRDA:188,36,0,0
BRDA:188,36,1,0
BRDA:203,37,0,0
BRDA:203,37,1,0
BRF:76
BRH:0
end_of_record
TN:
SF:utils/formatting.ts
FN:11,formatNumber
FN:43,formatDate
FN:83,formatDuration
FNF:3
FNH:0
FNDA:0,formatNumber
FNDA:0,formatDate
FNDA:0,formatDuration
DA:12,0
DA:15,0
DA:16,0
DA:19,0
DA:21,0
DA:22,0
DA:25,0
DA:26,0
DA:29,0
DA:30,0
DA:34,0
DA:47,0
DA:49,0
DA:51,0
DA:52,0
DA:56,0
DA:57,0
DA:64,0
DA:68,0
DA:75,0
DA:84,0
DA:85,0
DA:88,0
DA:89,0
DA:90,0
DA:93,0
DA:94,0
DA:97,0
LF:28
LH:0
BRDA:11,0,0,0
BRDA:12,1,0,0
BRDA:12,1,1,0
BRDA:12,2,0,0
BRDA:12,2,1,0
BRDA:15,3,0,0
BRDA:15,3,1,0
BRDA:16,4,0,0
BRDA:16,4,1,0
BRDA:21,5,0,0
BRDA:21,5,1,0
BRDA:25,6,0,0
BRDA:25,6,1,0
BRDA:29,7,0,0
BRDA:29,7,1,0
BRDA:45,8,0,0
BRDA:47,9,0,0
BRDA:47,9,1,0
BRDA:49,10,0,0
BRDA:49,10,1,0
BRDA:51,11,0,0
BRDA:51,11,1,0
BRDA:56,12,0,0
BRDA:56,12,1,0
BRDA:61,13,0,0
BRDA:61,13,1,0
BRDA:72,14,0,0
BRDA:72,14,1,0
BRDA:84,15,0,0
BRDA:84,15,1,0
BRDA:84,16,0,0
BRDA:84,16,1,0
BRDA:84,16,2,0
BRDA:93,17,0,0
BRDA:93,17,1,0
BRF:35
BRH:0
end_of_record
TN:
SF:utils/objectDebugger.ts
FN:13,inspectObject
FN:42,(anonymous_1)
FN:62,(anonymous_2)
FNF:3
FNH:0
FNDA:0,inspectObject
FNDA:0,(anonymous_1)
FNDA:0,(anonymous_2)
DA:14,0
DA:17,0
DA:18,0
DA:19,0
DA:20,0
DA:21,0
DA:24,0
DA:25,0
DA:26,0
DA:29,0
DA:30,0
DA:33,0
DA:42,0
DA:43,0
DA:44,0
DA:45,0
DA:46,0
DA:47,0
DA:48,0
DA:49,0
DA:50,0
DA:51,0
DA:53,0
DA:62,0
DA:63,0
DA:64,0
DA:65,0
DA:66,0
DA:68,0
LF:29
LH:0
BRDA:13,0,0,0
BRDA:24,1,0,0
BRDA:24,1,1,0
BRDA:24,2,0,0
BRDA:24,2,1,0
BRDA:24,2,2,0
BRDA:26,3,0,0
BRDA:26,3,1,0
BRDA:29,4,0,0
BRDA:29,4,1,0
BRDA:29,5,0,0
BRDA:29,5,1,0
BRDA:42,6,0,0
BRDA:43,7,0,0
BRDA:43,7,1,0
BRDA:45,8,0,0
BRDA:45,8,1,0
BRDA:45,9,0,0
BRDA:45,9,1,0
BRDA:47,10,0,0
BRDA:47,10,1,0
BRDA:50,11,0,0
BRDA:50,11,1,0
BRDA:50,12,0,0
BRDA:50,12,1,0
BRDA:62,13,0,0
BRDA:63,14,0,0
BRDA:63,14,1,0
BRDA:65,15,0,0
BRDA:65,15,1,0
BRF:30
BRH:0
end_of_record
TN:
SF:utils/shadowStyles.ts
FN:7,(anonymous_0)
FNF:1
FNH:0
FNDA:0,(anonymous_0)
DA:7,0
DA:14,0
DA:16,0
DA:21,0
LF:4
LH:0
BRDA:8,0,0,0
BRDA:9,1,0,0
BRDA:10,2,0,0
BRDA:11,3,0,0
BRDA:12,4,0,0
BRDA:14,5,0,0
BRDA:14,5,1,0
BRF:7
BRH:0
end_of_record
